Side-by-side regression test log - Mon Sep 29 00:13:26 CDT 2025
Stage0: ../build/src/stage0/stage0 transpile
Stage1: ../build/src/stage1/stage1 transpile

Testing pure2-assert-expected-not-null.cpp2
  Stage0 transpile...
Wrote "pure2-assert-expected-not-null_stage0.cpp"
    Stage0 transpile OK
  Stage1 transpile...
./run_side_by_side.sh: line 50: ../build/src/stage1/stage1: No such file or directory
    Stage1 transpile FAILED (expected until implemented)
  Stage0 compile...
pure2-assert-expected-not-null_stage0.cpp:18:22: error: expected unqualified-id
   18 |     auto up = unique.new<int>(1);
      |                      ^
pure2-assert-expected-not-null_stage0.cpp:18:15: error: use of undeclared identifier 'unique'; did you mean 'std::ranges::unique'?
   18 |     auto up = unique.new<int>(1);
      |               ^~~~~~
      |               std::ranges::unique
/Applications/Xcode.app/Contents/Developer/Platforms/MacOSX.platform/Developer/SDKs/MacOSX26.0.sdk/usr/include/c++/v1/__algorithm/ranges_unique.h:68:23: note: 'std::ranges::unique' declared here
   68 | inline constexpr auto unique = __unique{};
      |                       ^
pure2-assert-expected-not-null_stage0.cpp:19:22: error: expected unqualified-id
   19 |     auto sp = shared.new<int>(2);
      |                      ^
pure2-assert-expected-not-null_stage0.cpp:19:15: error: use of undeclared identifier 'shared'
   19 |     auto sp = shared.new<int>(2);
      |               ^
pure2-assert-expected-not-null_stage0.cpp:21:10: error: no member named 'expected' in namespace 'std'
   21 |     std::expected<int, bool> ex = (4);
      |     ~~~~~^
pure2-assert-expected-not-null_stage0.cpp:21:22: error: expected '(' for function-style cast or type construction
   21 |     std::expected<int, bool> ex = (4);
      |                   ~~~^
pure2-assert-expected-not-null_stage0.cpp:22:22: error: invalid argument type 'std::optional<int>' to unary expression
   22 |     return up* + sp* + op* + ex*;
      |                      ^ ~~
pure2-assert-expected-not-null_stage0.cpp:22:33: error: expected expression
   22 |     return up* + sp* + op* + ex*;
      |                                 ^
pure2-assert-expected-not-null_stage0.cpp:22:30: error: use of undeclared identifier 'ex'
   22 |     return up* + sp* + op* + ex*;
      |                              ^
pure2-assert-expected-not-null_stage0.cpp:26:10: error: no member named 'expected' in namespace 'std'
   26 |     std::expected<int, bool> ex = std::unexpected(false);
      |     ~~~~~^
pure2-assert-expected-not-null_stage0.cpp:26:22: error: expected '(' for function-style cast or type construction
   26 |     std::expected<int, bool> ex = std::unexpected(false);
      |                   ~~~^
pure2-assert-expected-not-null_stage0.cpp:27:15: error: expected expression
   27 |     return ex*;
      |               ^
pure2-assert-expected-not-null_stage0.cpp:27:12: error: use of undeclared identifier 'ex'
   27 |     return ex*;
      |            ^
13 errors generated.
    Stage0 compile FAILED

Testing pure2-assert-optional-not-null.cpp2
  Stage0 transpile...
Wrote "pure2-assert-optional-not-null_stage0.cpp"
    Stage0 transpile OK
  Stage1 transpile...
./run_side_by_side.sh: line 50: ../build/src/stage1/stage1: No such file or directory
    Stage1 transpile FAILED (expected until implemented)
  Stage0 compile...
pure2-assert-optional-not-null_stage0.cpp:18:22: error: expected unqualified-id
   18 |     auto up = unique.new<int>(1);
      |                      ^
pure2-assert-optional-not-null_stage0.cpp:18:15: error: use of undeclared identifier 'unique'; did you mean 'std::ranges::unique'?
   18 |     auto up = unique.new<int>(1);
      |               ^~~~~~
      |               std::ranges::unique
/Applications/Xcode.app/Contents/Developer/Platforms/MacOSX.platform/Developer/SDKs/MacOSX26.0.sdk/usr/include/c++/v1/__algorithm/ranges_unique.h:68:23: note: 'std::ranges::unique' declared here
   68 | inline constexpr auto unique = __unique{};
      |                       ^
pure2-assert-optional-not-null_stage0.cpp:19:22: error: expected unqualified-id
   19 |     auto sp = shared.new<int>(2);
      |                      ^
pure2-assert-optional-not-null_stage0.cpp:19:15: error: use of undeclared identifier 'shared'
   19 |     auto sp = shared.new<int>(2);
      |               ^
pure2-assert-optional-not-null_stage0.cpp:21:22: error: invalid argument type 'std::optional<int>' to unary expression
   21 |     return up* + sp* + op*;
      |                      ^ ~~
pure2-assert-optional-not-null_stage0.cpp:21:27: error: expected expression
   21 |     return up* + sp* + op*;
      |                           ^
pure2-assert-optional-not-null_stage0.cpp:26:15: error: expected expression
   26 |     return op*;
      |               ^
7 errors generated.
    Stage0 compile FAILED

Testing pure2-assert-shared-ptr-not-null.cpp2
  Stage0 transpile...
Wrote "pure2-assert-shared-ptr-not-null_stage0.cpp"
    Stage0 transpile OK
  Stage1 transpile...
./run_side_by_side.sh: line 50: ../build/src/stage1/stage1: No such file or directory
    Stage1 transpile FAILED (expected until implemented)
  Stage0 compile...
pure2-assert-shared-ptr-not-null_stage0.cpp:18:22: error: expected unqualified-id
   18 |     auto up = unique.new<int>(1);
      |                      ^
pure2-assert-shared-ptr-not-null_stage0.cpp:18:15: error: use of undeclared identifier 'unique'; did you mean 'std::ranges::unique'?
   18 |     auto up = unique.new<int>(1);
      |               ^~~~~~
      |               std::ranges::unique
/Applications/Xcode.app/Contents/Developer/Platforms/MacOSX.platform/Developer/SDKs/MacOSX26.0.sdk/usr/include/c++/v1/__algorithm/ranges_unique.h:68:23: note: 'std::ranges::unique' declared here
   68 | inline constexpr auto unique = __unique{};
      |                       ^
pure2-assert-shared-ptr-not-null_stage0.cpp:19:22: error: expected unqualified-id
   19 |     auto sp = shared.new<int>(2);
      |                      ^
pure2-assert-shared-ptr-not-null_stage0.cpp:19:15: error: use of undeclared identifier 'shared'
   19 |     auto sp = shared.new<int>(2);
      |               ^
pure2-assert-shared-ptr-not-null_stage0.cpp:21:22: error: invalid argument type 'std::optional<int>' to unary expression
   21 |     return up* + sp* + op*;
      |                      ^ ~~
pure2-assert-shared-ptr-not-null_stage0.cpp:21:27: error: expected expression
   21 |     return up* + sp* + op*;
      |                           ^
pure2-assert-shared-ptr-not-null_stage0.cpp:27:15: error: expected expression
   27 |     return sp*;
      |               ^
7 errors generated.
    Stage0 compile FAILED

Testing pure2-assert-unique-ptr-not-null.cpp2
  Stage0 transpile...
Wrote "pure2-assert-unique-ptr-not-null_stage0.cpp"
    Stage0 transpile OK
  Stage1 transpile...
./run_side_by_side.sh: line 50: ../build/src/stage1/stage1: No such file or directory
    Stage1 transpile FAILED (expected until implemented)
  Stage0 compile...
pure2-assert-unique-ptr-not-null_stage0.cpp:18:22: error: expected unqualified-id
   18 |     auto up = unique.new<int>(1);
      |                      ^
pure2-assert-unique-ptr-not-null_stage0.cpp:18:15: error: use of undeclared identifier 'unique'; did you mean 'std::ranges::unique'?
   18 |     auto up = unique.new<int>(1);
      |               ^~~~~~
      |               std::ranges::unique
/Applications/Xcode.app/Contents/Developer/Platforms/MacOSX.platform/Developer/SDKs/MacOSX26.0.sdk/usr/include/c++/v1/__algorithm/ranges_unique.h:68:23: note: 'std::ranges::unique' declared here
   68 | inline constexpr auto unique = __unique{};
      |                       ^
pure2-assert-unique-ptr-not-null_stage0.cpp:19:22: error: expected unqualified-id
   19 |     auto sp = shared.new<int>(2);
      |                      ^
pure2-assert-unique-ptr-not-null_stage0.cpp:19:15: error: use of undeclared identifier 'shared'
   19 |     auto sp = shared.new<int>(2);
      |               ^
pure2-assert-unique-ptr-not-null_stage0.cpp:21:22: error: invalid argument type 'std::optional<int>' to unary expression
   21 |     return up* + sp* + op*;
      |                      ^ ~~
pure2-assert-unique-ptr-not-null_stage0.cpp:21:27: error: expected expression
   21 |     return up* + sp* + op*;
      |                           ^
pure2-assert-unique-ptr-not-null_stage0.cpp:27:15: error: expected expression
   27 |     return up*;
      |               ^
7 errors generated.
    Stage0 compile FAILED

Testing pure2-bounds-safety-pointer-arithmetic-error.cpp2
  Stage0 transpile...
Error: Unexpected character '~' at 14:14
    Stage0 transpile FAILED
  Stage1 transpile...
./run_side_by_side.sh: line 50: ../build/src/stage1/stage1: No such file or directory
    Stage1 transpile FAILED (expected until implemented)

Testing pure2-bounds-safety-span.cpp2
  Stage0 transpile...
Error: Expected identifier at start of declaration at 13:1
    Stage0 transpile FAILED
  Stage1 transpile...
./run_side_by_side.sh: line 50: ../build/src/stage1/stage1: No such file or directory
    Stage1 transpile FAILED (expected until implemented)

Testing pure2-break-continue.cpp2
  Stage0 transpile...
Error: Expected ':' after identifier at 30:23
    Stage0 transpile FAILED
  Stage1 transpile...
./run_side_by_side.sh: line 50: ../build/src/stage1/stage1: No such file or directory
    Stage1 transpile FAILED (expected until implemented)

Testing pure2-bugfix-for-assert-capture-error.cpp2
  Stage0 transpile...
Wrote "pure2-bugfix-for-assert-capture-error_stage0.cpp"
    Stage0 transpile OK
  Stage1 transpile...
./run_side_by_side.sh: line 50: ../build/src/stage1/stage1: No such file or directory
    Stage1 transpile FAILED (expected until implemented)
  Stage0 compile...
pure2-bugfix-for-assert-capture-error_stage0.cpp:18:17: error: expected ')'
   18 |     assert(10LL as i32 == foo$);
      |                 ^
pure2-bugfix-for-assert-capture-error_stage0.cpp:18:11: note: to match this '('
   18 |     assert(10LL as i32 == foo$);
      |           ^
1 error generated.
    Stage0 compile FAILED

Testing pure2-bugfix-for-assign-expression-list.cpp2
  Stage0 transpile...
Error: Expected ';' after assert at 5:26
    Stage0 transpile FAILED
  Stage1 transpile...
./run_side_by_side.sh: line 50: ../build/src/stage1/stage1: No such file or directory
    Stage1 transpile FAILED (expected until implemented)

Testing pure2-bugfix-for-bad-capture-error.cpp2
  Stage0 transpile...
Wrote "pure2-bugfix-for-bad-capture-error_stage0.cpp"
    Stage0 transpile OK
  Stage1 transpile...
./run_side_by_side.sh: line 50: ../build/src/stage1/stage1: No such file or directory
    Stage1 transpile FAILED (expected until implemented)
  Stage0 compile...
pure2-bugfix-for-bad-capture-error_stage0.cpp:18:17: error: expected ')'
   18 |     assert(10LL as i32 == foo$);
      |                 ^
pure2-bugfix-for-bad-capture-error_stage0.cpp:18:11: note: to match this '('
   18 |     assert(10LL as i32 == foo$);
      |           ^
1 error generated.
    Stage0 compile FAILED

Testing pure2-bugfix-for-bad-decltype-error.cpp2
  Stage0 transpile...
Wrote "pure2-bugfix-for-bad-decltype-error_stage0.cpp"
    Stage0 transpile OK
  Stage1 transpile...
./run_side_by_side.sh: line 50: ../build/src/stage1/stage1: No such file or directory
    Stage1 transpile FAILED (expected until implemented)
  Stage0 compile...
pure2-bugfix-for-bad-decltype-error_stage0.cpp:18:17: error: expected a type
   18 |     auto f = new<int>(0);
      |                 ^
pure2-bugfix-for-bad-decltype-error_stage0.cpp:19:5: error: use of undeclared identifier '_'
   19 |     _ = f is decltype.f);
      |     ^
2 errors generated.
    Stage0 compile FAILED

Testing pure2-bugfix-for-bad-parameter-error.cpp2
  Stage0 transpile...
Error: Expected '(' to start parameter list at 1:8
    Stage0 transpile FAILED
  Stage1 transpile...
./run_side_by_side.sh: line 50: ../build/src/stage1/stage1: No such file or directory
    Stage1 transpile FAILED (expected until implemented)

Testing pure2-bugfix-for-bad-using-error.cpp2
  Stage0 transpile...
Error: Expected ';' after expression at 4:1
    Stage0 transpile FAILED
  Stage1 transpile...
./run_side_by_side.sh: line 50: ../build/src/stage1/stage1: No such file or directory
    Stage1 transpile FAILED (expected until implemented)

Testing pure2-bugfix-for-declaration-equal-error.cpp2
  Stage0 transpile...
Error: Expected '=' before function body at 1:10
    Stage0 transpile FAILED
  Stage1 transpile...
./run_side_by_side.sh: line 50: ../build/src/stage1/stage1: No such file or directory
    Stage1 transpile FAILED (expected until implemented)

Testing pure2-bugfix-for-discard-precedence.cpp2
  Stage0 transpile...
Error: Expected ':' between parameter name and type at 7:12
    Stage0 transpile FAILED
  Stage1 transpile...
./run_side_by_side.sh: line 50: ../build/src/stage1/stage1: No such file or directory
    Stage1 transpile FAILED (expected until implemented)

Testing pure2-bugfix-for-functions-before-superclasses-error.cpp2
  Stage0 transpile...
Error: Expected '(' to start parameter list at 7:9
    Stage0 transpile FAILED
  Stage1 transpile...
./run_side_by_side.sh: line 50: ../build/src/stage1/stage1: No such file or directory
    Stage1 transpile FAILED (expected until implemented)

Testing pure2-bugfix-for-indexed-call.cpp2
  Stage0 transpile...
Wrote "pure2-bugfix-for-indexed-call_stage0.cpp"
    Stage0 transpile OK
  Stage1 transpile...
./run_side_by_side.sh: line 50: ../build/src/stage1/stage1: No such file or directory
    Stage1 transpile FAILED (expected until implemented)
  Stage0 compile...
pure2-bugfix-for-indexed-call_stage0.cpp:21:16: error: no viable conversion from 'auto (i32) -> void' (aka 'auto (int) -> void') to 'std::array<void (*)(int), 1 + sizeof...(_Args)>' (aka 'array<void (*)(int), 1 + sizeof...(_Args)>')
   21 |     std::array array_of_functions = (f, f);
      |                ^                    ~~~~~~
/Applications/Xcode.app/Contents/Developer/Platforms/MacOSX.platform/Developer/SDKs/MacOSX26.0.sdk/usr/include/c++/v1/array:175:29: note: candidate constructor (the implicit copy constructor) not viable: no known conversion from 'auto (i32) -> void' (aka 'auto (int) -> void') to 'const array<void (*)(int), 1> &' for 1st argument
  175 | struct _LIBCPP_TEMPLATE_VIS array {
      |                             ^~~~~
/Applications/Xcode.app/Contents/Developer/Platforms/MacOSX.platform/Developer/SDKs/MacOSX26.0.sdk/usr/include/c++/v1/array:175:29: note: candidate constructor (the implicit move constructor) not viable: no known conversion from 'auto (i32) -> void' (aka 'auto (int) -> void') to 'array<void (*)(int), 1> &&' for 1st argument
  175 | struct _LIBCPP_TEMPLATE_VIS array {
      |                             ^~~~~
pure2-bugfix-for-indexed-call_stage0.cpp:25:5: error: use of undeclared identifier '_'
   25 |     _ = array_of_functions;
      |     ^
pure2-bugfix-for-indexed-call_stage0.cpp:26:5: error: use of undeclared identifier '_'
   26 |     _ = index;
      |     ^
pure2-bugfix-for-indexed-call_stage0.cpp:27:5: error: use of undeclared identifier '_'
   27 |     _ = arguments;
      |     ^
pure2-bugfix-for-indexed-call_stage0.cpp:21:38: warning: left operand of comma operator has no effect [-Wunused-value]
   21 |     std::array array_of_functions = (f, f);
      |                                      ^
1 warning and 4 errors generated.
    Stage0 compile FAILED

Testing pure2-bugfix-for-invalid-alias-error.cpp2
  Stage0 transpile...
Wrote "pure2-bugfix-for-invalid-alias-error_stage0.cpp"
    Stage0 transpile OK
  Stage1 transpile...
./run_side_by_side.sh: line 50: ../build/src/stage1/stage1: No such file or directory
    Stage1 transpile FAILED (expected until implemented)
  Stage0 compile...
pure2-bugfix-for-invalid-alias-error_stage0.cpp:18:5: error: unknown type name 'x'
   18 |     x: requires true == 42;
      |     ^
pure2-bugfix-for-invalid-alias-error_stage0.cpp:18:16: error: expected '{'
   18 |     x: requires true == 42;
      |                ^
      |                {
2 errors generated.
    Stage0 compile FAILED

Testing pure2-bugfix-for-late-comments.cpp2
  Stage0 transpile...
Wrote "pure2-bugfix-for-late-comments_stage0.cpp"
    Stage0 transpile OK
  Stage1 transpile...
./run_side_by_side.sh: line 50: ../build/src/stage1/stage1: No such file or directory
    Stage1 transpile FAILED (expected until implemented)
  Stage0 compile...
pure2-bugfix-for-late-comments_stage0.cpp:18:17: error: invalid use of 'this' outside of a non-static member function
   18 |     operator-: (this, _) -> int = 0;
      |                 ^
pure2-bugfix-for-late-comments_stage0.cpp:18:23: error: use of undeclared identifier '_'
   18 |     operator-: (this, _) -> int = 0;
      |                       ^
pure2-bugfix-for-late-comments_stage0.cpp:18:29: error: expected unqualified-id
   18 |     operator-: (this, _) -> int = 0;
      |                             ^
pure2-bugfix-for-late-comments_stage0.cpp:18:5: error: 'operator-' cannot be the name of a variable or data member
   18 |     operator-: (this, _) -> int = 0;
      |     ^
pure2-bugfix-for-late-comments_stage0.cpp:23:5: error: use of undeclared identifier '_'
   23 |     _ = x;
      |     ^
5 errors generated.
    Stage0 compile FAILED

Testing pure2-bugfix-for-max-munch.cpp2
  Stage0 transpile...
Error: Expected '(' to start parameter list at 1:4
    Stage0 transpile FAILED
  Stage1 transpile...
./run_side_by_side.sh: line 50: ../build/src/stage1/stage1: No such file or directory
    Stage1 transpile FAILED (expected until implemented)

Testing pure2-bugfix-for-memberwise-base-assignment.cpp2
  Stage0 transpile...
Error: Expected ':' after identifier at 3:11
    Stage0 transpile FAILED
  Stage1 transpile...
./run_side_by_side.sh: line 50: ../build/src/stage1/stage1: No such file or directory
    Stage1 transpile FAILED (expected until implemented)

Testing pure2-bugfix-for-naked-unsigned-char-error.cpp2
  Stage0 transpile...
Error: Expected ';' after declaration at 4:1
    Stage0 transpile FAILED
  Stage1 transpile...
./run_side_by_side.sh: line 50: ../build/src/stage1/stage1: No such file or directory
    Stage1 transpile FAILED (expected until implemented)

Testing pure2-bugfix-for-name-lookup-and-value-decoration.cpp2
  Stage0 transpile...
Wrote "pure2-bugfix-for-name-lookup-and-value-decoration_stage0.cpp"
    Stage0 transpile OK
  Stage1 transpile...
./run_side_by_side.sh: line 50: ../build/src/stage1/stage1: No such file or directory
    Stage1 transpile FAILED (expected until implemented)
  Stage0 compile...
pure2-bugfix-for-name-lookup-and-value-decoration_stage0.cpp:17:16: error: expected a type
   17 | auto vals() -> (i : int) {
      |                ^
pure2-bugfix-for-name-lookup-and-value-decoration_stage0.cpp:17:17: error: use of undeclared identifier 'i'
   17 | auto vals() -> (i : int) {
      |                 ^
pure2-bugfix-for-name-lookup-and-value-decoration_stage0.cpp:17:25: error: expected ';' after top level declarator
   17 | auto vals() -> (i : int) {
      |                         ^
      |                         ;
pure2-bugfix-for-name-lookup-and-value-decoration_stage0.cpp:24:5: error: use of undeclared identifier '_'
   24 |     _ = v;
      |     ^
4 errors generated.
    Stage0 compile FAILED

Testing pure2-bugfix-for-namespace-error.cpp2
  Stage0 transpile...
Error: Unexpected character '@' at 1:11
    Stage0 transpile FAILED
  Stage1 transpile...
./run_side_by_side.sh: line 50: ../build/src/stage1/stage1: No such file or directory
    Stage1 transpile FAILED (expected until implemented)

Testing pure2-bugfix-for-non-local-function-expression.cpp2
  Stage0 transpile...
Error: Unexpected character '@' at 9:4
    Stage0 transpile FAILED
  Stage1 transpile...
./run_side_by_side.sh: line 50: ../build/src/stage1/stage1: No such file or directory
    Stage1 transpile FAILED (expected until implemented)

Testing pure2-bugfix-for-non-local-initialization.cpp2
  Stage0 transpile...
Error: Unexpected character '@' at 2:4
    Stage0 transpile FAILED
  Stage1 transpile...
./run_side_by_side.sh: line 50: ../build/src/stage1/stage1: No such file or directory
    Stage1 transpile FAILED (expected until implemented)

Testing pure2-bugfix-for-optional-template-argument-list.cpp2
  Stage0 transpile...
Error: Expected '(' to start parameter list at 1:7
    Stage0 transpile FAILED
  Stage1 transpile...
./run_side_by_side.sh: line 50: ../build/src/stage1/stage1: No such file or directory
    Stage1 transpile FAILED (expected until implemented)

Testing pure2-bugfix-for-out-this-nonconstructor-error.cpp2
  Stage0 transpile...
Error: Unexpected character '@' at 2:10
    Stage0 transpile FAILED
  Stage1 transpile...
./run_side_by_side.sh: line 50: ../build/src/stage1/stage1: No such file or directory
    Stage1 transpile FAILED (expected until implemented)

Testing pure2-bugfix-for-requires-clause-in-forward-declaration.cpp2
  Stage0 transpile...
Error: Expected identifier at start of declaration at 4:1
    Stage0 transpile FAILED
  Stage1 transpile...
./run_side_by_side.sh: line 50: ../build/src/stage1/stage1: No such file or directory
    Stage1 transpile FAILED (expected until implemented)

Testing pure2-bugfix-for-requires-clause-unbraced-function-initializer.cpp2
  Stage0 transpile...
Error: Expected '(' to start parameter list at 1:4
    Stage0 transpile FAILED
  Stage1 transpile...
./run_side_by_side.sh: line 50: ../build/src/stage1/stage1: No such file or directory
    Stage1 transpile FAILED (expected until implemented)

Testing pure2-bugfix-for-template-argument.cpp2
  Stage0 transpile...
Error: Expected identifier at start of declaration at 2:75
    Stage0 transpile FAILED
  Stage1 transpile...
./run_side_by_side.sh: line 50: ../build/src/stage1/stage1: No such file or directory
    Stage1 transpile FAILED (expected until implemented)

Testing pure2-bugfix-for-ufcs-arguments.cpp2
  Stage0 transpile...
Error: Unexpected character ''' at 3:28
    Stage0 transpile FAILED
  Stage1 transpile...
./run_side_by_side.sh: line 50: ../build/src/stage1/stage1: No such file or directory
    Stage1 transpile FAILED (expected until implemented)

Testing pure2-bugfix-for-ufcs-name-lookup.cpp2
  Stage0 transpile...
Error: Unexpected character '@' at 1:11
    Stage0 transpile FAILED
  Stage1 transpile...
./run_side_by_side.sh: line 50: ../build/src/stage1/stage1: No such file or directory
    Stage1 transpile FAILED (expected until implemented)

Testing pure2-bugfix-for-ufcs-noexcept.cpp2
  Stage0 transpile...
Error: Expected identifier at start of declaration at 3:1
    Stage0 transpile FAILED
  Stage1 transpile...
./run_side_by_side.sh: line 50: ../build/src/stage1/stage1: No such file or directory
    Stage1 transpile FAILED (expected until implemented)

Testing pure2-bugfix-for-ufcs-sfinae.cpp2
  Stage0 transpile...
Error: Expected '(' to start parameter list at 1:4
    Stage0 transpile FAILED
  Stage1 transpile...
./run_side_by_side.sh: line 50: ../build/src/stage1/stage1: No such file or directory
    Stage1 transpile FAILED (expected until implemented)

Testing pure2-bugfix-for-unbraced-function-expression.cpp2
  Stage0 transpile...
Error: Expected identifier at start of declaration at 3:1
    Stage0 transpile FAILED
  Stage1 transpile...
./run_side_by_side.sh: line 50: ../build/src/stage1/stage1: No such file or directory
    Stage1 transpile FAILED (expected until implemented)

Testing pure2-bugfix-for-variable-template.cpp2
  Stage0 transpile...
Error: Expected '(' to start parameter list at 1:5
    Stage0 transpile FAILED
  Stage1 transpile...
./run_side_by_side.sh: line 50: ../build/src/stage1/stage1: No such file or directory
    Stage1 transpile FAILED (expected until implemented)

Testing pure2-chained-comparisons.cpp2
  Stage0 transpile...
Error: Expected identifier at start of declaration at 13:9
    Stage0 transpile FAILED
  Stage1 transpile...
./run_side_by_side.sh: line 50: ../build/src/stage1/stage1: No such file or directory
    Stage1 transpile FAILED (expected until implemented)

Testing pure2-concept-definition.cpp2
  Stage0 transpile...
Error: Expected '(' to start parameter list at 1:13
    Stage0 transpile FAILED
  Stage1 transpile...
./run_side_by_side.sh: line 50: ../build/src/stage1/stage1: No such file or directory
    Stage1 transpile FAILED (expected until implemented)

Testing pure2-contracts.cpp2
  Stage0 transpile...
Error: Expected ':' between parameter name and type at 1:32
    Stage0 transpile FAILED
  Stage1 transpile...
./run_side_by_side.sh: line 50: ../build/src/stage1/stage1: No such file or directory
    Stage1 transpile FAILED (expected until implemented)

Testing pure2-cpp1-multitoken-fundamental-types-error.cpp2
  Stage0 transpile...
Error: Unexpected character ''' at 7:33
    Stage0 transpile FAILED
  Stage1 transpile...
./run_side_by_side.sh: line 50: ../build/src/stage1/stage1: No such file or directory
    Stage1 transpile FAILED (expected until implemented)

Testing pure2-cpp1-prefix-expression-error.cpp2
  Stage0 transpile...
Wrote "pure2-cpp1-prefix-expression-error_stage0.cpp"
    Stage0 transpile OK
  Stage1 transpile...
./run_side_by_side.sh: line 50: ../build/src/stage1/stage1: No such file or directory
    Stage1 transpile FAILED (expected until implemented)
  Stage0 compile...
    Stage0 compile OK

Testing pure2-deducing-pointers-error.cpp2
  Stage0 transpile...
Error: Expected parameter name at 1:7
    Stage0 transpile FAILED
  Stage1 transpile...
./run_side_by_side.sh: line 50: ../build/src/stage1/stage1: No such file or directory
    Stage1 transpile FAILED (expected until implemented)

Testing pure2-deduction-1-error.cpp2
  Stage0 transpile...
Error: Expected identifier at start of declaration at 1:28
    Stage0 transpile FAILED
  Stage1 transpile...
./run_side_by_side.sh: line 50: ../build/src/stage1/stage1: No such file or directory
    Stage1 transpile FAILED (expected until implemented)

Testing pure2-deduction-2-error.cpp2
  Stage0 transpile...
Error: Expected '(' to start parameter list at 1:4
    Stage0 transpile FAILED
  Stage1 transpile...
./run_side_by_side.sh: line 50: ../build/src/stage1/stage1: No such file or directory
    Stage1 transpile FAILED (expected until implemented)

Testing pure2-default-arguments.cpp2
  Stage0 transpile...
Error: Expected '=' before function body at 6:54
    Stage0 transpile FAILED
  Stage1 transpile...
./run_side_by_side.sh: line 50: ../build/src/stage1/stage1: No such file or directory
    Stage1 transpile FAILED (expected until implemented)

Testing pure2-defaulted-comparisons-and-final-types.cpp2
  Stage0 transpile...
Error: Expected '(' to start parameter list at 2:9
    Stage0 transpile FAILED
  Stage1 transpile...
./run_side_by_side.sh: line 50: ../build/src/stage1/stage1: No such file or directory
    Stage1 transpile FAILED (expected until implemented)

Testing pure2-enum.cpp2
  Stage0 transpile...
Error: Unexpected character '@' at 2:12
    Stage0 transpile FAILED
  Stage1 transpile...
./run_side_by_side.sh: line 50: ../build/src/stage1/stage1: No such file or directory
    Stage1 transpile FAILED (expected until implemented)

Testing pure2-expected-is-as.cpp2
  Stage0 transpile...
Error: Expected identifier at start of declaration at 15:5
    Stage0 transpile FAILED
  Stage1 transpile...
./run_side_by_side.sh: line 50: ../build/src/stage1/stage1: No such file or directory
    Stage1 transpile FAILED (expected until implemented)

Testing pure2-for-loop-range-with-lambda.cpp2
  Stage0 transpile...
Error: Expected parameter name at 1:9
    Stage0 transpile FAILED
  Stage1 transpile...
./run_side_by_side.sh: line 50: ../build/src/stage1/stage1: No such file or directory
    Stage1 transpile FAILED (expected until implemented)

Testing pure2-forward-return-diagnostics-error.cpp2
  Stage0 transpile...
Error: Expected '(' to start parameter list at 54:9
    Stage0 transpile FAILED
  Stage1 transpile...
./run_side_by_side.sh: line 50: ../build/src/stage1/stage1: No such file or directory
    Stage1 transpile FAILED (expected until implemented)

Testing pure2-forward-return.cpp2
  Stage0 transpile...
Error: Expected parameter name at 2:9
    Stage0 transpile FAILED
  Stage1 transpile...
./run_side_by_side.sh: line 50: ../build/src/stage1/stage1: No such file or directory
    Stage1 transpile FAILED (expected until implemented)

Testing pure2-function-body-reflection.cpp2
  Stage0 transpile...
Error: Unexpected character '@' at 7:7
    Stage0 transpile FAILED
  Stage1 transpile...
./run_side_by_side.sh: line 50: ../build/src/stage1/stage1: No such file or directory
    Stage1 transpile FAILED (expected until implemented)

Testing pure2-function-multiple-forward-arguments.cpp2
  Stage0 transpile...
Error: Expected parameter name at 1:7
    Stage0 transpile FAILED
  Stage1 transpile...
./run_side_by_side.sh: line 50: ../build/src/stage1/stage1: No such file or directory
    Stage1 transpile FAILED (expected until implemented)

Testing pure2-function-single-expression-body-default-return.cpp2
  Stage0 transpile...
Error: Expected identifier at start of declaration at 2:26
    Stage0 transpile FAILED
  Stage1 transpile...
./run_side_by_side.sh: line 50: ../build/src/stage1/stage1: No such file or directory
    Stage1 transpile FAILED (expected until implemented)

Testing pure2-function-typeids.cpp2
  Stage0 transpile...
Error: Expected parameter name at 7:11
    Stage0 transpile FAILED
  Stage1 transpile...
./run_side_by_side.sh: line 50: ../build/src/stage1/stage1: No such file or directory
    Stage1 transpile FAILED (expected until implemented)

Testing pure2-hashable.cpp2
  Stage0 transpile...
Error: Unexpected character '@' at 1:7
    Stage0 transpile FAILED
  Stage1 transpile...
./run_side_by_side.sh: line 50: ../build/src/stage1/stage1: No such file or directory
    Stage1 transpile FAILED (expected until implemented)

Testing pure2-hello.cpp2
  Stage0 transpile...
Error: Expected parameter name at 12:12
    Stage0 transpile FAILED
  Stage1 transpile...
./run_side_by_side.sh: line 50: ../build/src/stage1/stage1: No such file or directory
    Stage1 transpile FAILED (expected until implemented)

Testing pure2-initialization-loop-2-error.cpp2
  Stage0 transpile...
Error: Expected ':' after identifier at 8:11
    Stage0 transpile FAILED
  Stage1 transpile...
./run_side_by_side.sh: line 50: ../build/src/stage1/stage1: No such file or directory
    Stage1 transpile FAILED (expected until implemented)

Testing pure2-initialization-loop-error.cpp2
  Stage0 transpile...
Error: Expected ':' after identifier at 7:7
    Stage0 transpile FAILED
  Stage1 transpile...
./run_side_by_side.sh: line 50: ../build/src/stage1/stage1: No such file or directory
    Stage1 transpile FAILED (expected until implemented)

Testing pure2-initialization-safety-with-else-if.cpp2
  Stage0 transpile...
Error: Expected ':' between parameter name and type at 1:12
    Stage0 transpile FAILED
  Stage1 transpile...
./run_side_by_side.sh: line 50: ../build/src/stage1/stage1: No such file or directory
    Stage1 transpile FAILED (expected until implemented)

Testing pure2-inspect-expression-in-generic-function-multiple-types.cpp2
  Stage0 transpile...
Error: Unexpected character ''' at 26:30
    Stage0 transpile FAILED
  Stage1 transpile...
./run_side_by_side.sh: line 50: ../build/src/stage1/stage1: No such file or directory
    Stage1 transpile FAILED (expected until implemented)

Testing pure2-inspect-expression-with-as-in-generic-function.cpp2
  Stage0 transpile...
Error: Expected identifier at start of declaration at 15:9
    Stage0 transpile FAILED
  Stage1 transpile...
./run_side_by_side.sh: line 50: ../build/src/stage1/stage1: No such file or directory
    Stage1 transpile FAILED (expected until implemented)

Testing pure2-inspect-fallback-with-variant-any-optional.cpp2
  Stage0 transpile...
Error: Expected identifier at start of declaration at 24:9
    Stage0 transpile FAILED
  Stage1 transpile...
./run_side_by_side.sh: line 50: ../build/src/stage1/stage1: No such file or directory
    Stage1 transpile FAILED (expected until implemented)

Testing pure2-inspect-generic-void-empty-with-variant-any-optional.cpp2
  Stage0 transpile...
Error: Expected identifier at start of declaration at 25:9
    Stage0 transpile FAILED
  Stage1 transpile...
./run_side_by_side.sh: line 50: ../build/src/stage1/stage1: No such file or directory
    Stage1 transpile FAILED (expected until implemented)

Testing pure2-interpolation.cpp2
  Stage0 transpile...
Error: Unexpected character '@' at 2:7
    Stage0 transpile FAILED
  Stage1 transpile...
./run_side_by_side.sh: line 50: ../build/src/stage1/stage1: No such file or directory
    Stage1 transpile FAILED (expected until implemented)

Testing pure2-intro-example-hello-2022.cpp2
  Stage0 transpile...
Error: Expected identifier at start of declaration at 9:1
    Stage0 transpile FAILED
  Stage1 transpile...
./run_side_by_side.sh: line 50: ../build/src/stage1/stage1: No such file or directory
    Stage1 transpile FAILED (expected until implemented)

Testing pure2-intro-example-three-loops.cpp2
  Stage0 transpile...
Error: Expected ':' between parameter name and type at 2:10
    Stage0 transpile FAILED
  Stage1 transpile...
./run_side_by_side.sh: line 50: ../build/src/stage1/stage1: No such file or directory
    Stage1 transpile FAILED (expected until implemented)

Testing pure2-is-with-free-functions-predicate.cpp2
  Stage0 transpile...
Error: Unexpected character ''' at 18:9
    Stage0 transpile FAILED
  Stage1 transpile...
./run_side_by_side.sh: line 50: ../build/src/stage1/stage1: No such file or directory
    Stage1 transpile FAILED (expected until implemented)

Testing pure2-is-with-polymorphic-types.cpp2
  Stage0 transpile...
Error: Unexpected character '@' at 3:5
    Stage0 transpile FAILED
  Stage1 transpile...
./run_side_by_side.sh: line 50: ../build/src/stage1/stage1: No such file or directory
    Stage1 transpile FAILED (expected until implemented)

Testing pure2-is-with-unnamed-predicates.cpp2
  Stage0 transpile...
Error: Unexpected character ''' at 18:9
    Stage0 transpile FAILED
  Stage1 transpile...
./run_side_by_side.sh: line 50: ../build/src/stage1/stage1: No such file or directory
    Stage1 transpile FAILED (expected until implemented)

Testing pure2-is-with-variable-and-value.cpp2
  Stage0 transpile...
Error: Unexpected character ''' at 23:67
    Stage0 transpile FAILED
  Stage1 transpile...
./run_side_by_side.sh: line 50: ../build/src/stage1/stage1: No such file or directory
    Stage1 transpile FAILED (expected until implemented)

Testing pure2-last-use.cpp2
  Stage0 transpile...
Error: Unexpected character '@' at 257:14
    Stage0 transpile FAILED
  Stage1 transpile...
./run_side_by_side.sh: line 50: ../build/src/stage1/stage1: No such file or directory
    Stage1 transpile FAILED (expected until implemented)

Testing pure2-lifetime-safety-pointer-init-1-error.cpp2
  Stage0 transpile...
Error: Expected ':' between parameter name and type at 18:23
    Stage0 transpile FAILED
  Stage1 transpile...
./run_side_by_side.sh: line 50: ../build/src/stage1/stage1: No such file or directory
    Stage1 transpile FAILED (expected until implemented)

Testing pure2-lifetime-safety-reject-null-error.cpp2
  Stage0 transpile...
Error: Unexpected character '#' at 2:1
    Stage0 transpile FAILED
  Stage1 transpile...
./run_side_by_side.sh: line 50: ../build/src/stage1/stage1: No such file or directory
    Stage1 transpile FAILED (expected until implemented)

Testing pure2-look-up-parameter-across-unnamed-function.cpp2
  Stage0 transpile...
Error: Expected identifier at start of declaration at 3:26
    Stage0 transpile FAILED
  Stage1 transpile...
./run_side_by_side.sh: line 50: ../build/src/stage1/stage1: No such file or directory
    Stage1 transpile FAILED (expected until implemented)

Testing pure2-main-args.cpp2
  Stage0 transpile...
Error: Expected ':' between parameter name and type at 1:12
    Stage0 transpile FAILED
  Stage1 transpile...
./run_side_by_side.sh: line 50: ../build/src/stage1/stage1: No such file or directory
    Stage1 transpile FAILED (expected until implemented)

Testing pure2-more-wildcards.cpp2
  Stage0 transpile...
Error: Expected ':' between parameter name and type at 2:18
    Stage0 transpile FAILED
  Stage1 transpile...
./run_side_by_side.sh: line 50: ../build/src/stage1/stage1: No such file or directory
    Stage1 transpile FAILED (expected until implemented)

Testing pure2-print.cpp2
  Stage0 transpile...
Error: Unexpected character '@' at 6:8
    Stage0 transpile FAILED
  Stage1 transpile...
./run_side_by_side.sh: line 50: ../build/src/stage1/stage1: No such file or directory
    Stage1 transpile FAILED (expected until implemented)

Testing pure2-range-operators.cpp2
  Stage0 transpile...
Error: Expected ':' after identifier at 11:15
    Stage0 transpile FAILED
  Stage1 transpile...
./run_side_by_side.sh: line 50: ../build/src/stage1/stage1: No such file or directory
    Stage1 transpile FAILED (expected until implemented)

Testing pure2-raw-string-literal-and-interpolation.cpp2
  Stage0 transpile...
Error: Unexpected character '$' at 17:35
    Stage0 transpile FAILED
  Stage1 transpile...
./run_side_by_side.sh: line 50: ../build/src/stage1/stage1: No such file or directory
    Stage1 transpile FAILED (expected until implemented)

Testing pure2-regex_01_char_matcher.cpp2
  Stage0 transpile...
Error: Unexpected character '$' at 5:37
    Stage0 transpile FAILED
  Stage1 transpile...
./run_side_by_side.sh: line 50: ../build/src/stage1/stage1: No such file or directory
    Stage1 transpile FAILED (expected until implemented)

Testing pure2-regex_02_ranges.cpp2
  Stage0 transpile...
Error: Unexpected character '$' at 5:37
    Stage0 transpile FAILED
  Stage1 transpile...
./run_side_by_side.sh: line 50: ../build/src/stage1/stage1: No such file or directory
    Stage1 transpile FAILED (expected until implemented)

Testing pure2-regex_03_wildcard.cpp2
  Stage0 transpile...
Error: Unexpected character '$' at 5:37
    Stage0 transpile FAILED
  Stage1 transpile...
./run_side_by_side.sh: line 50: ../build/src/stage1/stage1: No such file or directory
    Stage1 transpile FAILED (expected until implemented)

Testing pure2-regex_04_start_end.cpp2
  Stage0 transpile...
Error: Unexpected character '$' at 5:37
    Stage0 transpile FAILED
  Stage1 transpile...
./run_side_by_side.sh: line 50: ../build/src/stage1/stage1: No such file or directory
    Stage1 transpile FAILED (expected until implemented)

Testing pure2-regex_05_classes.cpp2
  Stage0 transpile...
Error: Unexpected character '$' at 5:37
    Stage0 transpile FAILED
  Stage1 transpile...
./run_side_by_side.sh: line 50: ../build/src/stage1/stage1: No such file or directory
    Stage1 transpile FAILED (expected until implemented)

Testing pure2-regex_06_boundaries.cpp2
  Stage0 transpile...
Error: Unexpected character '$' at 5:37
    Stage0 transpile FAILED
  Stage1 transpile...
./run_side_by_side.sh: line 50: ../build/src/stage1/stage1: No such file or directory
    Stage1 transpile FAILED (expected until implemented)

Testing pure2-regex_07_short_classes.cpp2
  Stage0 transpile...
Error: Unexpected character '$' at 5:37
    Stage0 transpile FAILED
  Stage1 transpile...
./run_side_by_side.sh: line 50: ../build/src/stage1/stage1: No such file or directory
    Stage1 transpile FAILED (expected until implemented)

Testing pure2-regex_08_alternatives.cpp2
  Stage0 transpile...
Error: Unexpected character '$' at 5:37
    Stage0 transpile FAILED
  Stage1 transpile...
./run_side_by_side.sh: line 50: ../build/src/stage1/stage1: No such file or directory
    Stage1 transpile FAILED (expected until implemented)

Testing pure2-regex_09_groups.cpp2
  Stage0 transpile...
Error: Unexpected character '$' at 5:37
    Stage0 transpile FAILED
  Stage1 transpile...
./run_side_by_side.sh: line 50: ../build/src/stage1/stage1: No such file or directory
    Stage1 transpile FAILED (expected until implemented)

Testing pure2-regex_10_escapes.cpp2
  Stage0 transpile...
Error: Unexpected character '$' at 5:37
    Stage0 transpile FAILED
  Stage1 transpile...
./run_side_by_side.sh: line 50: ../build/src/stage1/stage1: No such file or directory
    Stage1 transpile FAILED (expected until implemented)

Testing pure2-regex_11_group_references.cpp2
  Stage0 transpile...
Error: Unexpected character '$' at 5:37
    Stage0 transpile FAILED
  Stage1 transpile...
./run_side_by_side.sh: line 50: ../build/src/stage1/stage1: No such file or directory
    Stage1 transpile FAILED (expected until implemented)

Testing pure2-regex_12_case_insensitive.cpp2
  Stage0 transpile...
Error: Unexpected character '$' at 5:37
    Stage0 transpile FAILED
  Stage1 transpile...
./run_side_by_side.sh: line 50: ../build/src/stage1/stage1: No such file or directory
    Stage1 transpile FAILED (expected until implemented)

Testing pure2-regex_13_possessive_modifier.cpp2
  Stage0 transpile...
Error: Unexpected character '$' at 5:37
    Stage0 transpile FAILED
  Stage1 transpile...
./run_side_by_side.sh: line 50: ../build/src/stage1/stage1: No such file or directory
    Stage1 transpile FAILED (expected until implemented)

Testing pure2-regex_14_multiline_modifier.cpp2
  Stage0 transpile...
Error: Unexpected character '$' at 5:37
    Stage0 transpile FAILED
  Stage1 transpile...
./run_side_by_side.sh: line 50: ../build/src/stage1/stage1: No such file or directory
    Stage1 transpile FAILED (expected until implemented)

Testing pure2-regex_15_group_modifiers.cpp2
  Stage0 transpile...
Error: Unexpected character '$' at 5:37
    Stage0 transpile FAILED
  Stage1 transpile...
./run_side_by_side.sh: line 50: ../build/src/stage1/stage1: No such file or directory
    Stage1 transpile FAILED (expected until implemented)

Testing pure2-regex_16_perl_syntax_modifier.cpp2
  Stage0 transpile...
Error: Unexpected character '$' at 5:37
    Stage0 transpile FAILED
  Stage1 transpile...
./run_side_by_side.sh: line 50: ../build/src/stage1/stage1: No such file or directory
    Stage1 transpile FAILED (expected until implemented)

Testing pure2-regex_17_comments.cpp2
  Stage0 transpile...
Error: Unexpected character '$' at 5:37
    Stage0 transpile FAILED
  Stage1 transpile...
./run_side_by_side.sh: line 50: ../build/src/stage1/stage1: No such file or directory
    Stage1 transpile FAILED (expected until implemented)

Testing pure2-regex_18_branch_reset.cpp2
  Stage0 transpile...
Error: Unexpected character '$' at 5:37
    Stage0 transpile FAILED
  Stage1 transpile...
./run_side_by_side.sh: line 50: ../build/src/stage1/stage1: No such file or directory
    Stage1 transpile FAILED (expected until implemented)

Testing pure2-regex_19_lookahead.cpp2
  Stage0 transpile...
Error: Unexpected character '$' at 5:37
    Stage0 transpile FAILED
  Stage1 transpile...
./run_side_by_side.sh: line 50: ../build/src/stage1/stage1: No such file or directory
    Stage1 transpile FAILED (expected until implemented)

Testing pure2-regex_21_atomic_patterns.cpp2
  Stage0 transpile...
Error: Unexpected character '$' at 5:37
    Stage0 transpile FAILED
  Stage1 transpile...
./run_side_by_side.sh: line 50: ../build/src/stage1/stage1: No such file or directory
    Stage1 transpile FAILED (expected until implemented)

Testing pure2-regex-general.cpp2
  Stage0 transpile...
Error: Unexpected character '@' at 1:21
    Stage0 transpile FAILED
  Stage1 transpile...
./run_side_by_side.sh: line 50: ../build/src/stage1/stage1: No such file or directory
    Stage1 transpile FAILED (expected until implemented)

Testing pure2-repeated-call.cpp2
  Stage0 transpile...
Wrote "pure2-repeated-call_stage0.cpp"
    Stage0 transpile OK
  Stage1 transpile...
./run_side_by_side.sh: line 50: ../build/src/stage1/stage1: No such file or directory
    Stage1 transpile FAILED (expected until implemented)
  Stage0 compile...
pure2-repeated-call_stage0.cpp:17:14: error: unknown type name '_'
   17 | auto f0() -> _ {
      |              ^
pure2-repeated-call_stage0.cpp:21:14: error: unknown type name '_'
   21 | auto f1() -> _ {
      |              ^
pure2-repeated-call_stage0.cpp:25:14: error: unknown type name '_'
   25 | auto f2() -> _ {
      |              ^
pure2-repeated-call_stage0.cpp:29:14: error: unknown type name '_'
   29 | auto f3() -> _ {
      |              ^
pure2-repeated-call_stage0.cpp:33:14: error: unknown type name '_'
   33 | auto f4() -> _ {
      |              ^
5 errors generated.
    Stage0 compile FAILED

Testing pure2-requires-clauses.cpp2
  Stage0 transpile...
Error: Expected '(' to start parameter list at 2:5
    Stage0 transpile FAILED
  Stage1 transpile...
./run_side_by_side.sh: line 50: ../build/src/stage1/stage1: No such file or directory
    Stage1 transpile FAILED (expected until implemented)

Testing pure2-return-tuple-no-identifier-error.cpp2
  Stage0 transpile...
Error: Expected identifier at start of declaration at 1:28
    Stage0 transpile FAILED
  Stage1 transpile...
./run_side_by_side.sh: line 50: ../build/src/stage1/stage1: No such file or directory
    Stage1 transpile FAILED (expected until implemented)

Testing pure2-return-tuple-no-type-error.cpp2
  Stage0 transpile...
Error: Expected identifier at start of declaration at 1:24
    Stage0 transpile FAILED
  Stage1 transpile...
./run_side_by_side.sh: line 50: ../build/src/stage1/stage1: No such file or directory
    Stage1 transpile FAILED (expected until implemented)

Testing pure2-return-tuple-operator.cpp2
  Stage0 transpile...
Error: Expected ':' after identifier at 8:13
    Stage0 transpile FAILED
  Stage1 transpile...
./run_side_by_side.sh: line 50: ../build/src/stage1/stage1: No such file or directory
    Stage1 transpile FAILED (expected until implemented)

Testing pure2-statement-parse-error.cpp2
  Stage0 transpile...
Wrote "pure2-statement-parse-error_stage0.cpp"
    Stage0 transpile OK
  Stage1 transpile...
./run_side_by_side.sh: line 50: ../build/src/stage1/stage1: No such file or directory
    Stage1 transpile FAILED (expected until implemented)
  Stage0 compile...
Undefined symbols for architecture arm64:
  "_main", referenced from:
      <initial-undefines>
ld: symbol(s) not found for architecture arm64
clang++: error: linker command failed with exit code 1 (use -v to see invocation)
    Stage0 compile FAILED

Testing pure2-statement-scope-parameters.cpp2
  Stage0 transpile...
Error: Expected ':' between parameter name and type at 2:12
    Stage0 transpile FAILED
  Stage1 transpile...
./run_side_by_side.sh: line 50: ../build/src/stage1/stage1: No such file or directory
    Stage1 transpile FAILED (expected until implemented)

Testing pure2-stdio-with-raii.cpp2
  Stage0 transpile...
Wrote "pure2-stdio-with-raii_stage0.cpp"
    Stage0 transpile OK
  Stage1 transpile...
./run_side_by_side.sh: line 50: ../build/src/stage1/stage1: No such file or directory
    Stage1 transpile FAILED (expected until implemented)
  Stage0 compile...
pure2-stdio-with-raii_stage0.cpp:19:19: error: use of undeclared identifier 'cpp2'
   19 |     auto myfile = cpp2::fopen("xyzzy", "w");
      |                   ^
pure2-stdio-with-raii_stage0.cpp:20:5: error: use of undeclared identifier '_'
   20 |     _ = myfile.fprintf( "Hello %s with UFCS!", s.c_str() );
      |     ^
2 errors generated.
    Stage0 compile FAILED

Testing pure2-stdio.cpp2
  Stage0 transpile...
Wrote "pure2-stdio_stage0.cpp"
    Stage0 transpile OK
  Stage1 transpile...
./run_side_by_side.sh: line 50: ../build/src/stage1/stage1: No such file or directory
    Stage1 transpile FAILED (expected until implemented)
  Stage0 compile...
pure2-stdio_stage0.cpp:20:5: error: use of undeclared identifier '_'
   20 |     _ = myfile.fprintf( "Hello %s with UFCS!", s.c_str() );
      |     ^
pure2-stdio_stage0.cpp:20:15: error: member reference type 'FILE *' (aka '__sFILE *') is a pointer; did you mean to use '->'?
   20 |     _ = myfile.fprintf( "Hello %s with UFCS!", s.c_str() );
      |         ~~~~~~^
      |               ->
pure2-stdio_stage0.cpp:20:16: error: no member named 'fprintf' in '__sFILE'
   20 |     _ = myfile.fprintf( "Hello %s with UFCS!", s.c_str() );
      |         ~~~~~~ ^
pure2-stdio_stage0.cpp:21:5: error: use of undeclared identifier '_'
   21 |     _ = myfile.fclose();
      |     ^
pure2-stdio_stage0.cpp:21:15: error: member reference type 'FILE *' (aka '__sFILE *') is a pointer; did you mean to use '->'?
   21 |     _ = myfile.fclose();
      |         ~~~~~~^
      |               ->
pure2-stdio_stage0.cpp:21:16: error: no member named 'fclose' in '__sFILE'
   21 |     _ = myfile.fclose();
      |         ~~~~~~ ^
6 errors generated.
    Stage0 compile FAILED

Testing pure2-synthesize-rightshift-and-rightshifteq.cpp2
  Stage0 transpile...
Wrote "pure2-synthesize-rightshift-and-rightshifteq_stage0.cpp"
    Stage0 transpile OK
  Stage1 transpile...
./run_side_by_side.sh: line 50: ../build/src/stage1/stage1: No such file or directory
    Stage1 transpile FAILED (expected until implemented)
  Stage0 compile...
    Stage0 compile OK

Testing pure2-template-parameter-lists.cpp2
  Stage0 transpile...
Error: Expected '(' to start parameter list at 2:5
    Stage0 transpile FAILED
  Stage1 transpile...
./run_side_by_side.sh: line 50: ../build/src/stage1/stage1: No such file or directory
    Stage1 transpile FAILED (expected until implemented)

Testing pure2-trailing-comma-assert.cpp2
  Stage0 transpile...
Wrote "pure2-trailing-comma-assert_stage0.cpp"
    Stage0 transpile OK
  Stage1 transpile...
./run_side_by_side.sh: line 50: ../build/src/stage1/stage1: No such file or directory
    Stage1 transpile FAILED (expected until implemented)
  Stage0 compile...
pure2-trailing-comma-assert_stage0.cpp:18:49: error: expected expression
   18 |     assert(true, "some_potentially_long_string",);
      |                                                 ^
1 error generated.
    Stage0 compile FAILED

Testing pure2-trailing-commas.cpp2
  Stage0 transpile...
Error: Unexpected character '@' at 9:7
    Stage0 transpile FAILED
  Stage1 transpile...
./run_side_by_side.sh: line 50: ../build/src/stage1/stage1: No such file or directory
    Stage1 transpile FAILED (expected until implemented)

Testing pure2-type-and-namespace-aliases.cpp2
  Stage0 transpile...
Error: Expected '(' to start parameter list at 2:4
    Stage0 transpile FAILED
  Stage1 transpile...
./run_side_by_side.sh: line 50: ../build/src/stage1/stage1: No such file or directory
    Stage1 transpile FAILED (expected until implemented)

Testing pure2-type-constraints.cpp2
  Stage0 transpile...
Error: Expected ':' between parameter name and type at 6:10
    Stage0 transpile FAILED
  Stage1 transpile...
./run_side_by_side.sh: line 50: ../build/src/stage1/stage1: No such file or directory
    Stage1 transpile FAILED (expected until implemented)

Testing pure2-type-safety-1.cpp2
  Stage0 transpile...
Error: Expected ':' between parameter name and type at 32:18
    Stage0 transpile FAILED
  Stage1 transpile...
./run_side_by_side.sh: line 50: ../build/src/stage1/stage1: No such file or directory
    Stage1 transpile FAILED (expected until implemented)

Testing pure2-type-safety-2-with-inspect-expression.cpp2
  Stage0 transpile...
Error: Expected identifier at start of declaration at 28:9
    Stage0 transpile FAILED
  Stage1 transpile...
./run_side_by_side.sh: line 50: ../build/src/stage1/stage1: No such file or directory
    Stage1 transpile FAILED (expected until implemented)

Testing pure2-types-basics.cpp2
  Stage0 transpile...
Error: Expected '(' to start parameter list at 2:4
    Stage0 transpile FAILED
  Stage1 transpile...
./run_side_by_side.sh: line 50: ../build/src/stage1/stage1: No such file or directory
    Stage1 transpile FAILED (expected until implemented)

Testing pure2-types-down-upcast.cpp2
  Stage0 transpile...
Error: Expected parameter name at 5:12
    Stage0 transpile FAILED
  Stage1 transpile...
./run_side_by_side.sh: line 50: ../build/src/stage1/stage1: No such file or directory
    Stage1 transpile FAILED (expected until implemented)

Testing pure2-types-inheritance.cpp2
  Stage0 transpile...
Error: Unexpected character '@' at 2:8
    Stage0 transpile FAILED
  Stage1 transpile...
./run_side_by_side.sh: line 50: ../build/src/stage1/stage1: No such file or directory
    Stage1 transpile FAILED (expected until implemented)

Testing pure2-types-order-independence-and-nesting.cpp2
  Stage0 transpile...
Error: Expected '(' to start parameter list at 2:4
    Stage0 transpile FAILED
  Stage1 transpile...
./run_side_by_side.sh: line 50: ../build/src/stage1/stage1: No such file or directory
    Stage1 transpile FAILED (expected until implemented)

Testing pure2-types-ordering-via-meta-functions.cpp2
  Stage0 transpile...
Error: Unexpected character '@' at 2:13
    Stage0 transpile FAILED
  Stage1 transpile...
./run_side_by_side.sh: line 50: ../build/src/stage1/stage1: No such file or directory
    Stage1 transpile FAILED (expected until implemented)

Testing pure2-types-smf-and-that-1-provide-everything.cpp2
  Stage0 transpile...
Error: Expected ':' after identifier at 8:13
    Stage0 transpile FAILED
  Stage1 transpile...
./run_side_by_side.sh: line 50: ../build/src/stage1/stage1: No such file or directory
    Stage1 transpile FAILED (expected until implemented)

Testing pure2-types-smf-and-that-2-provide-mvconstruct-and-cpassign.cpp2
  Stage0 transpile...
Error: Expected ':' after identifier at 8:13
    Stage0 transpile FAILED
  Stage1 transpile...
./run_side_by_side.sh: line 50: ../build/src/stage1/stage1: No such file or directory
    Stage1 transpile FAILED (expected until implemented)

Testing pure2-types-smf-and-that-3-provide-mvconstruct-and-mvassign.cpp2
  Stage0 transpile...
Error: Expected ':' after identifier at 8:13
    Stage0 transpile FAILED
  Stage1 transpile...
./run_side_by_side.sh: line 50: ../build/src/stage1/stage1: No such file or directory
    Stage1 transpile FAILED (expected until implemented)

Testing pure2-types-smf-and-that-4-provide-cpassign-and-mvassign.cpp2
  Stage0 transpile...
Error: Expected ':' after identifier at 13:13
    Stage0 transpile FAILED
  Stage1 transpile...
./run_side_by_side.sh: line 50: ../build/src/stage1/stage1: No such file or directory
    Stage1 transpile FAILED (expected until implemented)

Testing pure2-types-smf-and-that-5-provide-nothing-but-general-case.cpp2
  Stage0 transpile...
Error: Expected ':' after identifier at 22:13
    Stage0 transpile FAILED
  Stage1 transpile...
./run_side_by_side.sh: line 50: ../build/src/stage1/stage1: No such file or directory
    Stage1 transpile FAILED (expected until implemented)

Testing pure2-types-that-parameters.cpp2
  Stage0 transpile...
Error: Expected ':' after identifier at 6:13
    Stage0 transpile FAILED
  Stage1 transpile...
./run_side_by_side.sh: line 50: ../build/src/stage1/stage1: No such file or directory
    Stage1 transpile FAILED (expected until implemented)

Testing pure2-types-value-types-via-meta-functions.cpp2
  Stage0 transpile...
Error: Unexpected character '@' at 2:9
    Stage0 transpile FAILED
  Stage1 transpile...
./run_side_by_side.sh: line 50: ../build/src/stage1/stage1: No such file or directory
    Stage1 transpile FAILED (expected until implemented)

Testing pure2-ufcs-member-access-and-chaining.cpp2
  Stage0 transpile...
Error: Expected ':' between parameter name and type at 29:14
    Stage0 transpile FAILED
  Stage1 transpile...
./run_side_by_side.sh: line 50: ../build/src/stage1/stage1: No such file or directory
    Stage1 transpile FAILED (expected until implemented)

Testing pure2-union.cpp2
  Stage0 transpile...
Error: Unexpected character '@' at 2:17
    Stage0 transpile FAILED
  Stage1 transpile...
./run_side_by_side.sh: line 50: ../build/src/stage1/stage1: No such file or directory
    Stage1 transpile FAILED (expected until implemented)

Testing pure2-unsafe.cpp2
  Stage0 transpile...
Error: Expected parameter name at 2:13
    Stage0 transpile FAILED
  Stage1 transpile...
./run_side_by_side.sh: line 50: ../build/src/stage1/stage1: No such file or directory
    Stage1 transpile FAILED (expected until implemented)

Testing pure2-variadics.cpp2
  Stage0 transpile...
Error: Unexpected character '@' at 16:5
    Stage0 transpile FAILED
  Stage1 transpile...
./run_side_by_side.sh: line 50: ../build/src/stage1/stage1: No such file or directory
    Stage1 transpile FAILED (expected until implemented)

Testing pure2-various-string-literals.cpp2
  Stage0 transpile...
Error: Unterminated string literal
    Stage0 transpile FAILED
  Stage1 transpile...
./run_side_by_side.sh: line 50: ../build/src/stage1/stage1: No such file or directory
    Stage1 transpile FAILED (expected until implemented)

Total tests: 136
Stage0 successful: 2
Stage1 successful: 0
Both successful: 0
Post-processing for graph nodes...
Parsed 136 test entries
Outputs written to tools/stage1
