TN:
SF:/Applications/Xcode.app/Contents/Developer/Platforms/MacOSX.platform/Developer/SDKs/MacOSX26.2.sdk/usr/include/_ctype.h
FNL:0,140,142
FNA:0,596,_Z7isasciii
FNL:1,158,164
FNA:1,596,_Z8__istypeim
FNL:2,169,175
FNA:2,193,_Z9__isctypeim
FNL:3,217,219
FNA:3,321,_Z7isalnumi
FNL:4,223,225
FNA:4,179,_Z7isalphai
FNL:5,242,244
FNA:5,193,_Z7isdigiti
FNL:6,272,274
FNA:6,96,_Z7isspacei
FNF:7
FNH:7
DA:140,596
DA:142,596
DA:158,596
DA:163,596
DA:164,0
DA:169,193
DA:174,193
DA:175,193
DA:217,321
DA:219,321
DA:223,179
DA:225,179
DA:242,193
DA:244,193
DA:272,96
DA:274,96
LF:16
LH:15
end_of_record
TN:
SF:/Users/jim/work/cppfort/Cpp2FIROps.cpp.inc
FNL:0,1003
FNA:0,0,_ZN4mlir7cpp2fir8AssertOp8setAuditEb
FNL:1,1011
FNA:1,0,_ZN4mlir7cpp2fir8AssertOp5buildERNS_9OpBuilderERNS_14OperationStateENS_5ValueENS_10StringAttrENS_9ArrayAttrENS_8UnitAttrE
FNL:2,102
FNA:2,48,_ZN4mlir7cpp2firL48__mlir_ods_local_attr_constraint_Cpp2FIRDialect2EPNS_9OperationENS_9AttributeEN4llvm9StringRefE
FNL:3,1024
FNA:3,0,_ZN4mlir7cpp2fir8AssertOp6createERNS_9OpBuilderENS_8LocationENS_5ValueENS_10StringAttrENS_9ArrayAttrENS_8UnitAttrE
FNL:4,1032
FNA:4,0,_ZN4mlir7cpp2fir8AssertOp6createERNS_20ImplicitLocOpBuilderENS_5ValueENS_10StringAttrENS_9ArrayAttrENS_8UnitAttrE
FNL:5,1036
FNA:5,0,_ZN4mlir7cpp2fir8AssertOp5buildERNS_9OpBuilderERNS_14OperationStateENS_9TypeRangeENS_5ValueENS_10StringAttrENS_9ArrayAttrENS_8UnitAttrE
FNL:6,104
FNA:6,0,_ZZN4mlir7cpp2firL48__mlir_ods_local_attr_constraint_Cpp2FIRDialect2EPNS_9OperationENS_9AttributeEN4llvm9StringRefEENK3$_0clEv
FNL:7,1051
FNA:7,0,_ZN4mlir7cpp2fir8AssertOp6createERNS_9OpBuilderENS_8LocationENS_9TypeRangeENS_5ValueENS_10StringAttrENS_9ArrayAttrENS_8UnitAttrE
FNL:8,1059
FNA:8,0,_ZN4mlir7cpp2fir8AssertOp6createERNS_20ImplicitLocOpBuilderENS_9TypeRangeENS_5ValueENS_10StringAttrENS_9ArrayAttrENS_8UnitAttrE
FNL:9,1063
FNA:9,0,_ZN4mlir7cpp2fir8AssertOp5buildERNS_9OpBuilderERNS_14OperationStateENS_5ValueENS_10StringAttrENS_9ArrayAttrEb
FNL:10,1076
FNA:10,0,_ZN4mlir7cpp2fir8AssertOp6createERNS_9OpBuilderENS_8LocationENS_5ValueENS_10StringAttrENS_9ArrayAttrEb
FNL:11,1084
FNA:11,0,_ZN4mlir7cpp2fir8AssertOp6createERNS_20ImplicitLocOpBuilderENS_5ValueENS_10StringAttrENS_9ArrayAttrEb
FNL:12,1088
FNA:12,0,_ZN4mlir7cpp2fir8AssertOp5buildERNS_9OpBuilderERNS_14OperationStateENS_9TypeRangeENS_5ValueENS_10StringAttrENS_9ArrayAttrEb
FNL:13,109
FNA:13,0,_ZN4mlir7cpp2firL48__mlir_ods_local_attr_constraint_Cpp2FIRDialect3ENS_9AttributeEN4llvm9StringRefENS2_12function_refIFNS_18InFlightDiagnosticEvEEE
FNL:14,1103
FNA:14,0,_ZN4mlir7cpp2fir8AssertOp6createERNS_9OpBuilderENS_8LocationENS_9TypeRangeENS_5ValueENS_10StringAttrENS_9ArrayAttrEb
FNL:15,1111
FNA:15,0,_ZN4mlir7cpp2fir8AssertOp6createERNS_20ImplicitLocOpBuilderENS_9TypeRangeENS_5ValueENS_10StringAttrENS_9ArrayAttrEb
FNL:16,1115
FNA:16,0,_ZN4mlir7cpp2fir8AssertOp5buildERNS_9OpBuilderERNS_14OperationStateENS_9TypeRangeENS_10ValueRangeEN4llvm8ArrayRefINS_14NamedAttributeEEE
FNL:17,1133
FNA:17,0,_ZN4mlir7cpp2fir8AssertOp6createERNS_9OpBuilderENS_8LocationENS_9TypeRangeENS_10ValueRangeEN4llvm8ArrayRefINS_14NamedAttributeEEE
FNL:18,1141
FNA:18,0,_ZN4mlir7cpp2fir8AssertOp6createERNS_20ImplicitLocOpBuilderENS_9TypeRangeENS_10ValueRangeEN4llvm8ArrayRefINS_14NamedAttributeEEE
FNL:19,1145
FNA:19,0,_ZN4mlir7cpp2fir8AssertOp5buildERNS_9OpBuilderERNS_14OperationStateENS_9TypeRangeENS_10ValueRangeERKNS0_6detail26AssertOpGenericAdaptorBase10PropertiesEN4llvm8ArrayRefINS_14NamedAttributeEEE
FNL:20,1154
FNA:20,0,_ZN4mlir7cpp2fir8AssertOp6createERNS_9OpBuilderENS_8LocationENS_9TypeRangeENS_10ValueRangeERKNS0_6detail26AssertOpGenericAdaptorBase10PropertiesEN4llvm8ArrayRefINS_14NamedAttributeEEE
FNL:21,116
FNA:21,0,_ZN4mlir7cpp2firL48__mlir_ods_local_attr_constraint_Cpp2FIRDialect3EPNS_9OperationENS_9AttributeEN4llvm9StringRefE
FNL:22,1162
FNA:22,0,_ZN4mlir7cpp2fir8AssertOp6createERNS_20ImplicitLocOpBuilderENS_9TypeRangeENS_10ValueRangeERKNS0_6detail26AssertOpGenericAdaptorBase10PropertiesEN4llvm8ArrayRefINS_14NamedAttributeEEE
FNL:23,1166
FNA:23,0,_ZN4mlir7cpp2fir8AssertOp20verifyInvariantsImplEv
FNL:24,118
FNA:24,0,_ZZN4mlir7cpp2firL48__mlir_ods_local_attr_constraint_Cpp2FIRDialect3EPNS_9OperationENS_9AttributeEN4llvm9StringRefEENK3$_0clEv
FNL:25,1191
FNA:25,0,_ZN4mlir7cpp2fir8AssertOp16verifyInvariantsEv
FNL:26,1195
FNA:26,0,_ZN4mlir7cpp2fir8AssertOp5parseERNS_11OpAsmParserERNS_14OperationStateE
FNL:27,1210
FNA:27,0,_ZZN4mlir7cpp2fir8AssertOp5parseERNS_11OpAsmParserERNS_14OperationStateEENK3$_0clEv
FNL:28,123
FNA:28,0,_ZN4mlir7cpp2firL48__mlir_ods_local_attr_constraint_Cpp2FIRDialect4ENS_9AttributeEN4llvm9StringRefENS2_12function_refIFNS_18InFlightDiagnosticEvEEE
FNL:29,1236
FNA:29,0,_ZN4mlir7cpp2fir8AssertOp5printERNS_12OpAsmPrinterE
FNL:30,1276
FNA:30,0,_ZN4mlir7cpp2fir6detail25AwaitOpGenericAdaptorBaseC1ENS0_7AwaitOpE
FNA:30,0,_ZN4mlir7cpp2fir6detail25AwaitOpGenericAdaptorBaseC2ENS0_7AwaitOpE
FNL:31,1278
FNA:31,0,_ZN4mlir7cpp2fir6detail25AwaitOpGenericAdaptorBase16getSourceChannelEv
FNL:32,1284
FNA:32,0,_ZN4mlir7cpp2fir14AwaitOpAdaptorC1ENS0_7AwaitOpE
FNA:32,0,_ZN4mlir7cpp2fir14AwaitOpAdaptorC2ENS0_7AwaitOpE
FNL:33,1286
FNA:33,0,_ZN4mlir7cpp2fir14AwaitOpAdaptor6verifyENS_8LocationE
FNL:34,1294
FNA:34,0,_ZN4mlir7cpp2fir7AwaitOp21setPropertiesFromAttrERNS0_6detail25AwaitOpGenericAdaptorBase10PropertiesENS_9AttributeEN4llvm12function_refIFNS_18InFlightDiagnosticEvEEE
FNL:35,130
FNA:35,0,_ZN4mlir7cpp2firL48__mlir_ods_local_attr_constraint_Cpp2FIRDialect4EPNS_9OperationENS_9AttributeEN4llvm9StringRefE
FNL:36,1317
FNA:36,0,_ZN4mlir7cpp2fir7AwaitOp19getPropertiesAsAttrEPNS_11MLIRContextERKNS0_6detail25AwaitOpGenericAdaptorBase10PropertiesE
FNL:37,132
FNA:37,0,_ZZN4mlir7cpp2firL48__mlir_ods_local_attr_constraint_Cpp2FIRDialect4EPNS_9OperationENS_9AttributeEN4llvm9StringRefEENK3$_0clEv
FNL:38,1333
FNA:38,0,_ZN4mlir7cpp2fir7AwaitOp21computePropertiesHashERKNS0_6detail25AwaitOpGenericAdaptorBase10PropertiesE
FNL:39,1339
FNA:39,0,_ZN4mlir7cpp2fir7AwaitOp15getInherentAttrEPNS_11MLIRContextERKNS0_6detail25AwaitOpGenericAdaptorBase10PropertiesEN4llvm9StringRefE
FNL:40,1345
FNA:40,0,_ZN4mlir7cpp2fir7AwaitOp15setInherentAttrERNS0_6detail25AwaitOpGenericAdaptorBase10PropertiesEN4llvm9StringRefENS_9AttributeE
FNL:41,1352
FNA:41,0,_ZN4mlir7cpp2fir7AwaitOp21populateInherentAttrsEPNS_11MLIRContextERKNS0_6detail25AwaitOpGenericAdaptorBase10PropertiesERNS_13NamedAttrListE
FNL:42,1356
FNA:42,0,_ZN4mlir7cpp2fir7AwaitOp19verifyInherentAttrsENS_13OperationNameERNS_13NamedAttrListEN4llvm12function_refIFNS_18InFlightDiagnosticEvEEE
FNL:43,1365
FNA:43,0,_ZN4mlir7cpp2fir7AwaitOp14readPropertiesERNS_21DialectBytecodeReaderERNS_14OperationStateE
FNL:44,137
FNA:44,0,_ZN4mlir7cpp2firL48__mlir_ods_local_attr_constraint_Cpp2FIRDialect5ENS_9AttributeEN4llvm9StringRefENS2_12function_refIFNS_18InFlightDiagnosticEvEEE
FNL:45,1372
FNA:45,0,_ZN4mlir7cpp2fir7AwaitOp15writePropertiesERNS_21DialectBytecodeWriterE
FNL:46,1378
FNA:46,0,_ZN4mlir7cpp2fir7AwaitOp16getSourceChannelEv
FNL:47,1383
FNA:47,0,_ZN4mlir7cpp2fir7AwaitOp16setSourceChannelENSt3__18optionalIN4llvm9StringRefEEE
FNL:48,1391
FNA:48,0,_ZN4mlir7cpp2fir7AwaitOp5buildERNS_9OpBuilderERNS_14OperationStateENS_4TypeENS_5ValueENS_10StringAttrE
FNL:49,1399
FNA:49,0,_ZN4mlir7cpp2fir7AwaitOp6createERNS_9OpBuilderENS_8LocationENS_4TypeENS_5ValueENS_10StringAttrE
FNL:50,1407
FNA:50,0,_ZN4mlir7cpp2fir7AwaitOp6createERNS_20ImplicitLocOpBuilderENS_4TypeENS_5ValueENS_10StringAttrE
FNL:51,1411
FNA:51,0,_ZN4mlir7cpp2fir7AwaitOp5buildERNS_9OpBuilderERNS_14OperationStateENS_9TypeRangeENS_5ValueENS_10StringAttrE
FNL:52,1420
FNA:52,0,_ZN4mlir7cpp2fir7AwaitOp6createERNS_9OpBuilderENS_8LocationENS_9TypeRangeENS_5ValueENS_10StringAttrE
FNL:53,1428
FNA:53,0,_ZN4mlir7cpp2fir7AwaitOp6createERNS_20ImplicitLocOpBuilderENS_9TypeRangeENS_5ValueENS_10StringAttrE
FNL:54,1432
FNA:54,0,_ZN4mlir7cpp2fir7AwaitOp5buildERNS_9OpBuilderERNS_14OperationStateENS_9TypeRangeENS_10ValueRangeEN4llvm8ArrayRefINS_14NamedAttributeEEE
FNL:55,144
FNA:55,0,_ZN4mlir7cpp2firL48__mlir_ods_local_attr_constraint_Cpp2FIRDialect5EPNS_9OperationENS_9AttributeEN4llvm9StringRefE
FNL:56,1450
FNA:56,0,_ZN4mlir7cpp2fir7AwaitOp6createERNS_9OpBuilderENS_8LocationENS_9TypeRangeENS_10ValueRangeEN4llvm8ArrayRefINS_14NamedAttributeEEE
FNL:57,1458
FNA:57,0,_ZN4mlir7cpp2fir7AwaitOp6createERNS_20ImplicitLocOpBuilderENS_9TypeRangeENS_10ValueRangeEN4llvm8ArrayRefINS_14NamedAttributeEEE
FNL:58,146
FNA:58,0,_ZZN4mlir7cpp2firL48__mlir_ods_local_attr_constraint_Cpp2FIRDialect5EPNS_9OperationENS_9AttributeEN4llvm9StringRefEENK3$_0clEv
FNL:59,1462
FNA:59,0,_ZN4mlir7cpp2fir7AwaitOp5buildERNS_9OpBuilderERNS_14OperationStateENS_9TypeRangeENS_10ValueRangeERKNS0_6detail25AwaitOpGenericAdaptorBase10PropertiesEN4llvm8ArrayRefINS_14NamedAttributeEEE
FNL:60,1471
FNA:60,0,_ZN4mlir7cpp2fir7AwaitOp6createERNS_9OpBuilderENS_8LocationENS_9TypeRangeENS_10ValueRangeERKNS0_6detail25AwaitOpGenericAdaptorBase10PropertiesEN4llvm8ArrayRefINS_14NamedAttributeEEE
FNL:61,1479
FNA:61,0,_ZN4mlir7cpp2fir7AwaitOp6createERNS_20ImplicitLocOpBuilderENS_9TypeRangeENS_10ValueRangeERKNS0_6detail25AwaitOpGenericAdaptorBase10PropertiesEN4llvm8ArrayRefINS_14NamedAttributeEEE
FNL:62,1483
FNA:62,0,_ZN4mlir7cpp2fir7AwaitOp20verifyInvariantsImplEv
FNL:63,1509
FNA:63,0,_ZN4mlir7cpp2fir7AwaitOp16verifyInvariantsEv
FNL:64,151
FNA:64,51,_ZN4mlir7cpp2firL48__mlir_ods_local_attr_constraint_Cpp2FIRDialect6ENS_9AttributeEN4llvm9StringRefENS2_12function_refIFNS_18InFlightDiagnosticEvEEE
FNL:65,1513
FNA:65,0,_ZN4mlir7cpp2fir7AwaitOp5parseERNS_11OpAsmParserERNS_14OperationStateE
FNL:66,1530
FNA:66,0,_ZZN4mlir7cpp2fir7AwaitOp5parseERNS_11OpAsmParserERNS_14OperationStateEENK3$_0clEv
FNL:67,1566
FNA:67,0,_ZN4mlir7cpp2fir7AwaitOp5printERNS_12OpAsmPrinterE
FNL:68,158
FNA:68,51,_ZN4mlir7cpp2firL48__mlir_ods_local_attr_constraint_Cpp2FIRDialect6EPNS_9OperationENS_9AttributeEN4llvm9StringRefE
FNL:69,160
FNA:69,0,_ZZN4mlir7cpp2firL48__mlir_ods_local_attr_constraint_Cpp2FIRDialect6EPNS_9OperationENS_9AttributeEN4llvm9StringRefEENK3$_0clEv
FNL:70,1609
FNA:70,0,_ZN4mlir7cpp2fir6detail27ChannelOpGenericAdaptorBaseC1ENS0_9ChannelOpE
FNA:70,0,_ZN4mlir7cpp2fir6detail27ChannelOpGenericAdaptorBaseC2ENS0_9ChannelOpE
FNL:71,1611
FNA:71,0,_ZN4mlir7cpp2fir6detail27ChannelOpGenericAdaptorBase14getElementTypeEv
FNL:72,1616
FNA:72,0,_ZN4mlir7cpp2fir6detail27ChannelOpGenericAdaptorBase13getBufferSizeEv
FNL:73,1622
FNA:73,0,_ZN4mlir7cpp2fir16ChannelOpAdaptorC1ENS0_9ChannelOpE
FNA:73,0,_ZN4mlir7cpp2fir16ChannelOpAdaptorC2ENS0_9ChannelOpE
FNL:74,1624
FNA:74,0,_ZN4mlir7cpp2fir16ChannelOpAdaptor6verifyENS_8LocationE
FNL:75,1637
FNA:75,0,_ZN4mlir7cpp2fir9ChannelOp21setPropertiesFromAttrERNS0_6detail27ChannelOpGenericAdaptorBase10PropertiesENS_9AttributeEN4llvm12function_refIFNS_18InFlightDiagnosticEvEEE
FNL:76,165
FNA:76,24,_ZN4mlir7cpp2firL48__mlir_ods_local_attr_constraint_Cpp2FIRDialect7ENS_9AttributeEN4llvm9StringRefENS2_12function_refIFNS_18InFlightDiagnosticEvEEE
FNL:77,1674
FNA:77,0,_ZN4mlir7cpp2fir9ChannelOp19getPropertiesAsAttrEPNS_11MLIRContextERKNS0_6detail27ChannelOpGenericAdaptorBase10PropertiesE
FNL:78,1697
FNA:78,0,_ZN4mlir7cpp2fir9ChannelOp21computePropertiesHashERKNS0_6detail27ChannelOpGenericAdaptorBase10PropertiesE
FNL:79,1704
FNA:79,0,_ZN4mlir7cpp2fir9ChannelOp15getInherentAttrEPNS_11MLIRContextERKNS0_6detail27ChannelOpGenericAdaptorBase10PropertiesEN4llvm9StringRefE
FNL:80,1713
FNA:80,0,_ZN4mlir7cpp2fir9ChannelOp15setInherentAttrERNS0_6detail27ChannelOpGenericAdaptorBase10PropertiesEN4llvm9StringRefENS_9AttributeE
FNL:81,172
FNA:81,24,_ZN4mlir7cpp2firL48__mlir_ods_local_attr_constraint_Cpp2FIRDialect7EPNS_9OperationENS_9AttributeEN4llvm9StringRefE
FNL:82,1725
FNA:82,0,_ZN4mlir7cpp2fir9ChannelOp21populateInherentAttrsEPNS_11MLIRContextERKNS0_6detail27ChannelOpGenericAdaptorBase10PropertiesERNS_13NamedAttrListE
FNL:83,1731
FNA:83,0,_ZN4mlir7cpp2fir9ChannelOp19verifyInherentAttrsENS_13OperationNameERNS_13NamedAttrListEN4llvm12function_refIFNS_18InFlightDiagnosticEvEEE
FNL:84,174
FNA:84,0,_ZZN4mlir7cpp2firL48__mlir_ods_local_attr_constraint_Cpp2FIRDialect7EPNS_9OperationENS_9AttributeEN4llvm9StringRefEENK3$_0clEv
FNL:85,1746
FNA:85,0,_ZN4mlir7cpp2fir9ChannelOp14readPropertiesERNS_21DialectBytecodeReaderERNS_14OperationStateE
FNL:86,1756
FNA:86,0,_ZN4mlir7cpp2fir9ChannelOp15writePropertiesERNS_21DialectBytecodeWriterE
FNL:87,1763
FNA:87,0,_ZN4mlir7cpp2fir9ChannelOp14getElementTypeEv
FNL:88,1768
FNA:88,0,_ZN4mlir7cpp2fir9ChannelOp13getBufferSizeEv
FNL:89,1773
FNA:89,0,_ZN4mlir7cpp2fir9ChannelOp14setElementTypeENS_4TypeE
FNL:90,1777
FNA:90,0,_ZN4mlir7cpp2fir9ChannelOp13setBufferSizeENSt3__18optionalIjEE
FNL:91,1785
FNA:91,0,_ZN4mlir7cpp2fir9ChannelOp5buildERNS_9OpBuilderERNS_14OperationStateENS_4TypeENS_8TypeAttrENS_11IntegerAttrE
FNL:92,179
FNA:92,0,_ZN4mlir7cpp2firL48__mlir_ods_local_attr_constraint_Cpp2FIRDialect8ENS_9AttributeEN4llvm9StringRefENS2_12function_refIFNS_18InFlightDiagnosticEvEEE
FNL:93,1793
FNA:93,0,_ZN4mlir7cpp2fir9ChannelOp6createERNS_9OpBuilderENS_8LocationENS_4TypeENS_8TypeAttrENS_11IntegerAttrE
FNL:94,1801
FNA:94,0,_ZN4mlir7cpp2fir9ChannelOp6createERNS_20ImplicitLocOpBuilderENS_4TypeENS_8TypeAttrENS_11IntegerAttrE
FNL:95,1805
FNA:95,0,_ZN4mlir7cpp2fir9ChannelOp5buildERNS_9OpBuilderERNS_14OperationStateENS_9TypeRangeENS_8TypeAttrENS_11IntegerAttrE
FNL:96,1814
FNA:96,0,_ZN4mlir7cpp2fir9ChannelOp6createERNS_9OpBuilderENS_8LocationENS_9TypeRangeENS_8TypeAttrENS_11IntegerAttrE
FNL:97,1822
FNA:97,0,_ZN4mlir7cpp2fir9ChannelOp6createERNS_20ImplicitLocOpBuilderENS_9TypeRangeENS_8TypeAttrENS_11IntegerAttrE
FNL:98,1826
FNA:98,0,_ZN4mlir7cpp2fir9ChannelOp5buildERNS_9OpBuilderERNS_14OperationStateENS_4TypeES6_NS_11IntegerAttrE
FNL:99,1834
FNA:99,0,_ZN4mlir7cpp2fir9ChannelOp6createERNS_9OpBuilderENS_8LocationENS_4TypeES5_NS_11IntegerAttrE
FNL:100,1842
FNA:100,0,_ZN4mlir7cpp2fir9ChannelOp6createERNS_20ImplicitLocOpBuilderENS_4TypeES4_NS_11IntegerAttrE
FNL:101,1846
FNA:101,0,_ZN4mlir7cpp2fir9ChannelOp5buildERNS_9OpBuilderERNS_14OperationStateENS_9TypeRangeENS_4TypeENS_11IntegerAttrE
FNL:102,1855
FNA:102,0,_ZN4mlir7cpp2fir9ChannelOp6createERNS_9OpBuilderENS_8LocationENS_9TypeRangeENS_4TypeENS_11IntegerAttrE
FNL:103,186
FNA:103,0,_ZN4mlir7cpp2firL48__mlir_ods_local_attr_constraint_Cpp2FIRDialect8EPNS_9OperationENS_9AttributeEN4llvm9StringRefE
FNL:104,1863
FNA:104,0,_ZN4mlir7cpp2fir9ChannelOp6createERNS_20ImplicitLocOpBuilderENS_9TypeRangeENS_4TypeENS_11IntegerAttrE
FNL:105,1867
FNA:105,0,_ZN4mlir7cpp2fir9ChannelOp5buildERNS_9OpBuilderERNS_14OperationStateENS_9TypeRangeENS_10ValueRangeEN4llvm8ArrayRefINS_14NamedAttributeEEE
FNL:106,188
FNA:106,0,_ZZN4mlir7cpp2firL48__mlir_ods_local_attr_constraint_Cpp2FIRDialect8EPNS_9OperationENS_9AttributeEN4llvm9StringRefEENK3$_0clEv
FNL:107,1885
FNA:107,0,_ZN4mlir7cpp2fir9ChannelOp6createERNS_9OpBuilderENS_8LocationENS_9TypeRangeENS_10ValueRangeEN4llvm8ArrayRefINS_14NamedAttributeEEE
FNL:108,1893
FNA:108,0,_ZN4mlir7cpp2fir9ChannelOp6createERNS_20ImplicitLocOpBuilderENS_9TypeRangeENS_10ValueRangeEN4llvm8ArrayRefINS_14NamedAttributeEEE
FNL:109,1897
FNA:109,0,_ZN4mlir7cpp2fir9ChannelOp5buildERNS_9OpBuilderERNS_14OperationStateENS_9TypeRangeENS_10ValueRangeERKNS0_6detail27ChannelOpGenericAdaptorBase10PropertiesEN4llvm8ArrayRefINS_14NamedAttributeEEE
FNL:110,1906
FNA:110,0,_ZN4mlir7cpp2fir9ChannelOp6createERNS_9OpBuilderENS_8LocationENS_9TypeRangeENS_10ValueRangeERKNS0_6detail27ChannelOpGenericAdaptorBase10PropertiesEN4llvm8ArrayRefINS_14NamedAttributeEEE
FNL:111,1914
FNA:111,0,_ZN4mlir7cpp2fir9ChannelOp6createERNS_20ImplicitLocOpBuilderENS_9TypeRangeENS_10ValueRangeERKNS0_6detail27ChannelOpGenericAdaptorBase10PropertiesEN4llvm8ArrayRefINS_14NamedAttributeEEE
FNL:112,1918
FNA:112,0,_ZN4mlir7cpp2fir9ChannelOp20verifyInvariantsImplEv
FNL:113,193
FNA:113,24,_ZN4mlir7cpp2firL50__mlir_ods_local_region_constraint_Cpp2FIRDialect1EPNS_9OperationERNS_6RegionEN4llvm9StringRefEj
FNL:114,1940
FNA:114,0,_ZN4mlir7cpp2fir9ChannelOp16verifyInvariantsEv
FNL:115,1944
FNA:115,0,_ZN4mlir7cpp2fir9ChannelOp5parseERNS_11OpAsmParserERNS_14OperationStateE
FNL:116,1958
FNA:116,0,_ZZN4mlir7cpp2fir9ChannelOp5parseERNS_11OpAsmParserERNS_14OperationStateEENK3$_0clEv
FNL:117,1983
FNA:117,0,_ZN4mlir7cpp2fir9ChannelOp5printERNS_12OpAsmPrinterE
FNL:118,2018
FNA:118,0,_ZN4mlir7cpp2fir6detail23CmpOpGenericAdaptorBaseC1ENS0_5CmpOpE
FNA:118,0,_ZN4mlir7cpp2fir6detail23CmpOpGenericAdaptorBaseC2ENS0_5CmpOpE
FNL:119,2020
FNA:119,0,_ZN4mlir7cpp2fir6detail23CmpOpGenericAdaptorBase12getPredicateEv
FNL:120,2026
FNA:120,0,_ZN4mlir7cpp2fir12CmpOpAdaptorC1ENS0_5CmpOpE
FNA:120,0,_ZN4mlir7cpp2fir12CmpOpAdaptorC2ENS0_5CmpOpE
FNL:121,2028
FNA:121,0,_ZN4mlir7cpp2fir12CmpOpAdaptor6verifyENS_8LocationE
FNL:122,2037
FNA:122,0,_ZN4mlir7cpp2fir5CmpOp21setPropertiesFromAttrERNS0_6detail23CmpOpGenericAdaptorBase10PropertiesENS_9AttributeEN4llvm12function_refIFNS_18InFlightDiagnosticEvEEE
FNL:123,2060
FNA:123,0,_ZN4mlir7cpp2fir5CmpOp19getPropertiesAsAttrEPNS_11MLIRContextERKNS0_6detail23CmpOpGenericAdaptorBase10PropertiesE
FNL:124,2076
FNA:124,0,_ZN4mlir7cpp2fir5CmpOp21computePropertiesHashERKNS0_6detail23CmpOpGenericAdaptorBase10PropertiesE
FNL:125,2082
FNA:125,0,_ZN4mlir7cpp2fir5CmpOp15getInherentAttrEPNS_11MLIRContextERKNS0_6detail23CmpOpGenericAdaptorBase10PropertiesEN4llvm9StringRefE
FNL:126,2088
FNA:126,0,_ZN4mlir7cpp2fir5CmpOp15setInherentAttrERNS0_6detail23CmpOpGenericAdaptorBase10PropertiesEN4llvm9StringRefENS_9AttributeE
FNL:127,2095
FNA:127,2,_ZN4mlir7cpp2fir5CmpOp21populateInherentAttrsEPNS_11MLIRContextERKNS0_6detail23CmpOpGenericAdaptorBase10PropertiesERNS_13NamedAttrListE
FNL:128,2099
FNA:128,0,_ZN4mlir7cpp2fir5CmpOp19verifyInherentAttrsENS_13OperationNameERNS_13NamedAttrListEN4llvm12function_refIFNS_18InFlightDiagnosticEvEEE
FNL:129,2108
FNA:129,0,_ZN4mlir7cpp2fir5CmpOp14readPropertiesERNS_21DialectBytecodeReaderERNS_14OperationStateE
FNL:130,2115
FNA:130,0,_ZN4mlir7cpp2fir5CmpOp15writePropertiesERNS_21DialectBytecodeWriterE
FNL:131,2120
FNA:131,1,_ZN4mlir7cpp2fir5CmpOp12getPredicateEv
FNL:132,2125
FNA:132,0,_ZN4mlir7cpp2fir5CmpOp12setPredicateEN4llvm9StringRefE
FNL:133,2129
FNA:133,2,_ZN4mlir7cpp2fir5CmpOp5buildERNS_9OpBuilderERNS_14OperationStateENS_4TypeENS_5ValueES7_NS_10StringAttrE
FNL:134,213
FNA:134,0,_ZN4mlir7cpp2fir6detail23AddOpGenericAdaptorBaseC1ENS0_5AddOpE
FNA:134,0,_ZN4mlir7cpp2fir6detail23AddOpGenericAdaptorBaseC2ENS0_5AddOpE
FNL:135,2136
FNA:135,0,_ZN4mlir7cpp2fir5CmpOp6createERNS_9OpBuilderENS_8LocationENS_4TypeENS_5ValueES6_NS_10StringAttrE
FNL:136,2144
FNA:136,0,_ZN4mlir7cpp2fir5CmpOp6createERNS_20ImplicitLocOpBuilderENS_4TypeENS_5ValueES5_NS_10StringAttrE
FNL:137,2148
FNA:137,0,_ZN4mlir7cpp2fir5CmpOp5buildERNS_9OpBuilderERNS_14OperationStateENS_9TypeRangeENS_5ValueES7_NS_10StringAttrE
FNL:138,2156
FNA:138,0,_ZN4mlir7cpp2fir5CmpOp6createERNS_9OpBuilderENS_8LocationENS_9TypeRangeENS_5ValueES6_NS_10StringAttrE
FNL:139,216
FNA:139,0,_ZN4mlir7cpp2fir12AddOpAdaptorC1ENS0_5AddOpE
FNA:139,0,_ZN4mlir7cpp2fir12AddOpAdaptorC2ENS0_5AddOpE
FNL:140,2164
FNA:140,0,_ZN4mlir7cpp2fir5CmpOp6createERNS_20ImplicitLocOpBuilderENS_9TypeRangeENS_5ValueES5_NS_10StringAttrE
FNL:141,2168
FNA:141,0,_ZN4mlir7cpp2fir5CmpOp5buildERNS_9OpBuilderERNS_14OperationStateENS_4TypeENS_5ValueES7_N4llvm9StringRefE
FNL:142,2175
FNA:142,0,_ZN4mlir7cpp2fir5CmpOp6createERNS_9OpBuilderENS_8LocationENS_4TypeENS_5ValueES6_N4llvm9StringRefE
FNL:143,218
FNA:143,0,_ZN4mlir7cpp2fir12AddOpAdaptor6verifyENS_8LocationE
FNL:144,2183
FNA:144,0,_ZN4mlir7cpp2fir5CmpOp6createERNS_20ImplicitLocOpBuilderENS_4TypeENS_5ValueES5_N4llvm9StringRefE
FNL:145,2187
FNA:145,0,_ZN4mlir7cpp2fir5CmpOp5buildERNS_9OpBuilderERNS_14OperationStateENS_9TypeRangeENS_5ValueES7_N4llvm9StringRefE
FNL:146,2195
FNA:146,0,_ZN4mlir7cpp2fir5CmpOp6createERNS_9OpBuilderENS_8LocationENS_9TypeRangeENS_5ValueES6_N4llvm9StringRefE
FNL:147,2203
FNA:147,0,_ZN4mlir7cpp2fir5CmpOp6createERNS_20ImplicitLocOpBuilderENS_9TypeRangeENS_5ValueES5_N4llvm9StringRefE
FNL:148,2207
FNA:148,0,_ZN4mlir7cpp2fir5CmpOp5buildERNS_9OpBuilderERNS_14OperationStateENS_9TypeRangeENS_10ValueRangeEN4llvm8ArrayRefINS_14NamedAttributeEEE
FNL:149,222
FNA:149,0,_ZN4mlir7cpp2fir5AddOp21setPropertiesFromAttrERNS_15EmptyPropertiesENS_9AttributeEN4llvm12function_refIFNS_18InFlightDiagnosticEvEEE
FNL:150,2225
FNA:150,0,_ZN4mlir7cpp2fir5CmpOp6createERNS_9OpBuilderENS_8LocationENS_9TypeRangeENS_10ValueRangeEN4llvm8ArrayRefINS_14NamedAttributeEEE
FNL:151,2233
FNA:151,0,_ZN4mlir7cpp2fir5CmpOp6createERNS_20ImplicitLocOpBuilderENS_9TypeRangeENS_10ValueRangeEN4llvm8ArrayRefINS_14NamedAttributeEEE
FNL:152,2237
FNA:152,0,_ZN4mlir7cpp2fir5CmpOp5buildERNS_9OpBuilderERNS_14OperationStateENS_9TypeRangeENS_10ValueRangeERKNS0_6detail23CmpOpGenericAdaptorBase10PropertiesEN4llvm8ArrayRefINS_14NamedAttributeEEE
FNL:153,2246
FNA:153,0,_ZN4mlir7cpp2fir5CmpOp6createERNS_9OpBuilderENS_8LocationENS_9TypeRangeENS_10ValueRangeERKNS0_6detail23CmpOpGenericAdaptorBase10PropertiesEN4llvm8ArrayRefINS_14NamedAttributeEEE
FNL:154,2254
FNA:154,0,_ZN4mlir7cpp2fir5CmpOp6createERNS_20ImplicitLocOpBuilderENS_9TypeRangeENS_10ValueRangeERKNS0_6detail23CmpOpGenericAdaptorBase10PropertiesEN4llvm8ArrayRefINS_14NamedAttributeEEE
FNL:155,2258
FNA:155,1,_ZN4mlir7cpp2fir5CmpOp20verifyInvariantsImplEv
FNL:156,2291
FNA:156,0,_ZN4mlir7cpp2fir5CmpOp16verifyInvariantsEv
FNL:157,2295
FNA:157,0,_ZN4mlir7cpp2fir5CmpOp5parseERNS_11OpAsmParserERNS_14OperationStateE
FNL:158,231
FNA:158,0,_ZN4mlir7cpp2fir5AddOp19getPropertiesAsAttrEPNS_11MLIRContextERKNS_15EmptyPropertiesE
FNL:159,2330
FNA:159,0,_ZZN4mlir7cpp2fir5CmpOp5parseERNS_11OpAsmParserERNS_14OperationStateEENK3$_0clEv
FNL:160,2370
FNA:160,2,_ZN4mlir7cpp2fir5CmpOp5printERNS_12OpAsmPrinterE
FNL:161,240
FNA:161,0,_ZN4mlir7cpp2fir5AddOp21computePropertiesHashERKNS_15EmptyPropertiesE
FNL:162,2411
FNA:162,0,_ZN4mlir7cpp2fir5CmpOp10getEffectsERN4llvm15SmallVectorImplINS_11SideEffects14EffectInstanceINS_13MemoryEffects6EffectEEEEE
FNL:163,2426
FNA:163,0,_ZN4mlir7cpp2fir6detail28ConstantOpGenericAdaptorBaseC1ENS0_10ConstantOpE
FNA:163,0,_ZN4mlir7cpp2fir6detail28ConstantOpGenericAdaptorBaseC2ENS0_10ConstantOpE
FNL:164,2428
FNA:164,0,_ZN4mlir7cpp2fir6detail28ConstantOpGenericAdaptorBase8getValueEv
FNL:165,2434
FNA:165,0,_ZN4mlir7cpp2fir17ConstantOpAdaptorC1ENS0_10ConstantOpE
FNA:165,0,_ZN4mlir7cpp2fir17ConstantOpAdaptorC2ENS0_10ConstantOpE
FNL:166,2436
FNA:166,0,_ZN4mlir7cpp2fir17ConstantOpAdaptor6verifyENS_8LocationE
FNL:167,2445
FNA:167,0,_ZN4mlir7cpp2fir10ConstantOp21setPropertiesFromAttrERNS0_6detail28ConstantOpGenericAdaptorBase10PropertiesENS_9AttributeEN4llvm12function_refIFNS_18InFlightDiagnosticEvEEE
FNL:168,245
FNA:168,0,_ZN4mlir7cpp2fir5AddOp15getInherentAttrEPNS_11MLIRContextERKNS_15EmptyPropertiesEN4llvm9StringRefE
FNL:169,2468
FNA:169,0,_ZN4mlir7cpp2fir10ConstantOp19getPropertiesAsAttrEPNS_11MLIRContextERKNS0_6detail28ConstantOpGenericAdaptorBase10PropertiesE
FNL:170,2484
FNA:170,0,_ZN4mlir7cpp2fir10ConstantOp21computePropertiesHashERKNS0_6detail28ConstantOpGenericAdaptorBase10PropertiesE
FNL:171,249
FNA:171,0,_ZN4mlir7cpp2fir5AddOp15setInherentAttrERNS_15EmptyPropertiesEN4llvm9StringRefENS_9AttributeE
FNL:172,2490
FNA:172,41,_ZN4mlir7cpp2fir10ConstantOp15getInherentAttrEPNS_11MLIRContextERKNS0_6detail28ConstantOpGenericAdaptorBase10PropertiesEN4llvm9StringRefE
FNL:173,2496
FNA:173,41,_ZN4mlir7cpp2fir10ConstantOp15setInherentAttrERNS0_6detail28ConstantOpGenericAdaptorBase10PropertiesEN4llvm9StringRefENS_9AttributeE
FNL:174,2503
FNA:174,48,_ZN4mlir7cpp2fir10ConstantOp21populateInherentAttrsEPNS_11MLIRContextERKNS0_6detail28ConstantOpGenericAdaptorBase10PropertiesERNS_13NamedAttrListE
FNL:175,2507
FNA:175,0,_ZN4mlir7cpp2fir10ConstantOp19verifyInherentAttrsENS_13OperationNameERNS_13NamedAttrListEN4llvm12function_refIFNS_18InFlightDiagnosticEvEEE
FNL:176,2516
FNA:176,0,_ZN4mlir7cpp2fir10ConstantOp14readPropertiesERNS_21DialectBytecodeReaderERNS_14OperationStateE
FNL:177,252
FNA:177,0,_ZN4mlir7cpp2fir5AddOp21populateInherentAttrsEPNS_11MLIRContextERKNS_15EmptyPropertiesERNS_13NamedAttrListE
FNL:178,2523
FNA:178,0,_ZN4mlir7cpp2fir10ConstantOp15writePropertiesERNS_21DialectBytecodeWriterE
FNL:179,2528
FNA:179,107,_ZN4mlir7cpp2fir10ConstantOp8getValueEv
FNL:180,2533
FNA:180,41,_ZN4mlir7cpp2fir10ConstantOp5buildERNS_9OpBuilderERNS_14OperationStateENS_4TypeENS_9AttributeE
FNL:181,2539
FNA:181,0,_ZN4mlir7cpp2fir10ConstantOp6createERNS_9OpBuilderENS_8LocationENS_4TypeENS_9AttributeE
FNL:182,2547
FNA:182,0,_ZN4mlir7cpp2fir10ConstantOp6createERNS_20ImplicitLocOpBuilderENS_4TypeENS_9AttributeE
FNL:183,255
FNA:183,0,_ZN4mlir7cpp2fir5AddOp19verifyInherentAttrsENS_13OperationNameERNS_13NamedAttrListEN4llvm12function_refIFNS_18InFlightDiagnosticEvEEE
FNL:184,2551
FNA:184,0,_ZN4mlir7cpp2fir10ConstantOp5buildERNS_9OpBuilderERNS_14OperationStateENS_9TypeRangeENS_9AttributeE
FNL:185,2557
FNA:185,0,_ZN4mlir7cpp2fir10ConstantOp6createERNS_9OpBuilderENS_8LocationENS_9TypeRangeENS_9AttributeE
FNL:186,2565
FNA:186,0,_ZN4mlir7cpp2fir10ConstantOp6createERNS_20ImplicitLocOpBuilderENS_9TypeRangeENS_9AttributeE
FNL:187,2569
FNA:187,0,_ZN4mlir7cpp2fir10ConstantOp5buildERNS_9OpBuilderERNS_14OperationStateENS_9TypeRangeENS_10ValueRangeEN4llvm8ArrayRefINS_14NamedAttributeEEE
FNL:188,2587
FNA:188,0,_ZN4mlir7cpp2fir10ConstantOp6createERNS_9OpBuilderENS_8LocationENS_9TypeRangeENS_10ValueRangeEN4llvm8ArrayRefINS_14NamedAttributeEEE
FNL:189,259
FNA:189,3,_ZN4mlir7cpp2fir5AddOp5buildERNS_9OpBuilderERNS_14OperationStateENS_4TypeENS_5ValueES7_
FNL:190,2595
FNA:190,0,_ZN4mlir7cpp2fir10ConstantOp6createERNS_20ImplicitLocOpBuilderENS_9TypeRangeENS_10ValueRangeEN4llvm8ArrayRefINS_14NamedAttributeEEE
FNL:191,2599
FNA:191,0,_ZN4mlir7cpp2fir10ConstantOp5buildERNS_9OpBuilderERNS_14OperationStateENS_9TypeRangeENS_10ValueRangeERKNS0_6detail28ConstantOpGenericAdaptorBase10PropertiesEN4llvm8ArrayRefINS_14NamedAttributeEEE
FNL:192,2608
FNA:192,0,_ZN4mlir7cpp2fir10ConstantOp6createERNS_9OpBuilderENS_8LocationENS_9TypeRangeENS_10ValueRangeERKNS0_6detail28ConstantOpGenericAdaptorBase10PropertiesEN4llvm8ArrayRefINS_14NamedAttributeEEE
FNL:193,2616
FNA:193,0,_ZN4mlir7cpp2fir10ConstantOp6createERNS_20ImplicitLocOpBuilderENS_9TypeRangeENS_10ValueRangeERKNS0_6detail28ConstantOpGenericAdaptorBase10PropertiesEN4llvm8ArrayRefINS_14NamedAttributeEEE
FNL:194,2620
FNA:194,51,_ZN4mlir7cpp2fir10ConstantOp20verifyInvariantsImplEv
FNL:195,2638
FNA:195,0,_ZN4mlir7cpp2fir10ConstantOp16verifyInvariantsEv
FNL:196,2642
FNA:196,0,_ZN4mlir7cpp2fir10ConstantOp27setPropertiesFromParsedAttrERNS0_6detail28ConstantOpGenericAdaptorBase10PropertiesENS_9AttributeEN4llvm12function_refIFNS_18InFlightDiagnosticEvEEE
FNL:197,265
FNA:197,0,_ZN4mlir7cpp2fir5AddOp6createERNS_9OpBuilderENS_8LocationENS_4TypeENS_5ValueES6_
FNL:198,2683
FNA:198,0,_ZN4mlir7cpp2fir10ConstantOp10getEffectsERN4llvm15SmallVectorImplINS_11SideEffects14EffectInstanceINS_13MemoryEffects6EffectEEEEE
FNL:199,2698
FNA:199,0,_ZN4mlir7cpp2fir6detail34CoroutineScopeOpGenericAdaptorBaseC1ENS0_16CoroutineScopeOpE
FNA:199,0,_ZN4mlir7cpp2fir6detail34CoroutineScopeOpGenericAdaptorBaseC2ENS0_16CoroutineScopeOpE
FNL:200,2701
FNA:200,0,_ZN4mlir7cpp2fir23CoroutineScopeOpAdaptorC1ENS0_16CoroutineScopeOpE
FNA:200,0,_ZN4mlir7cpp2fir23CoroutineScopeOpAdaptorC2ENS0_16CoroutineScopeOpE
FNL:201,2703
FNA:201,0,_ZN4mlir7cpp2fir23CoroutineScopeOpAdaptor6verifyENS_8LocationE
FNL:202,2707
FNA:202,0,_ZN4mlir7cpp2fir16CoroutineScopeOp21setPropertiesFromAttrERNS_15EmptyPropertiesENS_9AttributeEN4llvm12function_refIFNS_18InFlightDiagnosticEvEEE
FNL:203,2716
FNA:203,0,_ZN4mlir7cpp2fir16CoroutineScopeOp19getPropertiesAsAttrEPNS_11MLIRContextERKNS_15EmptyPropertiesE
FNL:204,2725
FNA:204,0,_ZN4mlir7cpp2fir16CoroutineScopeOp21computePropertiesHashERKNS_15EmptyPropertiesE
FNL:205,273
FNA:205,0,_ZN4mlir7cpp2fir5AddOp6createERNS_20ImplicitLocOpBuilderENS_4TypeENS_5ValueES5_
FNL:206,2730
FNA:206,0,_ZN4mlir7cpp2fir16CoroutineScopeOp15getInherentAttrEPNS_11MLIRContextERKNS_15EmptyPropertiesEN4llvm9StringRefE
FNL:207,2734
FNA:207,0,_ZN4mlir7cpp2fir16CoroutineScopeOp15setInherentAttrERNS_15EmptyPropertiesEN4llvm9StringRefENS_9AttributeE
FNL:208,2737
FNA:208,0,_ZN4mlir7cpp2fir16CoroutineScopeOp21populateInherentAttrsEPNS_11MLIRContextERKNS_15EmptyPropertiesERNS_13NamedAttrListE
FNL:209,2740
FNA:209,0,_ZN4mlir7cpp2fir16CoroutineScopeOp19verifyInherentAttrsENS_13OperationNameERNS_13NamedAttrListEN4llvm12function_refIFNS_18InFlightDiagnosticEvEEE
FNL:210,2744
FNA:210,0,_ZN4mlir7cpp2fir16CoroutineScopeOp5buildERNS_9OpBuilderERNS_14OperationStateE
FNL:211,2748
FNA:211,0,_ZN4mlir7cpp2fir16CoroutineScopeOp6createERNS_9OpBuilderENS_8LocationE
FNL:212,2756
FNA:212,0,_ZN4mlir7cpp2fir16CoroutineScopeOp6createERNS_20ImplicitLocOpBuilderE
FNL:213,2760
FNA:213,0,_ZN4mlir7cpp2fir16CoroutineScopeOp5buildERNS_9OpBuilderERNS_14OperationStateENS_9TypeRangeE
FNL:214,2766
FNA:214,0,_ZN4mlir7cpp2fir16CoroutineScopeOp6createERNS_9OpBuilderENS_8LocationENS_9TypeRangeE
FNL:215,277
FNA:215,0,_ZN4mlir7cpp2fir5AddOp5buildERNS_9OpBuilderERNS_14OperationStateENS_9TypeRangeENS_5ValueES7_
FNL:216,2774
FNA:216,0,_ZN4mlir7cpp2fir16CoroutineScopeOp6createERNS_20ImplicitLocOpBuilderENS_9TypeRangeE
FNL:217,2778
FNA:217,0,_ZN4mlir7cpp2fir16CoroutineScopeOp5buildERNS_9OpBuilderERNS_14OperationStateENS_9TypeRangeENS_10ValueRangeEN4llvm8ArrayRefINS_14NamedAttributeEEE
FNL:218,2788
FNA:218,0,_ZN4mlir7cpp2fir16CoroutineScopeOp6createERNS_9OpBuilderENS_8LocationENS_9TypeRangeENS_10ValueRangeEN4llvm8ArrayRefINS_14NamedAttributeEEE
FNL:219,2796
FNA:219,0,_ZN4mlir7cpp2fir16CoroutineScopeOp6createERNS_20ImplicitLocOpBuilderENS_9TypeRangeENS_10ValueRangeEN4llvm8ArrayRefINS_14NamedAttributeEEE
FNL:220,2800
FNA:220,0,_ZN4mlir7cpp2fir16CoroutineScopeOp5buildERNS_9OpBuilderERNS_14OperationStateENS_9TypeRangeENS_10ValueRangeERKNS_15EmptyPropertiesEN4llvm8ArrayRefINS_14NamedAttributeEEE
FNL:221,2811
FNA:221,0,_ZN4mlir7cpp2fir16CoroutineScopeOp6createERNS_9OpBuilderENS_8LocationENS_9TypeRangeENS_10ValueRangeERKNS_15EmptyPropertiesEN4llvm8ArrayRefINS_14NamedAttributeEEE
FNL:222,2819
FNA:222,0,_ZN4mlir7cpp2fir16CoroutineScopeOp6createERNS_20ImplicitLocOpBuilderENS_9TypeRangeENS_10ValueRangeERKNS_15EmptyPropertiesEN4llvm8ArrayRefINS_14NamedAttributeEEE
FNL:223,2823
FNA:223,0,_ZN4mlir7cpp2fir16CoroutineScopeOp20verifyInvariantsImplEv
FNL:224,2834
FNA:224,0,_ZN4mlir7cpp2fir16CoroutineScopeOp16verifyInvariantsEv
FNL:225,2838
FNA:225,0,_ZN4mlir7cpp2fir16CoroutineScopeOp5parseERNS_11OpAsmParserERNS_14OperationStateE
FNL:226,284
FNA:226,0,_ZN4mlir7cpp2fir5AddOp6createERNS_9OpBuilderENS_8LocationENS_9TypeRangeENS_5ValueES6_
FNL:227,2847
FNA:227,0,_ZZN4mlir7cpp2fir16CoroutineScopeOp5parseERNS_11OpAsmParserERNS_14OperationStateEENK3$_0clEv
FNL:228,2856
FNA:228,0,_ZN4mlir7cpp2fir16CoroutineScopeOp5printERNS_12OpAsmPrinterE
FNL:229,2875
FNA:229,0,_ZN4mlir7cpp2fir6detail23DivOpGenericAdaptorBaseC1ENS0_5DivOpE
FNA:229,0,_ZN4mlir7cpp2fir6detail23DivOpGenericAdaptorBaseC2ENS0_5DivOpE
FNL:230,2878
FNA:230,0,_ZN4mlir7cpp2fir12DivOpAdaptorC1ENS0_5DivOpE
FNA:230,0,_ZN4mlir7cpp2fir12DivOpAdaptorC2ENS0_5DivOpE
FNL:231,2880
FNA:231,0,_ZN4mlir7cpp2fir12DivOpAdaptor6verifyENS_8LocationE
FNL:232,2884
FNA:232,0,_ZN4mlir7cpp2fir5DivOp21setPropertiesFromAttrERNS_15EmptyPropertiesENS_9AttributeEN4llvm12function_refIFNS_18InFlightDiagnosticEvEEE
FNL:233,2893
FNA:233,0,_ZN4mlir7cpp2fir5DivOp19getPropertiesAsAttrEPNS_11MLIRContextERKNS_15EmptyPropertiesE
FNL:234,2902
FNA:234,0,_ZN4mlir7cpp2fir5DivOp21computePropertiesHashERKNS_15EmptyPropertiesE
FNL:235,2907
FNA:235,0,_ZN4mlir7cpp2fir5DivOp15getInherentAttrEPNS_11MLIRContextERKNS_15EmptyPropertiesEN4llvm9StringRefE
FNL:236,2911
FNA:236,0,_ZN4mlir7cpp2fir5DivOp15setInherentAttrERNS_15EmptyPropertiesEN4llvm9StringRefENS_9AttributeE
FNL:237,2914
FNA:237,0,_ZN4mlir7cpp2fir5DivOp21populateInherentAttrsEPNS_11MLIRContextERKNS_15EmptyPropertiesERNS_13NamedAttrListE
FNL:238,2917
FNA:238,0,_ZN4mlir7cpp2fir5DivOp19verifyInherentAttrsENS_13OperationNameERNS_13NamedAttrListEN4llvm12function_refIFNS_18InFlightDiagnosticEvEEE
FNL:239,292
FNA:239,0,_ZN4mlir7cpp2fir5AddOp6createERNS_20ImplicitLocOpBuilderENS_9TypeRangeENS_5ValueES5_
FNL:240,2921
FNA:240,1,_ZN4mlir7cpp2fir5DivOp5buildERNS_9OpBuilderERNS_14OperationStateENS_4TypeENS_5ValueES7_
FNL:241,2927
FNA:241,0,_ZN4mlir7cpp2fir5DivOp6createERNS_9OpBuilderENS_8LocationENS_4TypeENS_5ValueES6_
FNL:242,2935
FNA:242,0,_ZN4mlir7cpp2fir5DivOp6createERNS_20ImplicitLocOpBuilderENS_4TypeENS_5ValueES5_
FNL:243,2939
FNA:243,0,_ZN4mlir7cpp2fir5DivOp5buildERNS_9OpBuilderERNS_14OperationStateENS_9TypeRangeENS_5ValueES7_
FNL:244,2946
FNA:244,0,_ZN4mlir7cpp2fir5DivOp6createERNS_9OpBuilderENS_8LocationENS_9TypeRangeENS_5ValueES6_
FNL:245,2954
FNA:245,0,_ZN4mlir7cpp2fir5DivOp6createERNS_20ImplicitLocOpBuilderENS_9TypeRangeENS_5ValueES5_
FNL:246,2958
FNA:246,0,_ZN4mlir7cpp2fir5DivOp5buildERNS_9OpBuilderERNS_14OperationStateENS_9TypeRangeENS_10ValueRangeEN4llvm8ArrayRefINS_14NamedAttributeEEE
FNL:247,296
FNA:247,0,_ZN4mlir7cpp2fir5AddOp5buildERNS_9OpBuilderERNS_14OperationStateENS_9TypeRangeENS_10ValueRangeEN4llvm8ArrayRefINS_14NamedAttributeEEE
FNL:248,2966
FNA:248,0,_ZN4mlir7cpp2fir5DivOp6createERNS_9OpBuilderENS_8LocationENS_9TypeRangeENS_10ValueRangeEN4llvm8ArrayRefINS_14NamedAttributeEEE
FNL:249,2974
FNA:249,0,_ZN4mlir7cpp2fir5DivOp6createERNS_20ImplicitLocOpBuilderENS_9TypeRangeENS_10ValueRangeEN4llvm8ArrayRefINS_14NamedAttributeEEE
FNL:250,2978
FNA:250,0,_ZN4mlir7cpp2fir5DivOp5buildERNS_9OpBuilderERNS_14OperationStateENS_9TypeRangeENS_10ValueRangeERKNS_15EmptyPropertiesEN4llvm8ArrayRefINS_14NamedAttributeEEE
FNL:251,2987
FNA:251,0,_ZN4mlir7cpp2fir5DivOp6createERNS_9OpBuilderENS_8LocationENS_9TypeRangeENS_10ValueRangeERKNS_15EmptyPropertiesEN4llvm8ArrayRefINS_14NamedAttributeEEE
FNL:252,2995
FNA:252,0,_ZN4mlir7cpp2fir5DivOp6createERNS_20ImplicitLocOpBuilderENS_9TypeRangeENS_10ValueRangeERKNS_15EmptyPropertiesEN4llvm8ArrayRefINS_14NamedAttributeEEE
FNL:253,2999
FNA:253,1,_ZN4mlir7cpp2fir5DivOp20verifyInvariantsImplEv
FNL:254,3027
FNA:254,0,_ZN4mlir7cpp2fir5DivOp16verifyInvariantsEv
FNL:255,3031
FNA:255,0,_ZN4mlir7cpp2fir5DivOp5parseERNS_11OpAsmParserERNS_14OperationStateE
FNL:256,304
FNA:256,0,_ZN4mlir7cpp2fir5AddOp6createERNS_9OpBuilderENS_8LocationENS_9TypeRangeENS_10ValueRangeEN4llvm8ArrayRefINS_14NamedAttributeEEE
FNL:257,3058
FNA:257,0,_ZZN4mlir7cpp2fir5DivOp5parseERNS_11OpAsmParserERNS_14OperationStateEENK3$_0clEv
FNL:258,3098
FNA:258,2,_ZN4mlir7cpp2fir5DivOp5printERNS_12OpAsmPrinterE
FNL:259,312
FNA:259,0,_ZN4mlir7cpp2fir5AddOp6createERNS_20ImplicitLocOpBuilderENS_9TypeRangeENS_10ValueRangeEN4llvm8ArrayRefINS_14NamedAttributeEEE
FNL:260,3135
FNA:260,0,_ZN4mlir7cpp2fir5DivOp10getEffectsERN4llvm15SmallVectorImplINS_11SideEffects14EffectInstanceINS_13MemoryEffects6EffectEEEEE
FNL:261,3150
FNA:261,0,_ZN4mlir7cpp2fir6detail24FuncOpGenericAdaptorBaseC1ENS0_6FuncOpE
FNA:261,0,_ZN4mlir7cpp2fir6detail24FuncOpGenericAdaptorBaseC2ENS0_6FuncOpE
FNL:262,3152
FNA:262,0,_ZN4mlir7cpp2fir6detail24FuncOpGenericAdaptorBase10getSymNameEv
FNL:263,3157
FNA:263,0,_ZN4mlir7cpp2fir6detail24FuncOpGenericAdaptorBase15getFunctionTypeEv
FNL:264,316
FNA:264,0,_ZN4mlir7cpp2fir5AddOp5buildERNS_9OpBuilderERNS_14OperationStateENS_9TypeRangeENS_10ValueRangeERKNS_15EmptyPropertiesEN4llvm8ArrayRefINS_14NamedAttributeEEE
FNL:265,3162
FNA:265,0,_ZN4mlir7cpp2fir6detail24FuncOpGenericAdaptorBase11getArgAttrsEv
FNL:266,3167
FNA:266,0,_ZN4mlir7cpp2fir6detail24FuncOpGenericAdaptorBase11getResAttrsEv
FNL:267,3173
FNA:267,0,_ZN4mlir7cpp2fir13FuncOpAdaptorC1ENS0_6FuncOpE
FNA:267,0,_ZN4mlir7cpp2fir13FuncOpAdaptorC2ENS0_6FuncOpE
FNL:268,3175
FNA:268,0,_ZN4mlir7cpp2fir13FuncOpAdaptor6verifyENS_8LocationE
FNL:269,3197
FNA:269,0,_ZN4mlir7cpp2fir6FuncOp21setPropertiesFromAttrERNS0_6detail24FuncOpGenericAdaptorBase10PropertiesENS_9AttributeEN4llvm12function_refIFNS_18InFlightDiagnosticEvEEE
FNL:270,325
FNA:270,0,_ZN4mlir7cpp2fir5AddOp6createERNS_9OpBuilderENS_8LocationENS_9TypeRangeENS_10ValueRangeERKNS_15EmptyPropertiesEN4llvm8ArrayRefINS_14NamedAttributeEEE
FNL:271,3262
FNA:271,0,_ZN4mlir7cpp2fir6FuncOp19getPropertiesAsAttrEPNS_11MLIRContextERKNS0_6detail24FuncOpGenericAdaptorBase10PropertiesE
FNL:272,3299
FNA:272,0,_ZN4mlir7cpp2fir6FuncOp21computePropertiesHashERKNS0_6detail24FuncOpGenericAdaptorBase10PropertiesE
FNL:273,3308
FNA:273,78,_ZN4mlir7cpp2fir6FuncOp15getInherentAttrEPNS_11MLIRContextERKNS0_6detail24FuncOpGenericAdaptorBase10PropertiesEN4llvm9StringRefE
FNL:274,3323
FNA:274,0,_ZN4mlir7cpp2fir6FuncOp15setInherentAttrERNS0_6detail24FuncOpGenericAdaptorBase10PropertiesEN4llvm9StringRefENS_9AttributeE
FNL:275,333
FNA:275,0,_ZN4mlir7cpp2fir5AddOp6createERNS_20ImplicitLocOpBuilderENS_9TypeRangeENS_10ValueRangeERKNS_15EmptyPropertiesEN4llvm8ArrayRefINS_14NamedAttributeEEE
FNL:276,3345
FNA:276,22,_ZN4mlir7cpp2fir6FuncOp21populateInherentAttrsEPNS_11MLIRContextERKNS0_6detail24FuncOpGenericAdaptorBase10PropertiesERNS_13NamedAttrListE
FNL:277,3355
FNA:277,0,_ZN4mlir7cpp2fir6FuncOp19verifyInherentAttrsENS_13OperationNameERNS_13NamedAttrListEN4llvm12function_refIFNS_18InFlightDiagnosticEvEEE
FNL:278,337
FNA:278,6,_ZN4mlir7cpp2fir5AddOp20verifyInvariantsImplEv
FNL:279,3382
FNA:279,0,_ZN4mlir7cpp2fir6FuncOp14readPropertiesERNS_21DialectBytecodeReaderERNS_14OperationStateE
FNL:280,3398
FNA:280,0,_ZN4mlir7cpp2fir6FuncOp15writePropertiesERNS_21DialectBytecodeWriterE
FNL:281,3408
FNA:281,0,_ZN4mlir7cpp2fir6FuncOp10getSymNameEv
FNL:282,3413
FNA:282,66,_ZN4mlir7cpp2fir6FuncOp15getFunctionTypeEv
FNL:283,3418
FNA:283,0,_ZN4mlir7cpp2fir6FuncOp11getArgAttrsEv
FNL:284,3423
FNA:284,0,_ZN4mlir7cpp2fir6FuncOp11getResAttrsEv
FNL:285,3428
FNA:285,0,_ZN4mlir7cpp2fir6FuncOp10setSymNameEN4llvm9StringRefE
FNL:286,3432
FNA:286,0,_ZN4mlir7cpp2fir6FuncOp15setFunctionTypeENS_12FunctionTypeE
FNL:287,3436
FNA:287,23,_ZN4mlir7cpp2fir6FuncOp5buildERNS_9OpBuilderERNS_14OperationStateENS_10StringAttrENS_8TypeAttrENS_9ArrayAttrES8_
FNL:288,3448
FNA:288,0,_ZN4mlir7cpp2fir6FuncOp6createERNS_9OpBuilderENS_8LocationENS_10StringAttrENS_8TypeAttrENS_9ArrayAttrES7_
FNL:289,3456
FNA:289,0,_ZN4mlir7cpp2fir6FuncOp6createERNS_20ImplicitLocOpBuilderENS_10StringAttrENS_8TypeAttrENS_9ArrayAttrES6_
FNL:290,3460
FNA:290,0,_ZN4mlir7cpp2fir6FuncOp5buildERNS_9OpBuilderERNS_14OperationStateENS_9TypeRangeENS_10StringAttrENS_8TypeAttrENS_9ArrayAttrES9_
FNL:291,3474
FNA:291,0,_ZN4mlir7cpp2fir6FuncOp6createERNS_9OpBuilderENS_8LocationENS_9TypeRangeENS_10StringAttrENS_8TypeAttrENS_9ArrayAttrES8_
FNL:292,3482
FNA:292,0,_ZN4mlir7cpp2fir6FuncOp6createERNS_20ImplicitLocOpBuilderENS_9TypeRangeENS_10StringAttrENS_8TypeAttrENS_9ArrayAttrES7_
FNL:293,3486
FNA:293,0,_ZN4mlir7cpp2fir6FuncOp5buildERNS_9OpBuilderERNS_14OperationStateEN4llvm9StringRefENS_12FunctionTypeENS_9ArrayAttrES9_
FNL:294,3498
FNA:294,0,_ZN4mlir7cpp2fir6FuncOp6createERNS_9OpBuilderENS_8LocationEN4llvm9StringRefENS_12FunctionTypeENS_9ArrayAttrES8_
FNL:295,3506
FNA:295,0,_ZN4mlir7cpp2fir6FuncOp6createERNS_20ImplicitLocOpBuilderEN4llvm9StringRefENS_12FunctionTypeENS_9ArrayAttrES7_
FNL:296,3510
FNA:296,0,_ZN4mlir7cpp2fir6FuncOp5buildERNS_9OpBuilderERNS_14OperationStateENS_9TypeRangeEN4llvm9StringRefENS_12FunctionTypeENS_9ArrayAttrESA_
FNL:297,3524
FNA:297,0,_ZN4mlir7cpp2fir6FuncOp6createERNS_9OpBuilderENS_8LocationENS_9TypeRangeEN4llvm9StringRefENS_12FunctionTypeENS_9ArrayAttrES9_
FNL:298,3532
FNA:298,0,_ZN4mlir7cpp2fir6FuncOp6createERNS_20ImplicitLocOpBuilderENS_9TypeRangeEN4llvm9StringRefENS_12FunctionTypeENS_9ArrayAttrES8_
FNL:299,3536
FNA:299,0,_ZN4mlir7cpp2fir6FuncOp5buildERNS_9OpBuilderERNS_14OperationStateENS_9TypeRangeENS_10ValueRangeEN4llvm8ArrayRefINS_14NamedAttributeEEE
FNL:300,3556
FNA:300,0,_ZN4mlir7cpp2fir6FuncOp6createERNS_9OpBuilderENS_8LocationENS_9TypeRangeENS_10ValueRangeEN4llvm8ArrayRefINS_14NamedAttributeEEE
FNL:301,3564
FNA:301,0,_ZN4mlir7cpp2fir6FuncOp6createERNS_20ImplicitLocOpBuilderENS_9TypeRangeENS_10ValueRangeEN4llvm8ArrayRefINS_14NamedAttributeEEE
FNL:302,3568
FNA:302,0,_ZN4mlir7cpp2fir6FuncOp5buildERNS_9OpBuilderERNS_14OperationStateENS_9TypeRangeENS_10ValueRangeERKNS0_6detail24FuncOpGenericAdaptorBase10PropertiesEN4llvm8ArrayRefINS_14NamedAttributeEEE
FNL:303,3579
FNA:303,0,_ZN4mlir7cpp2fir6FuncOp6createERNS_9OpBuilderENS_8LocationENS_9TypeRangeENS_10ValueRangeERKNS0_6detail24FuncOpGenericAdaptorBase10PropertiesEN4llvm8ArrayRefINS_14NamedAttributeEEE
FNL:304,3587
FNA:304,0,_ZN4mlir7cpp2fir6FuncOp6createERNS_20ImplicitLocOpBuilderENS_9TypeRangeENS_10ValueRangeERKNS0_6detail24FuncOpGenericAdaptorBase10PropertiesEN4llvm8ArrayRefINS_14NamedAttributeEEE
FNL:305,3591
FNA:305,24,_ZN4mlir7cpp2fir6FuncOp20verifyInvariantsImplEv
FNL:306,3620
FNA:306,0,_ZN4mlir7cpp2fir6FuncOp16verifyInvariantsEv
FNL:307,3624
FNA:307,0,_ZN4mlir7cpp2fir6FuncOp5parseERNS_11OpAsmParserERNS_14OperationStateE
FNL:308,3643
FNA:308,0,_ZZN4mlir7cpp2fir6FuncOp5parseERNS_11OpAsmParserERNS_14OperationStateEENK3$_0clEv
FNL:309,365
FNA:309,0,_ZN4mlir7cpp2fir5AddOp16verifyInvariantsEv
FNL:310,3655
FNA:310,22,_ZN4mlir7cpp2fir6FuncOp5printERNS_12OpAsmPrinterE
FNL:311,3681
FNA:311,0,_ZN4mlir7cpp2fir6detail26KernelOpGenericAdaptorBaseC1ENS0_8KernelOpE
FNA:311,0,_ZN4mlir7cpp2fir6detail26KernelOpGenericAdaptorBaseC2ENS0_8KernelOpE
FNL:312,3683
FNA:312,0,_ZN4mlir7cpp2fir6detail26KernelOpGenericAdaptorBase10getSymNameEv
FNL:313,3688
FNA:313,0,_ZN4mlir7cpp2fir6detail26KernelOpGenericAdaptorBase15getFunctionTypeEv
FNL:314,369
FNA:314,0,_ZN4mlir7cpp2fir5AddOp5parseERNS_11OpAsmParserERNS_14OperationStateE
FNL:315,3693
FNA:315,0,_ZN4mlir7cpp2fir6detail26KernelOpGenericAdaptorBase15getLaunchConfigEv
FNL:316,3698
FNA:316,0,_ZN4mlir7cpp2fir6detail26KernelOpGenericAdaptorBase15getMemoryPolicyEv
FNL:317,3704
FNA:317,0,_ZN4mlir7cpp2fir15KernelOpAdaptorC1ENS0_8KernelOpE
FNA:317,0,_ZN4mlir7cpp2fir15KernelOpAdaptorC2ENS0_8KernelOpE
FNL:318,3706
FNA:318,0,_ZN4mlir7cpp2fir15KernelOpAdaptor6verifyENS_8LocationE
FNL:319,3728
FNA:319,0,_ZN4mlir7cpp2fir8KernelOp21setPropertiesFromAttrERNS0_6detail26KernelOpGenericAdaptorBase10PropertiesENS_9AttributeEN4llvm12function_refIFNS_18InFlightDiagnosticEvEEE
FNL:320,3793
FNA:320,0,_ZN4mlir7cpp2fir8KernelOp19getPropertiesAsAttrEPNS_11MLIRContextERKNS0_6detail26KernelOpGenericAdaptorBase10PropertiesE
FNL:321,3830
FNA:321,0,_ZN4mlir7cpp2fir8KernelOp21computePropertiesHashERKNS0_6detail26KernelOpGenericAdaptorBase10PropertiesE
FNL:322,3839
FNA:322,0,_ZN4mlir7cpp2fir8KernelOp15getInherentAttrEPNS_11MLIRContextERKNS0_6detail26KernelOpGenericAdaptorBase10PropertiesEN4llvm9StringRefE
FNL:323,3854
FNA:323,0,_ZN4mlir7cpp2fir8KernelOp15setInherentAttrERNS0_6detail26KernelOpGenericAdaptorBase10PropertiesEN4llvm9StringRefENS_9AttributeE
FNL:324,3876
FNA:324,0,_ZN4mlir7cpp2fir8KernelOp21populateInherentAttrsEPNS_11MLIRContextERKNS0_6detail26KernelOpGenericAdaptorBase10PropertiesERNS_13NamedAttrListE
FNL:325,3886
FNA:325,0,_ZN4mlir7cpp2fir8KernelOp19verifyInherentAttrsENS_13OperationNameERNS_13NamedAttrListEN4llvm12function_refIFNS_18InFlightDiagnosticEvEEE
FNL:326,3913
FNA:326,0,_ZN4mlir7cpp2fir8KernelOp14readPropertiesERNS_21DialectBytecodeReaderERNS_14OperationStateE
FNL:327,3929
FNA:327,0,_ZN4mlir7cpp2fir8KernelOp15writePropertiesERNS_21DialectBytecodeWriterE
FNL:328,3939
FNA:328,0,_ZN4mlir7cpp2fir8KernelOp10getSymNameEv
FNL:329,3944
FNA:329,0,_ZN4mlir7cpp2fir8KernelOp15getFunctionTypeEv
FNL:330,3949
FNA:330,0,_ZN4mlir7cpp2fir8KernelOp15getLaunchConfigEv
FNL:331,3954
FNA:331,0,_ZN4mlir7cpp2fir8KernelOp15getMemoryPolicyEv
FNL:332,3959
FNA:332,0,_ZN4mlir7cpp2fir8KernelOp10setSymNameEN4llvm9StringRefE
FNL:333,396
FNA:333,0,_ZZN4mlir7cpp2fir5AddOp5parseERNS_11OpAsmParserERNS_14OperationStateEENK3$_0clEv
FNL:334,3963
FNA:334,0,_ZN4mlir7cpp2fir8KernelOp15setFunctionTypeENS_4TypeE
FNL:335,3967
FNA:335,0,_ZN4mlir7cpp2fir8KernelOp15setLaunchConfigENSt3__18optionalIN4llvm9StringRefEEE
FNL:336,3975
FNA:336,0,_ZN4mlir7cpp2fir8KernelOp15setMemoryPolicyENSt3__18optionalIN4llvm9StringRefEEE
FNL:337,3983
FNA:337,0,_ZN4mlir7cpp2fir8KernelOp5buildERNS_9OpBuilderERNS_14OperationStateENS_10StringAttrENS_8TypeAttrES6_S6_
FNL:338,3995
FNA:338,0,_ZN4mlir7cpp2fir8KernelOp6createERNS_9OpBuilderENS_8LocationENS_10StringAttrENS_8TypeAttrES5_S5_
FNL:339,4003
FNA:339,0,_ZN4mlir7cpp2fir8KernelOp6createERNS_20ImplicitLocOpBuilderENS_10StringAttrENS_8TypeAttrES4_S4_
FNL:340,4007
FNA:340,0,_ZN4mlir7cpp2fir8KernelOp5buildERNS_9OpBuilderERNS_14OperationStateENS_9TypeRangeENS_10StringAttrENS_8TypeAttrES7_S7_
FNL:341,4021
FNA:341,0,_ZN4mlir7cpp2fir8KernelOp6createERNS_9OpBuilderENS_8LocationENS_9TypeRangeENS_10StringAttrENS_8TypeAttrES6_S6_
FNL:342,4029
FNA:342,0,_ZN4mlir7cpp2fir8KernelOp6createERNS_20ImplicitLocOpBuilderENS_9TypeRangeENS_10StringAttrENS_8TypeAttrES5_S5_
FNL:343,4033
FNA:343,0,_ZN4mlir7cpp2fir8KernelOp5buildERNS_9OpBuilderERNS_14OperationStateEN4llvm9StringRefENS_4TypeENS_10StringAttrES9_
FNL:344,4045
FNA:344,0,_ZN4mlir7cpp2fir8KernelOp6createERNS_9OpBuilderENS_8LocationEN4llvm9StringRefENS_4TypeENS_10StringAttrES8_
FNL:345,4053
FNA:345,0,_ZN4mlir7cpp2fir8KernelOp6createERNS_20ImplicitLocOpBuilderEN4llvm9StringRefENS_4TypeENS_10StringAttrES7_
FNL:346,4057
FNA:346,0,_ZN4mlir7cpp2fir8KernelOp5buildERNS_9OpBuilderERNS_14OperationStateENS_9TypeRangeEN4llvm9StringRefENS_4TypeENS_10StringAttrESA_
FNL:347,4071
FNA:347,0,_ZN4mlir7cpp2fir8KernelOp6createERNS_9OpBuilderENS_8LocationENS_9TypeRangeEN4llvm9StringRefENS_4TypeENS_10StringAttrES9_
FNL:348,4079
FNA:348,0,_ZN4mlir7cpp2fir8KernelOp6createERNS_20ImplicitLocOpBuilderENS_9TypeRangeEN4llvm9StringRefENS_4TypeENS_10StringAttrES8_
FNL:349,4083
FNA:349,0,_ZN4mlir7cpp2fir8KernelOp5buildERNS_9OpBuilderERNS_14OperationStateENS_9TypeRangeENS_10ValueRangeEN4llvm8ArrayRefINS_14NamedAttributeEEE
FNL:350,4103
FNA:350,0,_ZN4mlir7cpp2fir8KernelOp6createERNS_9OpBuilderENS_8LocationENS_9TypeRangeENS_10ValueRangeEN4llvm8ArrayRefINS_14NamedAttributeEEE
FNL:351,4111
FNA:351,0,_ZN4mlir7cpp2fir8KernelOp6createERNS_20ImplicitLocOpBuilderENS_9TypeRangeENS_10ValueRangeEN4llvm8ArrayRefINS_14NamedAttributeEEE
FNL:352,4115
FNA:352,0,_ZN4mlir7cpp2fir8KernelOp5buildERNS_9OpBuilderERNS_14OperationStateENS_9TypeRangeENS_10ValueRangeERKNS0_6detail26KernelOpGenericAdaptorBase10PropertiesEN4llvm8ArrayRefINS_14NamedAttributeEEE
FNL:353,4126
FNA:353,0,_ZN4mlir7cpp2fir8KernelOp6createERNS_9OpBuilderENS_8LocationENS_9TypeRangeENS_10ValueRangeERKNS0_6detail26KernelOpGenericAdaptorBase10PropertiesEN4llvm8ArrayRefINS_14NamedAttributeEEE
FNL:354,4134
FNA:354,0,_ZN4mlir7cpp2fir8KernelOp6createERNS_20ImplicitLocOpBuilderENS_9TypeRangeENS_10ValueRangeERKNS0_6detail26KernelOpGenericAdaptorBase10PropertiesEN4llvm8ArrayRefINS_14NamedAttributeEEE
FNL:355,4138
FNA:355,0,_ZN4mlir7cpp2fir8KernelOp20verifyInvariantsImplEv
FNL:356,4167
FNA:356,0,_ZN4mlir7cpp2fir8KernelOp16verifyInvariantsEv
FNL:357,4171
FNA:357,0,_ZN4mlir7cpp2fir8KernelOp5parseERNS_11OpAsmParserERNS_14OperationStateE
FNL:358,4208
FNA:358,0,_ZZN4mlir7cpp2fir8KernelOp5parseERNS_11OpAsmParserERNS_14OperationStateEENK3$_0clEv
FNL:359,4217
FNA:359,0,_ZN4mlir7cpp2fir8KernelOp5printERNS_12OpAsmPrinterE
FNL:360,4254
FNA:360,0,_ZN4mlir7cpp2fir6detail29MemRegionOpGenericAdaptorBaseC1ENS0_11MemRegionOpE
FNA:360,0,_ZN4mlir7cpp2fir6detail29MemRegionOpGenericAdaptorBaseC2ENS0_11MemRegionOpE
FNL:361,4256
FNA:361,0,_ZN4mlir7cpp2fir6detail29MemRegionOpGenericAdaptorBase13getRegionTypeEv
FNL:362,4261
FNA:362,0,_ZN4mlir7cpp2fir6detail29MemRegionOpGenericAdaptorBase12getSizeBytesEv
FNL:363,4266
FNA:363,0,_ZN4mlir7cpp2fir6detail29MemRegionOpGenericAdaptorBase17getDmaEnabledAttrEv
FNL:364,4273
FNA:364,0,_ZN4mlir7cpp2fir6detail29MemRegionOpGenericAdaptorBase13getDmaEnabledEv
FNL:365,4281
FNA:365,0,_ZN4mlir7cpp2fir18MemRegionOpAdaptorC1ENS0_11MemRegionOpE
FNA:365,0,_ZN4mlir7cpp2fir18MemRegionOpAdaptorC2ENS0_11MemRegionOpE
FNL:366,4283
FNA:366,0,_ZN4mlir7cpp2fir18MemRegionOpAdaptor6verifyENS_8LocationE
FNL:367,4301
FNA:367,0,_ZN4mlir7cpp2fir11MemRegionOp21setPropertiesFromAttrERNS0_6detail29MemRegionOpGenericAdaptorBase10PropertiesENS_9AttributeEN4llvm12function_refIFNS_18InFlightDiagnosticEvEEE
FNL:368,4352
FNA:368,0,_ZN4mlir7cpp2fir11MemRegionOp19getPropertiesAsAttrEPNS_11MLIRContextERKNS0_6detail29MemRegionOpGenericAdaptorBase10PropertiesE
FNL:369,436
FNA:369,8,_ZN4mlir7cpp2fir5AddOp5printERNS_12OpAsmPrinterE
FNL:370,4382
FNA:370,0,_ZN4mlir7cpp2fir11MemRegionOp21computePropertiesHashERKNS0_6detail29MemRegionOpGenericAdaptorBase10PropertiesE
FNL:371,4390
FNA:371,0,_ZN4mlir7cpp2fir11MemRegionOp15getInherentAttrEPNS_11MLIRContextERKNS0_6detail29MemRegionOpGenericAdaptorBase10PropertiesEN4llvm9StringRefE
FNL:372,4402
FNA:372,0,_ZN4mlir7cpp2fir11MemRegionOp15setInherentAttrERNS0_6detail29MemRegionOpGenericAdaptorBase10PropertiesEN4llvm9StringRefENS_9AttributeE
FNL:373,4419
FNA:373,0,_ZN4mlir7cpp2fir11MemRegionOp21populateInherentAttrsEPNS_11MLIRContextERKNS0_6detail29MemRegionOpGenericAdaptorBase10PropertiesERNS_13NamedAttrListE
FNL:374,4427
FNA:374,0,_ZN4mlir7cpp2fir11MemRegionOp19verifyInherentAttrsENS_13OperationNameERNS_13NamedAttrListEN4llvm12function_refIFNS_18InFlightDiagnosticEvEEE
FNL:375,4448
FNA:375,0,_ZN4mlir7cpp2fir11MemRegionOp14readPropertiesERNS_21DialectBytecodeReaderERNS_14OperationStateE
FNL:376,4461
FNA:376,0,_ZN4mlir7cpp2fir11MemRegionOp15writePropertiesERNS_21DialectBytecodeWriterE
FNL:377,4469
FNA:377,0,_ZN4mlir7cpp2fir11MemRegionOp13getRegionTypeEv
FNL:378,4474
FNA:378,0,_ZN4mlir7cpp2fir11MemRegionOp12getSizeBytesEv
FNL:379,4479
FNA:379,0,_ZN4mlir7cpp2fir11MemRegionOp13getDmaEnabledEv
FNL:380,4486
FNA:380,0,_ZN4mlir7cpp2fir11MemRegionOp13setRegionTypeEN4llvm9StringRefE
FNL:381,4490
FNA:381,0,_ZN4mlir7cpp2fir11MemRegionOp12setSizeBytesEy
FNL:382,4494
FNA:382,0,_ZN4mlir7cpp2fir11MemRegionOp13setDmaEnabledEb
FNL:383,4502
FNA:383,0,_ZN4mlir7cpp2fir11MemRegionOp5buildERNS_9OpBuilderERNS_14OperationStateENS_4TypeENS_10StringAttrENS_11IntegerAttrENS_8UnitAttrE
FNL:384,4511
FNA:384,0,_ZN4mlir7cpp2fir11MemRegionOp6createERNS_9OpBuilderENS_8LocationENS_4TypeENS_10StringAttrENS_11IntegerAttrENS_8UnitAttrE
FNL:385,4519
FNA:385,0,_ZN4mlir7cpp2fir11MemRegionOp6createERNS_20ImplicitLocOpBuilderENS_4TypeENS_10StringAttrENS_11IntegerAttrENS_8UnitAttrE
FNL:386,4523
FNA:386,0,_ZN4mlir7cpp2fir11MemRegionOp5buildERNS_9OpBuilderERNS_14OperationStateENS_9TypeRangeENS_10StringAttrENS_11IntegerAttrENS_8UnitAttrE
FNL:387,4533
FNA:387,0,_ZN4mlir7cpp2fir11MemRegionOp6createERNS_9OpBuilderENS_8LocationENS_9TypeRangeENS_10StringAttrENS_11IntegerAttrENS_8UnitAttrE
FNL:388,4541
FNA:388,0,_ZN4mlir7cpp2fir11MemRegionOp6createERNS_20ImplicitLocOpBuilderENS_9TypeRangeENS_10StringAttrENS_11IntegerAttrENS_8UnitAttrE
FNL:389,4545
FNA:389,0,_ZN4mlir7cpp2fir11MemRegionOp5buildERNS_9OpBuilderERNS_14OperationStateENS_4TypeEN4llvm9StringRefEyb
FNL:390,4554
FNA:390,0,_ZN4mlir7cpp2fir11MemRegionOp6createERNS_9OpBuilderENS_8LocationENS_4TypeEN4llvm9StringRefEyb
FNL:391,4562
FNA:391,0,_ZN4mlir7cpp2fir11MemRegionOp6createERNS_20ImplicitLocOpBuilderENS_4TypeEN4llvm9StringRefEyb
FNL:392,4566
FNA:392,0,_ZN4mlir7cpp2fir11MemRegionOp5buildERNS_9OpBuilderERNS_14OperationStateENS_9TypeRangeEN4llvm9StringRefEyb
FNL:393,4576
FNA:393,0,_ZN4mlir7cpp2fir11MemRegionOp6createERNS_9OpBuilderENS_8LocationENS_9TypeRangeEN4llvm9StringRefEyb
FNL:394,4584
FNA:394,0,_ZN4mlir7cpp2fir11MemRegionOp6createERNS_20ImplicitLocOpBuilderENS_9TypeRangeEN4llvm9StringRefEyb
FNL:395,4588
FNA:395,0,_ZN4mlir7cpp2fir11MemRegionOp5buildERNS_9OpBuilderERNS_14OperationStateENS_9TypeRangeENS_10ValueRangeEN4llvm8ArrayRefINS_14NamedAttributeEEE
FNL:396,4606
FNA:396,0,_ZN4mlir7cpp2fir11MemRegionOp6createERNS_9OpBuilderENS_8LocationENS_9TypeRangeENS_10ValueRangeEN4llvm8ArrayRefINS_14NamedAttributeEEE
FNL:397,4614
FNA:397,0,_ZN4mlir7cpp2fir11MemRegionOp6createERNS_20ImplicitLocOpBuilderENS_9TypeRangeENS_10ValueRangeEN4llvm8ArrayRefINS_14NamedAttributeEEE
FNL:398,4618
FNA:398,0,_ZN4mlir7cpp2fir11MemRegionOp5buildERNS_9OpBuilderERNS_14OperationStateENS_9TypeRangeENS_10ValueRangeERKNS0_6detail29MemRegionOpGenericAdaptorBase10PropertiesEN4llvm8ArrayRefINS_14NamedAttributeEEE
FNL:399,4627
FNA:399,0,_ZN4mlir7cpp2fir11MemRegionOp6createERNS_9OpBuilderENS_8LocationENS_9TypeRangeENS_10ValueRangeERKNS0_6detail29MemRegionOpGenericAdaptorBase10PropertiesEN4llvm8ArrayRefINS_14NamedAttributeEEE
FNL:400,4635
FNA:400,0,_ZN4mlir7cpp2fir11MemRegionOp6createERNS_20ImplicitLocOpBuilderENS_9TypeRangeENS_10ValueRangeERKNS0_6detail29MemRegionOpGenericAdaptorBase10PropertiesEN4llvm8ArrayRefINS_14NamedAttributeEEE
FNL:401,4639
FNA:401,0,_ZN4mlir7cpp2fir11MemRegionOp20verifyInvariantsImplEv
FNL:402,4666
FNA:402,0,_ZN4mlir7cpp2fir11MemRegionOp16verifyInvariantsEv
FNL:403,4670
FNA:403,0,_ZN4mlir7cpp2fir11MemRegionOp5parseERNS_11OpAsmParserERNS_14OperationStateE
FNL:404,4691
FNA:404,0,_ZZN4mlir7cpp2fir11MemRegionOp5parseERNS_11OpAsmParserERNS_14OperationStateEENK3$_0clEv
FNL:405,4711
FNA:405,0,_ZN4mlir7cpp2fir11MemRegionOp5printERNS_12OpAsmPrinterE
FNL:406,473
FNA:406,0,_ZN4mlir7cpp2fir5AddOp10getEffectsERN4llvm15SmallVectorImplINS_11SideEffects14EffectInstanceINS_13MemoryEffects6EffectEEEEE
FNL:407,4754
FNA:407,0,_ZN4mlir7cpp2fir6detail23MulOpGenericAdaptorBaseC1ENS0_5MulOpE
FNA:407,0,_ZN4mlir7cpp2fir6detail23MulOpGenericAdaptorBaseC2ENS0_5MulOpE
FNL:408,4757
FNA:408,0,_ZN4mlir7cpp2fir12MulOpAdaptorC1ENS0_5MulOpE
FNA:408,0,_ZN4mlir7cpp2fir12MulOpAdaptorC2ENS0_5MulOpE
FNL:409,4759
FNA:409,0,_ZN4mlir7cpp2fir12MulOpAdaptor6verifyENS_8LocationE
FNL:410,4763
FNA:410,0,_ZN4mlir7cpp2fir5MulOp21setPropertiesFromAttrERNS_15EmptyPropertiesENS_9AttributeEN4llvm12function_refIFNS_18InFlightDiagnosticEvEEE
FNL:411,4772
FNA:411,0,_ZN4mlir7cpp2fir5MulOp19getPropertiesAsAttrEPNS_11MLIRContextERKNS_15EmptyPropertiesE
FNL:412,4781
FNA:412,0,_ZN4mlir7cpp2fir5MulOp21computePropertiesHashERKNS_15EmptyPropertiesE
FNL:413,4786
FNA:413,0,_ZN4mlir7cpp2fir5MulOp15getInherentAttrEPNS_11MLIRContextERKNS_15EmptyPropertiesEN4llvm9StringRefE
FNL:414,4790
FNA:414,0,_ZN4mlir7cpp2fir5MulOp15setInherentAttrERNS_15EmptyPropertiesEN4llvm9StringRefENS_9AttributeE
FNL:415,4793
FNA:415,0,_ZN4mlir7cpp2fir5MulOp21populateInherentAttrsEPNS_11MLIRContextERKNS_15EmptyPropertiesERNS_13NamedAttrListE
FNL:416,4796
FNA:416,0,_ZN4mlir7cpp2fir5MulOp19verifyInherentAttrsENS_13OperationNameERNS_13NamedAttrListEN4llvm12function_refIFNS_18InFlightDiagnosticEvEEE
FNL:417,4800
FNA:417,3,_ZN4mlir7cpp2fir5MulOp5buildERNS_9OpBuilderERNS_14OperationStateENS_4TypeENS_5ValueES7_
FNL:418,4806
FNA:418,0,_ZN4mlir7cpp2fir5MulOp6createERNS_9OpBuilderENS_8LocationENS_4TypeENS_5ValueES6_
FNL:419,4814
FNA:419,0,_ZN4mlir7cpp2fir5MulOp6createERNS_20ImplicitLocOpBuilderENS_4TypeENS_5ValueES5_
FNL:420,4818
FNA:420,0,_ZN4mlir7cpp2fir5MulOp5buildERNS_9OpBuilderERNS_14OperationStateENS_9TypeRangeENS_5ValueES7_
FNL:421,4825
FNA:421,0,_ZN4mlir7cpp2fir5MulOp6createERNS_9OpBuilderENS_8LocationENS_9TypeRangeENS_5ValueES6_
FNL:422,4833
FNA:422,0,_ZN4mlir7cpp2fir5MulOp6createERNS_20ImplicitLocOpBuilderENS_9TypeRangeENS_5ValueES5_
FNL:423,4837
FNA:423,0,_ZN4mlir7cpp2fir5MulOp5buildERNS_9OpBuilderERNS_14OperationStateENS_9TypeRangeENS_10ValueRangeEN4llvm8ArrayRefINS_14NamedAttributeEEE
FNL:424,4845
FNA:424,0,_ZN4mlir7cpp2fir5MulOp6createERNS_9OpBuilderENS_8LocationENS_9TypeRangeENS_10ValueRangeEN4llvm8ArrayRefINS_14NamedAttributeEEE
FNL:425,4853
FNA:425,0,_ZN4mlir7cpp2fir5MulOp6createERNS_20ImplicitLocOpBuilderENS_9TypeRangeENS_10ValueRangeEN4llvm8ArrayRefINS_14NamedAttributeEEE
FNL:426,4857
FNA:426,0,_ZN4mlir7cpp2fir5MulOp5buildERNS_9OpBuilderERNS_14OperationStateENS_9TypeRangeENS_10ValueRangeERKNS_15EmptyPropertiesEN4llvm8ArrayRefINS_14NamedAttributeEEE
FNL:427,4866
FNA:427,0,_ZN4mlir7cpp2fir5MulOp6createERNS_9OpBuilderENS_8LocationENS_9TypeRangeENS_10ValueRangeERKNS_15EmptyPropertiesEN4llvm8ArrayRefINS_14NamedAttributeEEE
FNL:428,4874
FNA:428,0,_ZN4mlir7cpp2fir5MulOp6createERNS_20ImplicitLocOpBuilderENS_9TypeRangeENS_10ValueRangeERKNS_15EmptyPropertiesEN4llvm8ArrayRefINS_14NamedAttributeEEE
FNL:429,4878
FNA:429,3,_ZN4mlir7cpp2fir5MulOp20verifyInvariantsImplEv
FNL:430,488
FNA:430,0,_ZN4mlir7cpp2fir6detail23AndOpGenericAdaptorBaseC1ENS0_5AndOpE
FNA:430,0,_ZN4mlir7cpp2fir6detail23AndOpGenericAdaptorBaseC2ENS0_5AndOpE
FNL:431,4906
FNA:431,0,_ZN4mlir7cpp2fir5MulOp16verifyInvariantsEv
FNL:432,491
FNA:432,0,_ZN4mlir7cpp2fir12AndOpAdaptorC1ENS0_5AndOpE
FNA:432,0,_ZN4mlir7cpp2fir12AndOpAdaptorC2ENS0_5AndOpE
FNL:433,4910
FNA:433,0,_ZN4mlir7cpp2fir5MulOp5parseERNS_11OpAsmParserERNS_14OperationStateE
FNL:434,493
FNA:434,0,_ZN4mlir7cpp2fir12AndOpAdaptor6verifyENS_8LocationE
FNL:435,4937
FNA:435,0,_ZZN4mlir7cpp2fir5MulOp5parseERNS_11OpAsmParserERNS_14OperationStateEENK3$_0clEv
FNL:436,497
FNA:436,0,_ZN4mlir7cpp2fir5AndOp21setPropertiesFromAttrERNS_15EmptyPropertiesENS_9AttributeEN4llvm12function_refIFNS_18InFlightDiagnosticEvEEE
FNL:437,4977
FNA:437,4,_ZN4mlir7cpp2fir5MulOp5printERNS_12OpAsmPrinterE
FNL:438,5014
FNA:438,0,_ZN4mlir7cpp2fir5MulOp10getEffectsERN4llvm15SmallVectorImplINS_11SideEffects14EffectInstanceINS_13MemoryEffects6EffectEEEEE
FNL:439,5029
FNA:439,0,_ZN4mlir7cpp2fir6detail23NotOpGenericAdaptorBaseC1ENS0_5NotOpE
FNA:439,0,_ZN4mlir7cpp2fir6detail23NotOpGenericAdaptorBaseC2ENS0_5NotOpE
FNL:440,5032
FNA:440,0,_ZN4mlir7cpp2fir12NotOpAdaptorC1ENS0_5NotOpE
FNA:440,0,_ZN4mlir7cpp2fir12NotOpAdaptorC2ENS0_5NotOpE
FNL:441,5034
FNA:441,0,_ZN4mlir7cpp2fir12NotOpAdaptor6verifyENS_8LocationE
FNL:442,5038
FNA:442,0,_ZN4mlir7cpp2fir5NotOp21setPropertiesFromAttrERNS_15EmptyPropertiesENS_9AttributeEN4llvm12function_refIFNS_18InFlightDiagnosticEvEEE
FNL:443,5047
FNA:443,0,_ZN4mlir7cpp2fir5NotOp19getPropertiesAsAttrEPNS_11MLIRContextERKNS_15EmptyPropertiesE
FNL:444,5056
FNA:444,0,_ZN4mlir7cpp2fir5NotOp21computePropertiesHashERKNS_15EmptyPropertiesE
FNL:445,506
FNA:445,0,_ZN4mlir7cpp2fir5AndOp19getPropertiesAsAttrEPNS_11MLIRContextERKNS_15EmptyPropertiesE
FNL:446,5061
FNA:446,0,_ZN4mlir7cpp2fir5NotOp15getInherentAttrEPNS_11MLIRContextERKNS_15EmptyPropertiesEN4llvm9StringRefE
FNL:447,5065
FNA:447,0,_ZN4mlir7cpp2fir5NotOp15setInherentAttrERNS_15EmptyPropertiesEN4llvm9StringRefENS_9AttributeE
FNL:448,5068
FNA:448,0,_ZN4mlir7cpp2fir5NotOp21populateInherentAttrsEPNS_11MLIRContextERKNS_15EmptyPropertiesERNS_13NamedAttrListE
FNL:449,5071
FNA:449,0,_ZN4mlir7cpp2fir5NotOp19verifyInherentAttrsENS_13OperationNameERNS_13NamedAttrListEN4llvm12function_refIFNS_18InFlightDiagnosticEvEEE
FNL:450,5075
FNA:450,0,_ZN4mlir7cpp2fir5NotOp5buildERNS_9OpBuilderERNS_14OperationStateENS_4TypeENS_5ValueE
FNL:451,5080
FNA:451,0,_ZN4mlir7cpp2fir5NotOp6createERNS_9OpBuilderENS_8LocationENS_4TypeENS_5ValueE
FNL:452,5088
FNA:452,0,_ZN4mlir7cpp2fir5NotOp6createERNS_20ImplicitLocOpBuilderENS_4TypeENS_5ValueE
FNL:453,5092
FNA:453,0,_ZN4mlir7cpp2fir5NotOp5buildERNS_9OpBuilderERNS_14OperationStateENS_9TypeRangeENS_5ValueE
FNL:454,5098
FNA:454,0,_ZN4mlir7cpp2fir5NotOp6createERNS_9OpBuilderENS_8LocationENS_9TypeRangeENS_5ValueE
FNL:455,51
FNA:455,96,_ZN4mlir7cpp2firL48__mlir_ods_local_type_constraint_Cpp2FIRDialect1EPNS_9OperationENS_4TypeEN4llvm9StringRefEj
FNL:456,5106
FNA:456,0,_ZN4mlir7cpp2fir5NotOp6createERNS_20ImplicitLocOpBuilderENS_9TypeRangeENS_5ValueE
FNL:457,5110
FNA:457,0,_ZN4mlir7cpp2fir5NotOp5buildERNS_9OpBuilderERNS_14OperationStateENS_9TypeRangeENS_10ValueRangeEN4llvm8ArrayRefINS_14NamedAttributeEEE
FNL:458,5118
FNA:458,0,_ZN4mlir7cpp2fir5NotOp6createERNS_9OpBuilderENS_8LocationENS_9TypeRangeENS_10ValueRangeEN4llvm8ArrayRefINS_14NamedAttributeEEE
FNL:459,5126
FNA:459,0,_ZN4mlir7cpp2fir5NotOp6createERNS_20ImplicitLocOpBuilderENS_9TypeRangeENS_10ValueRangeEN4llvm8ArrayRefINS_14NamedAttributeEEE
FNL:460,5130
FNA:460,0,_ZN4mlir7cpp2fir5NotOp5buildERNS_9OpBuilderERNS_14OperationStateENS_9TypeRangeENS_10ValueRangeERKNS_15EmptyPropertiesEN4llvm8ArrayRefINS_14NamedAttributeEEE
FNL:461,5139
FNA:461,0,_ZN4mlir7cpp2fir5NotOp6createERNS_9OpBuilderENS_8LocationENS_9TypeRangeENS_10ValueRangeERKNS_15EmptyPropertiesEN4llvm8ArrayRefINS_14NamedAttributeEEE
FNL:462,5147
FNA:462,0,_ZN4mlir7cpp2fir5NotOp6createERNS_20ImplicitLocOpBuilderENS_9TypeRangeENS_10ValueRangeERKNS_15EmptyPropertiesEN4llvm8ArrayRefINS_14NamedAttributeEEE
FNL:463,515
FNA:463,0,_ZN4mlir7cpp2fir5AndOp21computePropertiesHashERKNS_15EmptyPropertiesE
FNL:464,5151
FNA:464,0,_ZN4mlir7cpp2fir5NotOp20verifyInvariantsImplEv
FNL:465,5173
FNA:465,0,_ZN4mlir7cpp2fir5NotOp16verifyInvariantsEv
FNL:466,5177
FNA:466,0,_ZN4mlir7cpp2fir5NotOp5parseERNS_11OpAsmParserERNS_14OperationStateE
FNL:467,5193
FNA:467,0,_ZZN4mlir7cpp2fir5NotOp5parseERNS_11OpAsmParserERNS_14OperationStateEENK3$_0clEv
FNL:468,520
FNA:468,0,_ZN4mlir7cpp2fir5AndOp15getInherentAttrEPNS_11MLIRContextERKNS_15EmptyPropertiesEN4llvm9StringRefE
FNL:469,5222
FNA:469,0,_ZN4mlir7cpp2fir5NotOp5printERNS_12OpAsmPrinterE
FNL:470,524
FNA:470,0,_ZN4mlir7cpp2fir5AndOp15setInherentAttrERNS_15EmptyPropertiesEN4llvm9StringRefENS_9AttributeE
FNL:471,5247
FNA:471,0,_ZN4mlir7cpp2fir5NotOp10getEffectsERN4llvm15SmallVectorImplINS_11SideEffects14EffectInstanceINS_13MemoryEffects6EffectEEEEE
FNL:472,5262
FNA:472,0,_ZN4mlir7cpp2fir6detail22OrOpGenericAdaptorBaseC1ENS0_4OrOpE
FNA:472,0,_ZN4mlir7cpp2fir6detail22OrOpGenericAdaptorBaseC2ENS0_4OrOpE
FNL:473,5265
FNA:473,0,_ZN4mlir7cpp2fir11OrOpAdaptorC1ENS0_4OrOpE
FNA:473,0,_ZN4mlir7cpp2fir11OrOpAdaptorC2ENS0_4OrOpE
FNL:474,5267
FNA:474,0,_ZN4mlir7cpp2fir11OrOpAdaptor6verifyENS_8LocationE
FNL:475,527
FNA:475,0,_ZN4mlir7cpp2fir5AndOp21populateInherentAttrsEPNS_11MLIRContextERKNS_15EmptyPropertiesERNS_13NamedAttrListE
FNL:476,5271
FNA:476,0,_ZN4mlir7cpp2fir4OrOp21setPropertiesFromAttrERNS_15EmptyPropertiesENS_9AttributeEN4llvm12function_refIFNS_18InFlightDiagnosticEvEEE
FNL:477,5280
FNA:477,0,_ZN4mlir7cpp2fir4OrOp19getPropertiesAsAttrEPNS_11MLIRContextERKNS_15EmptyPropertiesE
FNL:478,5289
FNA:478,0,_ZN4mlir7cpp2fir4OrOp21computePropertiesHashERKNS_15EmptyPropertiesE
FNL:479,5294
FNA:479,0,_ZN4mlir7cpp2fir4OrOp15getInherentAttrEPNS_11MLIRContextERKNS_15EmptyPropertiesEN4llvm9StringRefE
FNL:480,5298
FNA:480,0,_ZN4mlir7cpp2fir4OrOp15setInherentAttrERNS_15EmptyPropertiesEN4llvm9StringRefENS_9AttributeE
FNL:481,530
FNA:481,0,_ZN4mlir7cpp2fir5AndOp19verifyInherentAttrsENS_13OperationNameERNS_13NamedAttrListEN4llvm12function_refIFNS_18InFlightDiagnosticEvEEE
FNL:482,5301
FNA:482,0,_ZN4mlir7cpp2fir4OrOp21populateInherentAttrsEPNS_11MLIRContextERKNS_15EmptyPropertiesERNS_13NamedAttrListE
FNL:483,5304
FNA:483,0,_ZN4mlir7cpp2fir4OrOp19verifyInherentAttrsENS_13OperationNameERNS_13NamedAttrListEN4llvm12function_refIFNS_18InFlightDiagnosticEvEEE
FNL:484,5308
FNA:484,1,_ZN4mlir7cpp2fir4OrOp5buildERNS_9OpBuilderERNS_14OperationStateENS_4TypeENS_5ValueES7_
FNL:485,5314
FNA:485,0,_ZN4mlir7cpp2fir4OrOp6createERNS_9OpBuilderENS_8LocationENS_4TypeENS_5ValueES6_
FNL:486,5322
FNA:486,0,_ZN4mlir7cpp2fir4OrOp6createERNS_20ImplicitLocOpBuilderENS_4TypeENS_5ValueES5_
FNL:487,5326
FNA:487,0,_ZN4mlir7cpp2fir4OrOp5buildERNS_9OpBuilderERNS_14OperationStateENS_9TypeRangeENS_5ValueES7_
FNL:488,5333
FNA:488,0,_ZN4mlir7cpp2fir4OrOp6createERNS_9OpBuilderENS_8LocationENS_9TypeRangeENS_5ValueES6_
FNL:489,534
FNA:489,2,_ZN4mlir7cpp2fir5AndOp5buildERNS_9OpBuilderERNS_14OperationStateENS_4TypeENS_5ValueES7_
FNL:490,5341
FNA:490,0,_ZN4mlir7cpp2fir4OrOp6createERNS_20ImplicitLocOpBuilderENS_9TypeRangeENS_5ValueES5_
FNL:491,5345
FNA:491,0,_ZN4mlir7cpp2fir4OrOp5buildERNS_9OpBuilderERNS_14OperationStateENS_9TypeRangeENS_10ValueRangeEN4llvm8ArrayRefINS_14NamedAttributeEEE
FNL:492,5353
FNA:492,0,_ZN4mlir7cpp2fir4OrOp6createERNS_9OpBuilderENS_8LocationENS_9TypeRangeENS_10ValueRangeEN4llvm8ArrayRefINS_14NamedAttributeEEE
FNL:493,5361
FNA:493,0,_ZN4mlir7cpp2fir4OrOp6createERNS_20ImplicitLocOpBuilderENS_9TypeRangeENS_10ValueRangeEN4llvm8ArrayRefINS_14NamedAttributeEEE
FNL:494,5365
FNA:494,0,_ZN4mlir7cpp2fir4OrOp5buildERNS_9OpBuilderERNS_14OperationStateENS_9TypeRangeENS_10ValueRangeERKNS_15EmptyPropertiesEN4llvm8ArrayRefINS_14NamedAttributeEEE
FNL:495,5374
FNA:495,0,_ZN4mlir7cpp2fir4OrOp6createERNS_9OpBuilderENS_8LocationENS_9TypeRangeENS_10ValueRangeERKNS_15EmptyPropertiesEN4llvm8ArrayRefINS_14NamedAttributeEEE
FNL:496,5382
FNA:496,0,_ZN4mlir7cpp2fir4OrOp6createERNS_20ImplicitLocOpBuilderENS_9TypeRangeENS_10ValueRangeERKNS_15EmptyPropertiesEN4llvm8ArrayRefINS_14NamedAttributeEEE
FNL:497,5386
FNA:497,1,_ZN4mlir7cpp2fir4OrOp20verifyInvariantsImplEv
FNL:498,540
FNA:498,0,_ZN4mlir7cpp2fir5AndOp6createERNS_9OpBuilderENS_8LocationENS_4TypeENS_5ValueES6_
FNL:499,5414
FNA:499,0,_ZN4mlir7cpp2fir4OrOp16verifyInvariantsEv
FNL:500,5418
FNA:500,0,_ZN4mlir7cpp2fir4OrOp5parseERNS_11OpAsmParserERNS_14OperationStateE
FNL:501,5445
FNA:501,0,_ZZN4mlir7cpp2fir4OrOp5parseERNS_11OpAsmParserERNS_14OperationStateEENK3$_0clEv
FNL:502,548
FNA:502,0,_ZN4mlir7cpp2fir5AndOp6createERNS_20ImplicitLocOpBuilderENS_4TypeENS_5ValueES5_
FNL:503,5485
FNA:503,2,_ZN4mlir7cpp2fir4OrOp5printERNS_12OpAsmPrinterE
FNL:504,552
FNA:504,0,_ZN4mlir7cpp2fir5AndOp5buildERNS_9OpBuilderERNS_14OperationStateENS_9TypeRangeENS_5ValueES7_
FNL:505,5522
FNA:505,0,_ZN4mlir7cpp2fir4OrOp10getEffectsERN4llvm15SmallVectorImplINS_11SideEffects14EffectInstanceINS_13MemoryEffects6EffectEEEEE
FNL:506,5537
FNA:506,0,_ZN4mlir7cpp2fir6detail31ParallelForOpGenericAdaptorBaseC1ENS0_13ParallelForOpE
FNA:506,0,_ZN4mlir7cpp2fir6detail31ParallelForOpGenericAdaptorBaseC2ENS0_13ParallelForOpE
FNL:507,5539
FNA:507,0,_ZN4mlir7cpp2fir6detail31ParallelForOpGenericAdaptorBase10getMappingEv
FNL:508,5545
FNA:508,0,_ZN4mlir7cpp2fir20ParallelForOpAdaptorC1ENS0_13ParallelForOpE
FNA:508,0,_ZN4mlir7cpp2fir20ParallelForOpAdaptorC2ENS0_13ParallelForOpE
FNL:509,5547
FNA:509,0,_ZN4mlir7cpp2fir20ParallelForOpAdaptor6verifyENS_8LocationE
FNL:510,5556
FNA:510,0,_ZN4mlir7cpp2fir13ParallelForOp21setPropertiesFromAttrERNS0_6detail31ParallelForOpGenericAdaptorBase10PropertiesENS_9AttributeEN4llvm12function_refIFNS_18InFlightDiagnosticEvEEE
FNL:511,5579
FNA:511,0,_ZN4mlir7cpp2fir13ParallelForOp19getPropertiesAsAttrEPNS_11MLIRContextERKNS0_6detail31ParallelForOpGenericAdaptorBase10PropertiesE
FNL:512,559
FNA:512,0,_ZN4mlir7cpp2fir5AndOp6createERNS_9OpBuilderENS_8LocationENS_9TypeRangeENS_5ValueES6_
FNL:513,5595
FNA:513,0,_ZN4mlir7cpp2fir13ParallelForOp21computePropertiesHashERKNS0_6detail31ParallelForOpGenericAdaptorBase10PropertiesE
FNL:514,5601
FNA:514,0,_ZN4mlir7cpp2fir13ParallelForOp15getInherentAttrEPNS_11MLIRContextERKNS0_6detail31ParallelForOpGenericAdaptorBase10PropertiesEN4llvm9StringRefE
FNL:515,5607
FNA:515,0,_ZN4mlir7cpp2fir13ParallelForOp15setInherentAttrERNS0_6detail31ParallelForOpGenericAdaptorBase10PropertiesEN4llvm9StringRefENS_9AttributeE
FNL:516,5614
FNA:516,0,_ZN4mlir7cpp2fir13ParallelForOp21populateInherentAttrsEPNS_11MLIRContextERKNS0_6detail31ParallelForOpGenericAdaptorBase10PropertiesERNS_13NamedAttrListE
FNL:517,5618
FNA:517,0,_ZN4mlir7cpp2fir13ParallelForOp19verifyInherentAttrsENS_13OperationNameERNS_13NamedAttrListEN4llvm12function_refIFNS_18InFlightDiagnosticEvEEE
FNL:518,5627
FNA:518,0,_ZN4mlir7cpp2fir13ParallelForOp14readPropertiesERNS_21DialectBytecodeReaderERNS_14OperationStateE
FNL:519,5634
FNA:519,0,_ZN4mlir7cpp2fir13ParallelForOp15writePropertiesERNS_21DialectBytecodeWriterE
FNL:520,5639
FNA:520,0,_ZN4mlir7cpp2fir13ParallelForOp10getMappingEv
FNL:521,5644
FNA:521,0,_ZN4mlir7cpp2fir13ParallelForOp10setMappingEN4llvm9StringRefE
FNL:522,5648
FNA:522,0,_ZN4mlir7cpp2fir13ParallelForOp5buildERNS_9OpBuilderERNS_14OperationStateENS_5ValueES6_S6_NS_10StringAttrE
FNL:523,5656
FNA:523,0,_ZN4mlir7cpp2fir13ParallelForOp6createERNS_9OpBuilderENS_8LocationENS_5ValueES5_S5_NS_10StringAttrE
FNL:524,5664
FNA:524,0,_ZN4mlir7cpp2fir13ParallelForOp6createERNS_20ImplicitLocOpBuilderENS_5ValueES4_S4_NS_10StringAttrE
FNL:525,5668
FNA:525,0,_ZN4mlir7cpp2fir13ParallelForOp5buildERNS_9OpBuilderERNS_14OperationStateENS_9TypeRangeENS_5ValueES7_S7_NS_10StringAttrE
FNL:526,567
FNA:526,0,_ZN4mlir7cpp2fir5AndOp6createERNS_20ImplicitLocOpBuilderENS_9TypeRangeENS_5ValueES5_
FNL:527,5678
FNA:527,0,_ZN4mlir7cpp2fir13ParallelForOp6createERNS_9OpBuilderENS_8LocationENS_9TypeRangeENS_5ValueES6_S6_NS_10StringAttrE
FNL:528,5686
FNA:528,0,_ZN4mlir7cpp2fir13ParallelForOp6createERNS_20ImplicitLocOpBuilderENS_9TypeRangeENS_5ValueES5_S5_NS_10StringAttrE
FNL:529,5690
FNA:529,0,_ZN4mlir7cpp2fir13ParallelForOp5buildERNS_9OpBuilderERNS_14OperationStateENS_5ValueES6_S6_N4llvm9StringRefE
FNL:530,5698
FNA:530,0,_ZN4mlir7cpp2fir13ParallelForOp6createERNS_9OpBuilderENS_8LocationENS_5ValueES5_S5_N4llvm9StringRefE
FNL:531,5706
FNA:531,0,_ZN4mlir7cpp2fir13ParallelForOp6createERNS_20ImplicitLocOpBuilderENS_5ValueES4_S4_N4llvm9StringRefE
FNL:532,571
FNA:532,0,_ZN4mlir7cpp2fir5AndOp5buildERNS_9OpBuilderERNS_14OperationStateENS_9TypeRangeENS_10ValueRangeEN4llvm8ArrayRefINS_14NamedAttributeEEE
FNL:533,5710
FNA:533,0,_ZN4mlir7cpp2fir13ParallelForOp5buildERNS_9OpBuilderERNS_14OperationStateENS_9TypeRangeENS_5ValueES7_S7_N4llvm9StringRefE
FNL:534,5720
FNA:534,0,_ZN4mlir7cpp2fir13ParallelForOp6createERNS_9OpBuilderENS_8LocationENS_9TypeRangeENS_5ValueES6_S6_N4llvm9StringRefE
FNL:535,5728
FNA:535,0,_ZN4mlir7cpp2fir13ParallelForOp6createERNS_20ImplicitLocOpBuilderENS_9TypeRangeENS_5ValueES5_S5_N4llvm9StringRefE
FNL:536,5732
FNA:536,0,_ZN4mlir7cpp2fir13ParallelForOp5buildERNS_9OpBuilderERNS_14OperationStateENS_9TypeRangeENS_10ValueRangeEN4llvm8ArrayRefINS_14NamedAttributeEEE
FNL:537,5752
FNA:537,0,_ZN4mlir7cpp2fir13ParallelForOp6createERNS_9OpBuilderENS_8LocationENS_9TypeRangeENS_10ValueRangeEN4llvm8ArrayRefINS_14NamedAttributeEEE
FNL:538,5760
FNA:538,0,_ZN4mlir7cpp2fir13ParallelForOp6createERNS_20ImplicitLocOpBuilderENS_9TypeRangeENS_10ValueRangeEN4llvm8ArrayRefINS_14NamedAttributeEEE
FNL:539,5764
FNA:539,0,_ZN4mlir7cpp2fir13ParallelForOp5buildERNS_9OpBuilderERNS_14OperationStateENS_9TypeRangeENS_10ValueRangeERKNS0_6detail31ParallelForOpGenericAdaptorBase10PropertiesEN4llvm8ArrayRefINS_14NamedAttributeEEE
FNL:540,5775
FNA:540,0,_ZN4mlir7cpp2fir13ParallelForOp6createERNS_9OpBuilderENS_8LocationENS_9TypeRangeENS_10ValueRangeERKNS0_6detail31ParallelForOpGenericAdaptorBase10PropertiesEN4llvm8ArrayRefINS_14NamedAttributeEEE
FNL:541,5783
FNA:541,0,_ZN4mlir7cpp2fir13ParallelForOp6createERNS_20ImplicitLocOpBuilderENS_9TypeRangeENS_10ValueRangeERKNS0_6detail31ParallelForOpGenericAdaptorBase10PropertiesEN4llvm8ArrayRefINS_14NamedAttributeEEE
FNL:542,5787
FNA:542,0,_ZN4mlir7cpp2fir13ParallelForOp20verifyInvariantsImplEv
FNL:543,579
FNA:543,0,_ZN4mlir7cpp2fir5AndOp6createERNS_9OpBuilderENS_8LocationENS_9TypeRangeENS_10ValueRangeEN4llvm8ArrayRefINS_14NamedAttributeEEE
FNL:544,5824
FNA:544,0,_ZN4mlir7cpp2fir13ParallelForOp16verifyInvariantsEv
FNL:545,5828
FNA:545,0,_ZN4mlir7cpp2fir13ParallelForOp5parseERNS_11OpAsmParserERNS_14OperationStateE
FNL:546,587
FNA:546,0,_ZN4mlir7cpp2fir5AndOp6createERNS_20ImplicitLocOpBuilderENS_9TypeRangeENS_10ValueRangeEN4llvm8ArrayRefINS_14NamedAttributeEEE
FNL:547,5870
FNA:547,0,_ZZN4mlir7cpp2fir13ParallelForOp5parseERNS_11OpAsmParserERNS_14OperationStateEENK3$_0clEv
FNL:548,5886
FNA:548,0,_ZN4mlir7cpp2fir13ParallelForOp5printERNS_12OpAsmPrinterE
FNL:549,591
FNA:549,0,_ZN4mlir7cpp2fir5AndOp5buildERNS_9OpBuilderERNS_14OperationStateENS_9TypeRangeENS_10ValueRangeERKNS_15EmptyPropertiesEN4llvm8ArrayRefINS_14NamedAttributeEEE
FNL:550,5917
FNA:550,0,_ZN4mlir7cpp2fir6detail23PhiOpGenericAdaptorBaseC1ENS0_5PhiOpE
FNA:550,0,_ZN4mlir7cpp2fir6detail23PhiOpGenericAdaptorBaseC2ENS0_5PhiOpE
FNL:551,5919
FNA:551,0,_ZN4mlir7cpp2fir6detail23PhiOpGenericAdaptorBase27getODSOperandIndexAndLengthEjj
FNL:552,5938
FNA:552,0,_ZN4mlir7cpp2fir12PhiOpAdaptorC1ENS0_5PhiOpE
FNA:552,0,_ZN4mlir7cpp2fir12PhiOpAdaptorC2ENS0_5PhiOpE
FNL:553,5940
FNA:553,0,_ZN4mlir7cpp2fir12PhiOpAdaptor6verifyENS_8LocationE
FNL:554,5944
FNA:554,0,_ZN4mlir7cpp2fir5PhiOp27getODSOperandIndexAndLengthEj
FNL:555,5962
FNA:555,0,_ZN4mlir7cpp2fir5PhiOp16getValuesMutableEv
FNL:556,5968
FNA:556,0,_ZN4mlir7cpp2fir5PhiOp21setPropertiesFromAttrERNS_15EmptyPropertiesENS_9AttributeEN4llvm12function_refIFNS_18InFlightDiagnosticEvEEE
FNL:557,5977
FNA:557,0,_ZN4mlir7cpp2fir5PhiOp19getPropertiesAsAttrEPNS_11MLIRContextERKNS_15EmptyPropertiesE
FNL:558,5986
FNA:558,0,_ZN4mlir7cpp2fir5PhiOp21computePropertiesHashERKNS_15EmptyPropertiesE
FNL:559,5991
FNA:559,0,_ZN4mlir7cpp2fir5PhiOp15getInherentAttrEPNS_11MLIRContextERKNS_15EmptyPropertiesEN4llvm9StringRefE
FNL:560,5995
FNA:560,0,_ZN4mlir7cpp2fir5PhiOp15setInherentAttrERNS_15EmptyPropertiesEN4llvm9StringRefENS_9AttributeE
FNL:561,5998
FNA:561,0,_ZN4mlir7cpp2fir5PhiOp21populateInherentAttrsEPNS_11MLIRContextERKNS_15EmptyPropertiesERNS_13NamedAttrListE
FNL:562,600
FNA:562,0,_ZN4mlir7cpp2fir5AndOp6createERNS_9OpBuilderENS_8LocationENS_9TypeRangeENS_10ValueRangeERKNS_15EmptyPropertiesEN4llvm8ArrayRefINS_14NamedAttributeEEE
FNL:563,6001
FNA:563,0,_ZN4mlir7cpp2fir5PhiOp19verifyInherentAttrsENS_13OperationNameERNS_13NamedAttrListEN4llvm12function_refIFNS_18InFlightDiagnosticEvEEE
FNL:564,6005
FNA:564,1,_ZN4mlir7cpp2fir5PhiOp5buildERNS_9OpBuilderERNS_14OperationStateENS_4TypeENS_10ValueRangeE
FNL:565,6010
FNA:565,0,_ZN4mlir7cpp2fir5PhiOp6createERNS_9OpBuilderENS_8LocationENS_4TypeENS_10ValueRangeE
FNL:566,6018
FNA:566,0,_ZN4mlir7cpp2fir5PhiOp6createERNS_20ImplicitLocOpBuilderENS_4TypeENS_10ValueRangeE
FNL:567,6022
FNA:567,0,_ZN4mlir7cpp2fir5PhiOp5buildERNS_9OpBuilderERNS_14OperationStateENS_9TypeRangeENS_10ValueRangeEN4llvm8ArrayRefINS_14NamedAttributeEEE
FNL:568,6029
FNA:568,0,_ZN4mlir7cpp2fir5PhiOp6createERNS_9OpBuilderENS_8LocationENS_9TypeRangeENS_10ValueRangeEN4llvm8ArrayRefINS_14NamedAttributeEEE
FNL:569,6037
FNA:569,0,_ZN4mlir7cpp2fir5PhiOp6createERNS_20ImplicitLocOpBuilderENS_9TypeRangeENS_10ValueRangeEN4llvm8ArrayRefINS_14NamedAttributeEEE
FNL:570,6041
FNA:570,0,_ZN4mlir7cpp2fir5PhiOp5buildERNS_9OpBuilderERNS_14OperationStateENS_9TypeRangeENS_10ValueRangeERKNS_15EmptyPropertiesEN4llvm8ArrayRefINS_14NamedAttributeEEE
FNL:571,6049
FNA:571,0,_ZN4mlir7cpp2fir5PhiOp6createERNS_9OpBuilderENS_8LocationENS_9TypeRangeENS_10ValueRangeERKNS_15EmptyPropertiesEN4llvm8ArrayRefINS_14NamedAttributeEEE
FNL:572,6057
FNA:572,0,_ZN4mlir7cpp2fir5PhiOp6createERNS_20ImplicitLocOpBuilderENS_9TypeRangeENS_10ValueRangeERKNS_15EmptyPropertiesEN4llvm8ArrayRefINS_14NamedAttributeEEE
FNL:573,6061
FNA:573,0,_ZN4mlir7cpp2fir5PhiOp20verifyInvariantsImplEv
FNL:574,608
FNA:574,0,_ZN4mlir7cpp2fir5AndOp6createERNS_20ImplicitLocOpBuilderENS_9TypeRangeENS_10ValueRangeERKNS_15EmptyPropertiesEN4llvm8ArrayRefINS_14NamedAttributeEEE
FNL:575,6083
FNA:575,0,_ZN4mlir7cpp2fir5PhiOp16verifyInvariantsEv
FNL:576,6087
FNA:576,0,_ZN4mlir7cpp2fir5PhiOp5parseERNS_11OpAsmParserERNS_14OperationStateE
FNL:577,61
FNA:577,0,_ZN4mlir7cpp2firL48__mlir_ods_local_type_constraint_Cpp2FIRDialect2EPNS_9OperationENS_4TypeEN4llvm9StringRefEj
FNL:578,6102
FNA:578,0,_ZZN4mlir7cpp2fir5PhiOp5parseERNS_11OpAsmParserERNS_14OperationStateEENK3$_0clEv
FNL:579,612
FNA:579,2,_ZN4mlir7cpp2fir5AndOp20verifyInvariantsImplEv
FNL:580,6127
FNA:580,0,_ZN4mlir7cpp2fir5PhiOp5printERNS_12OpAsmPrinterE
FNL:581,6146
FNA:581,0,_ZN4mlir7cpp2fir5PhiOp10getEffectsERN4llvm15SmallVectorImplINS_11SideEffects14EffectInstanceINS_13MemoryEffects6EffectEEEEE
FNL:582,6161
FNA:582,0,_ZN4mlir7cpp2fir6detail33PostconditionOpGenericAdaptorBaseC1ENS0_15PostconditionOpE
FNA:582,0,_ZN4mlir7cpp2fir6detail33PostconditionOpGenericAdaptorBaseC2ENS0_15PostconditionOpE
FNL:583,6163
FNA:583,0,_ZN4mlir7cpp2fir6detail33PostconditionOpGenericAdaptorBase10getMessageEv
FNL:584,6168
FNA:584,0,_ZN4mlir7cpp2fir6detail33PostconditionOpGenericAdaptorBase13getCategoriesEv
FNL:585,6173
FNA:585,0,_ZN4mlir7cpp2fir6detail33PostconditionOpGenericAdaptorBase12getAuditAttrEv
FNL:586,6180
FNA:586,0,_ZN4mlir7cpp2fir6detail33PostconditionOpGenericAdaptorBase8getAuditEv
FNL:587,6188
FNA:587,0,_ZN4mlir7cpp2fir22PostconditionOpAdaptorC1ENS0_15PostconditionOpE
FNA:587,0,_ZN4mlir7cpp2fir22PostconditionOpAdaptorC2ENS0_15PostconditionOpE
FNL:588,6190
FNA:588,0,_ZN4mlir7cpp2fir22PostconditionOpAdaptor6verifyENS_8LocationE
FNL:589,6206
FNA:589,0,_ZN4mlir7cpp2fir15PostconditionOp21setPropertiesFromAttrERNS0_6detail33PostconditionOpGenericAdaptorBase10PropertiesENS_9AttributeEN4llvm12function_refIFNS_18InFlightDiagnosticEvEEE
FNL:590,6257
FNA:590,0,_ZN4mlir7cpp2fir15PostconditionOp19getPropertiesAsAttrEPNS_11MLIRContextERKNS0_6detail33PostconditionOpGenericAdaptorBase10PropertiesE
FNL:591,6287
FNA:591,0,_ZN4mlir7cpp2fir15PostconditionOp21computePropertiesHashERKNS0_6detail33PostconditionOpGenericAdaptorBase10PropertiesE
FNL:592,6295
FNA:592,0,_ZN4mlir7cpp2fir15PostconditionOp15getInherentAttrEPNS_11MLIRContextERKNS0_6detail33PostconditionOpGenericAdaptorBase10PropertiesEN4llvm9StringRefE
FNL:593,6307
FNA:593,0,_ZN4mlir7cpp2fir15PostconditionOp15setInherentAttrERNS0_6detail33PostconditionOpGenericAdaptorBase10PropertiesEN4llvm9StringRefENS_9AttributeE
FNL:594,6324
FNA:594,0,_ZN4mlir7cpp2fir15PostconditionOp21populateInherentAttrsEPNS_11MLIRContextERKNS0_6detail33PostconditionOpGenericAdaptorBase10PropertiesERNS_13NamedAttrListE
FNL:595,6332
FNA:595,0,_ZN4mlir7cpp2fir15PostconditionOp19verifyInherentAttrsENS_13OperationNameERNS_13NamedAttrListEN4llvm12function_refIFNS_18InFlightDiagnosticEvEEE
FNL:596,6353
FNA:596,0,_ZN4mlir7cpp2fir15PostconditionOp14readPropertiesERNS_21DialectBytecodeReaderERNS_14OperationStateE
FNL:597,6366
FNA:597,0,_ZN4mlir7cpp2fir15PostconditionOp15writePropertiesERNS_21DialectBytecodeWriterE
FNL:598,6376
FNA:598,0,_ZN4mlir7cpp2fir15PostconditionOp10getMessageEv
FNL:599,6381
FNA:599,0,_ZN4mlir7cpp2fir15PostconditionOp13getCategoriesEv
FNL:600,6386
FNA:600,0,_ZN4mlir7cpp2fir15PostconditionOp8getAuditEv
FNL:601,6393
FNA:601,0,_ZN4mlir7cpp2fir15PostconditionOp10setMessageENSt3__18optionalIN4llvm9StringRefEEE
FNL:602,640
FNA:602,0,_ZN4mlir7cpp2fir5AndOp16verifyInvariantsEv
FNL:603,6401
FNA:603,0,_ZN4mlir7cpp2fir15PostconditionOp8setAuditEb
FNL:604,6409
FNA:604,0,_ZN4mlir7cpp2fir15PostconditionOp5buildERNS_9OpBuilderERNS_14OperationStateENS_5ValueENS_10StringAttrENS_9ArrayAttrENS_8UnitAttrE
FNL:605,6422
FNA:605,0,_ZN4mlir7cpp2fir15PostconditionOp6createERNS_9OpBuilderENS_8LocationENS_5ValueENS_10StringAttrENS_9ArrayAttrENS_8UnitAttrE
FNL:606,6430
FNA:606,0,_ZN4mlir7cpp2fir15PostconditionOp6createERNS_20ImplicitLocOpBuilderENS_5ValueENS_10StringAttrENS_9ArrayAttrENS_8UnitAttrE
FNL:607,6434
FNA:607,0,_ZN4mlir7cpp2fir15PostconditionOp5buildERNS_9OpBuilderERNS_14OperationStateENS_9TypeRangeENS_5ValueENS_10StringAttrENS_9ArrayAttrENS_8UnitAttrE
FNL:608,644
FNA:608,0,_ZN4mlir7cpp2fir5AndOp5parseERNS_11OpAsmParserERNS_14OperationStateE
FNL:609,6449
FNA:609,0,_ZN4mlir7cpp2fir15PostconditionOp6createERNS_9OpBuilderENS_8LocationENS_9TypeRangeENS_5ValueENS_10StringAttrENS_9ArrayAttrENS_8UnitAttrE
FNL:610,6457
FNA:610,0,_ZN4mlir7cpp2fir15PostconditionOp6createERNS_20ImplicitLocOpBuilderENS_9TypeRangeENS_5ValueENS_10StringAttrENS_9ArrayAttrENS_8UnitAttrE
FNL:611,6461
FNA:611,0,_ZN4mlir7cpp2fir15PostconditionOp5buildERNS_9OpBuilderERNS_14OperationStateENS_5ValueENS_10StringAttrENS_9ArrayAttrEb
FNL:612,6474
FNA:612,0,_ZN4mlir7cpp2fir15PostconditionOp6createERNS_9OpBuilderENS_8LocationENS_5ValueENS_10StringAttrENS_9ArrayAttrEb
FNL:613,6482
FNA:613,0,_ZN4mlir7cpp2fir15PostconditionOp6createERNS_20ImplicitLocOpBuilderENS_5ValueENS_10StringAttrENS_9ArrayAttrEb
FNL:614,6486
FNA:614,0,_ZN4mlir7cpp2fir15PostconditionOp5buildERNS_9OpBuilderERNS_14OperationStateENS_9TypeRangeENS_5ValueENS_10StringAttrENS_9ArrayAttrEb
FNL:615,6501
FNA:615,0,_ZN4mlir7cpp2fir15PostconditionOp6createERNS_9OpBuilderENS_8LocationENS_9TypeRangeENS_5ValueENS_10StringAttrENS_9ArrayAttrEb
FNL:616,6509
FNA:616,0,_ZN4mlir7cpp2fir15PostconditionOp6createERNS_20ImplicitLocOpBuilderENS_9TypeRangeENS_5ValueENS_10StringAttrENS_9ArrayAttrEb
FNL:617,6513
FNA:617,0,_ZN4mlir7cpp2fir15PostconditionOp5buildERNS_9OpBuilderERNS_14OperationStateENS_9TypeRangeENS_10ValueRangeEN4llvm8ArrayRefINS_14NamedAttributeEEE
FNL:618,6531
FNA:618,0,_ZN4mlir7cpp2fir15PostconditionOp6createERNS_9OpBuilderENS_8LocationENS_9TypeRangeENS_10ValueRangeEN4llvm8ArrayRefINS_14NamedAttributeEEE
FNL:619,6539
[...]
FNL:77,535
FNA:77,0,_ZN15cpp2_transpiler12TryStatementD0Ev
FNA:77,0,_ZN15cpp2_transpiler12TryStatementD1Ev
FNA:77,0,_ZN15cpp2_transpiler12TryStatementD2Ev
FNL:78,539,540
FNA:78,0,_ZN15cpp2_transpiler12TryStatementC1ENSt3__110unique_ptrINS_9StatementENS1_14default_deleteIS3_EEEEm
FNA:78,0,_ZN15cpp2_transpiler12TryStatementC2ENSt3__110unique_ptrINS_9StatementENS1_14default_deleteIS3_EEEEm
FNL:79,543
FNA:79,0,_ZN15cpp2_transpiler14ThrowStatementD0Ev
FNA:79,0,_ZN15cpp2_transpiler14ThrowStatementD1Ev
FNA:79,0,_ZN15cpp2_transpiler14ThrowStatementD2Ev
FNL:80,546,547
FNA:80,0,_ZN15cpp2_transpiler14ThrowStatementC1ENSt3__110unique_ptrINS_10ExpressionENS1_14default_deleteIS3_EEEEm
FNA:80,0,_ZN15cpp2_transpiler14ThrowStatementC2ENSt3__110unique_ptrINS_10ExpressionENS1_14default_deleteIS3_EEEEm
FNL:81,550
FNA:81,0,_ZN15cpp2_transpiler17ContractStatementD0Ev
FNA:81,0,_ZN15cpp2_transpiler17ContractStatementD1Ev
FNA:81,0,_ZN15cpp2_transpiler17ContractStatementD2Ev
FNL:82,553,554
FNA:82,0,_ZN15cpp2_transpiler17ContractStatementC1ENSt3__110unique_ptrINS_18ContractExpressionENS1_14default_deleteIS3_EEEEm
FNA:82,0,_ZN15cpp2_transpiler17ContractStatementC2ENSt3__110unique_ptrINS_18ContractExpressionENS1_14default_deleteIS3_EEEEm
FNL:83,567
FNA:83,0,_ZN15cpp2_transpiler21StaticAssertStatementD0Ev
FNA:83,0,_ZN15cpp2_transpiler21StaticAssertStatementD1Ev
FNA:83,0,_ZN15cpp2_transpiler21StaticAssertStatementD2Ev
FNL:84,571,572
FNA:84,0,_ZN15cpp2_transpiler21StaticAssertStatementC1ENSt3__110unique_ptrINS_10ExpressionENS1_14default_deleteIS3_EEEEm
FNA:84,0,_ZN15cpp2_transpiler21StaticAssertStatementC2ENSt3__110unique_ptrINS_10ExpressionENS1_14default_deleteIS3_EEEEm
FNL:85,580,583
FNA:85,0,_ZN15cpp2_transpiler27ChannelDeclarationStatementD0Ev
FNA:85,0,_ZN15cpp2_transpiler27ChannelDeclarationStatementD1Ev
FNA:85,0,_ZN15cpp2_transpiler27ChannelDeclarationStatementD2Ev
FNL:86,585,586
FNA:86,0,_ZN15cpp2_transpiler27ChannelDeclarationStatementC1ENSt3__112basic_stringIcNS1_11char_traitsIcEENS1_9allocatorIcEEEENS1_10unique_ptrINS_4TypeENS1_14default_deleteIS9_EEEEm
FNA:86,0,_ZN15cpp2_transpiler27ChannelDeclarationStatementC2ENSt3__112basic_stringIcNS1_11char_traitsIcEENS1_9allocatorIcEEEENS1_10unique_ptrINS_4TypeENS1_14default_deleteIS9_EEEEm
FNL:87,590
FNA:87,0,_ZN15cpp2_transpiler23CoroutineScopeStatementD0Ev
FNA:87,0,_ZN15cpp2_transpiler23CoroutineScopeStatementD1Ev
FNA:87,0,_ZN15cpp2_transpiler23CoroutineScopeStatementD2Ev
FNL:88,593,594
FNA:88,0,_ZN15cpp2_transpiler23CoroutineScopeStatementC1ENSt3__110unique_ptrINS_9StatementENS1_14default_deleteIS3_EEEEm
FNA:88,0,_ZN15cpp2_transpiler23CoroutineScopeStatementC2ENSt3__110unique_ptrINS_9StatementENS1_14default_deleteIS3_EEEEm
FNL:89,598
FNA:89,0,_ZN15cpp2_transpiler20ParallelForStatementD0Ev
FNA:89,0,_ZN15cpp2_transpiler20ParallelForStatementD1Ev
FNA:89,0,_ZN15cpp2_transpiler20ParallelForStatementD2Ev
FNL:90,606,611
FNA:90,0,_ZN15cpp2_transpiler20ParallelForStatementC1ENSt3__112basic_stringIcNS1_11char_traitsIcEENS1_9allocatorIcEEEENS1_10unique_ptrINS_10ExpressionENS1_14default_deleteIS9_EEEESC_SC_S7_NS8_INS_9StatementENSA_ISD_EEEEm
FNA:90,0,_ZN15cpp2_transpiler20ParallelForStatementC2ENSt3__112basic_stringIcNS1_11char_traitsIcEENS1_9allocatorIcEEEENS1_10unique_ptrINS_10ExpressionENS1_14default_deleteIS9_EEEESC_SC_S7_NS8_INS_9StatementENSA_ISD_EEEEm
FNL:91,633,634
FNA:91,25,_ZN15cpp2_transpiler11DeclarationC2ENS0_4KindENSt3__112basic_stringIcNS2_11char_traitsIcEENS2_9allocatorIcEEEEm
FNL:92,635,635
FNA:92,0,_ZN15cpp2_transpiler11DeclarationD0Ev
FNA:92,0,_ZN15cpp2_transpiler11DeclarationD1Ev
FNA:92,25,_ZN15cpp2_transpiler11DeclarationD2Ev
FNL:93,638,658
FNA:93,0,_ZN15cpp2_transpiler19VariableDeclarationD0Ev
FNA:93,0,_ZN15cpp2_transpiler19VariableDeclarationD1Ev
FNA:93,0,_ZN15cpp2_transpiler19VariableDeclarationD2Ev
FNL:94,660,661
FNA:94,0,_ZN15cpp2_transpiler19VariableDeclarationC1ENSt3__112basic_stringIcNS1_11char_traitsIcEENS1_9allocatorIcEEEEm
FNA:94,0,_ZN15cpp2_transpiler19VariableDeclarationC2ENSt3__112basic_stringIcNS1_11char_traitsIcEENS1_9allocatorIcEEEEm
FNL:95,664
FNA:95,25,_ZN15cpp2_transpiler19FunctionDeclarationD0Ev
FNA:95,25,_ZN15cpp2_transpiler19FunctionDeclarationD1Ev
FNA:95,25,_ZN15cpp2_transpiler19FunctionDeclarationD2Ev
FNL:96,674,698
FNA:96,25,_ZN15cpp2_transpiler19FunctionDeclaration9ParameterC1EOS1_
FNA:96,7,_ZN15cpp2_transpiler19FunctionDeclaration9ParameterC1Ev
FNA:96,25,_ZN15cpp2_transpiler19FunctionDeclaration9ParameterC2EOS1_
FNA:96,7,_ZN15cpp2_transpiler19FunctionDeclaration9ParameterC2Ev
FNA:96,43,_ZN15cpp2_transpiler19FunctionDeclaration9ParameterD1Ev
FNA:96,43,_ZN15cpp2_transpiler19FunctionDeclaration9ParameterD2Ev
FNL:97,703,704
FNA:97,25,_ZN15cpp2_transpiler19FunctionDeclarationC1ENSt3__112basic_stringIcNS1_11char_traitsIcEENS1_9allocatorIcEEEEm
FNA:97,25,_ZN15cpp2_transpiler19FunctionDeclarationC2ENSt3__112basic_stringIcNS1_11char_traitsIcEENS1_9allocatorIcEEEEm
FNL:98,707
FNA:98,0,_ZN15cpp2_transpiler15TypeDeclarationD0Ev
FNA:98,0,_ZN15cpp2_transpiler15TypeDeclarationD1Ev
FNA:98,0,_ZN15cpp2_transpiler15TypeDeclarationD2Ev
FNL:99,722,723
FNA:99,0,_ZN15cpp2_transpiler15TypeDeclarationC1ENSt3__112basic_stringIcNS1_11char_traitsIcEENS1_9allocatorIcEEEENS0_8TypeKindEm
FNA:99,0,_ZN15cpp2_transpiler15TypeDeclarationC2ENSt3__112basic_stringIcNS1_11char_traitsIcEENS1_9allocatorIcEEEENS0_8TypeKindEm
FNL:100,726
FNA:100,0,_ZN15cpp2_transpiler20NamespaceDeclarationD0Ev
FNA:100,0,_ZN15cpp2_transpiler20NamespaceDeclarationD1Ev
FNA:100,0,_ZN15cpp2_transpiler20NamespaceDeclarationD2Ev
FNL:101,729,730
FNA:101,0,_ZN15cpp2_transpiler20NamespaceDeclarationC1ENSt3__112basic_stringIcNS1_11char_traitsIcEENS1_9allocatorIcEEEEm
FNA:101,0,_ZN15cpp2_transpiler20NamespaceDeclarationC2ENSt3__112basic_stringIcNS1_11char_traitsIcEENS1_9allocatorIcEEEEm
FNL:102,73,112
FNA:102,43,_ZN15cpp2_transpiler4TypeC1ENS0_4KindE
FNA:102,43,_ZN15cpp2_transpiler4TypeC2ENS0_4KindE
FNL:103,733
FNA:103,0,_ZN15cpp2_transpiler19OperatorDeclarationD0Ev
FNA:103,0,_ZN15cpp2_transpiler19OperatorDeclarationD1Ev
FNA:103,0,_ZN15cpp2_transpiler19OperatorDeclarationD2Ev
FNL:104,738,739
FNA:104,0,_ZN15cpp2_transpiler19OperatorDeclarationC1ENSt3__112basic_stringIcNS1_11char_traitsIcEENS1_9allocatorIcEEEEm
FNA:104,0,_ZN15cpp2_transpiler19OperatorDeclarationC2ENSt3__112basic_stringIcNS1_11char_traitsIcEENS1_9allocatorIcEEEEm
FNL:105,742
FNA:105,0,_ZN15cpp2_transpiler16UsingDeclarationD0Ev
FNA:105,0,_ZN15cpp2_transpiler16UsingDeclarationD1Ev
FNA:105,0,_ZN15cpp2_transpiler16UsingDeclarationD2Ev
FNL:106,745,746
FNA:106,0,_ZN15cpp2_transpiler16UsingDeclarationC1ENSt3__112basic_stringIcNS1_11char_traitsIcEENS1_9allocatorIcEEEES7_m
FNA:106,0,_ZN15cpp2_transpiler16UsingDeclarationC2ENSt3__112basic_stringIcNS1_11char_traitsIcEENS1_9allocatorIcEEEES7_m
FNL:107,759
FNA:107,0,_ZN15cpp2_transpiler17ImportDeclarationD0Ev
FNA:107,0,_ZN15cpp2_transpiler17ImportDeclarationD1Ev
FNA:107,0,_ZN15cpp2_transpiler17ImportDeclarationD2Ev
FNL:108,762,763
FNA:108,0,_ZN15cpp2_transpiler17ImportDeclarationC1ENSt3__112basic_stringIcNS1_11char_traitsIcEENS1_9allocatorIcEEEEm
FNA:108,0,_ZN15cpp2_transpiler17ImportDeclarationC2ENSt3__112basic_stringIcNS1_11char_traitsIcEENS1_9allocatorIcEEEEm
FNL:109,768
FNA:109,0,_ZN15cpp2_transpiler20DeclarationStatementD0Ev
FNA:109,0,_ZN15cpp2_transpiler20DeclarationStatementD1Ev
FNA:109,0,_ZN15cpp2_transpiler20DeclarationStatementD2Ev
FNL:110,771,772
FNA:110,0,_ZN15cpp2_transpiler20DeclarationStatementC1ENSt3__110unique_ptrINS_11DeclarationENS1_14default_deleteIS3_EEEEm
FNA:110,0,_ZN15cpp2_transpiler20DeclarationStatementC2ENSt3__110unique_ptrINS_11DeclarationENS1_14default_deleteIS3_EEEEm
FNL:111,776
FNA:111,7,_ZN15cpp2_transpiler3ASTC1Ev
FNA:111,7,_ZN15cpp2_transpiler3ASTC2Ev
FNA:111,7,_ZN15cpp2_transpiler3ASTD1Ev
FNA:111,7,_ZN15cpp2_transpiler3ASTD2Ev
FNL:112,783,783
FNA:112,43,_ZN15cpp2_transpiler4TypeD1Ev
FNA:112,43,_ZN15cpp2_transpiler4TypeD2Ev
FNL:113,784,784
FNA:113,0,_ZN15cpp2_transpiler16LambdaExpressionD0Ev
FNA:113,0,_ZN15cpp2_transpiler16LambdaExpressionD1Ev
FNA:113,0,_ZN15cpp2_transpiler16LambdaExpressionD2Ev
FNF:114
FNH:26
DA:61,43
DA:62,43
DA:69,43
DA:70,43
DA:71,43
DA:73,172
DA:110,42
DA:111,42
DA:112,42
DA:116,84
DA:117,42
DA:124,90
DA:125,90
DA:126,0
DA:127,0
DA:128,0
DA:129,0
DA:130,0
DA:131,0
DA:132,0
DA:133,0
DA:139,4
DA:140,4
DA:148,18
DA:150,18
DA:151,27
DA:159,0
DA:161,0
DA:162,0
DA:168,1
DA:170,3
DA:171,3
DA:178,0
DA:179,0
DA:185,0
DA:187,0
DA:188,0
DA:205,0
DA:208,0
DA:209,0
DA:210,0
DA:211,0
DA:227,0
DA:235,0
DA:236,0
DA:243,0
DA:244,0
DA:258,0
DA:260,0
DA:266,0
DA:273,0
DA:274,0
DA:281,0
DA:282,0
DA:305,0
DA:306,0
DA:309,0
DA:310,0
DA:322,0
DA:323,0
DA:331,0
DA:332,0
DA:340,0
DA:341,0
DA:349,0
DA:350,0
DA:365,0
DA:366,0
DA:383,0
DA:384,0
DA:416,33
DA:417,33
DA:423,2
DA:424,2
DA:433,20
DA:441,0
DA:444,0
DA:445,0
DA:446,0
DA:447,0
DA:454,0
DA:456,0
DA:457,0
DA:458,0
DA:467,0
DA:471,0
DA:472,0
DA:473,0
DA:474,0
DA:475,0
DA:484,0
DA:487,0
DA:488,0
DA:489,0
DA:490,0
DA:491,0
DA:499,0
DA:500,0
DA:516,0
DA:517,0
DA:523,44
DA:524,44
DA:528,0
DA:532,0
DA:539,0
DA:540,0
DA:546,0
DA:547,0
DA:553,0
DA:554,0
DA:571,0
DA:572,0
DA:583,0
DA:585,0
DA:586,0
DA:593,0
DA:594,0
DA:606,0
DA:609,0
DA:610,0
DA:611,0
DA:633,25
DA:634,25
DA:635,25
DA:650,0
DA:651,0
DA:652,0
DA:656,0
DA:657,0
DA:658,0
DA:660,0
DA:661,0
DA:686,25
DA:687,25
DA:688,25
DA:689,25
DA:692,25
DA:693,25
DA:694,25
DA:697,25
DA:698,25
DA:703,64
DA:704,57
DA:722,0
DA:723,0
DA:729,0
DA:730,0
DA:738,0
DA:739,0
DA:745,0
DA:746,0
DA:762,0
DA:763,0
DA:771,0
DA:772,0
DA:783,86
DA:784,0
LF:157
LH:43
end_of_record
TN:
SF:/Users/jim/work/cppfort/include/diagnostic_collector.hpp
FNL:0,19,19
FNA:0,9,_ZN15cpp2_transpiler10DiagnosticC1EOS0_
FNA:0,12,_ZN15cpp2_transpiler10DiagnosticC1ERKS0_
FNA:0,9,_ZN15cpp2_transpiler10DiagnosticC2EOS0_
FNA:0,12,_ZN15cpp2_transpiler10DiagnosticC2ERKS0_
FNA:0,35,_ZN15cpp2_transpiler10DiagnosticD1Ev
FNA:0,35,_ZN15cpp2_transpiler10DiagnosticD2Ev
FNL:1,24,25
FNA:1,14,_ZN15cpp2_transpiler10DiagnosticC1ENS_18DiagnosticSeverityERKNSt3__112basic_stringIcNS2_11char_traitsIcEENS2_9allocatorIcEEEESA_
FNA:1,14,_ZN15cpp2_transpiler10DiagnosticC2ENS_18DiagnosticSeverityERKNSt3__112basic_stringIcNS2_11char_traitsIcEENS2_9allocatorIcEEEESA_
FNL:2,29
FNA:2,8,_ZN15cpp2_transpiler19DiagnosticCollectorD1Ev
FNA:2,8,_ZN15cpp2_transpiler19DiagnosticCollectorD2Ev
FNL:3,31,32
FNA:3,8,_ZN15cpp2_transpiler19DiagnosticCollectorC1EPN4mlir11MLIRContextE
FNA:3,8,_ZN15cpp2_transpiler19DiagnosticCollectorC2EPN4mlir11MLIRContextE
FNL:4,44,45
FNA:4,6,_ZNK15cpp2_transpiler19DiagnosticCollector14getDiagnosticsEv
FNL:5,55,56
FNA:5,2,_ZNK15cpp2_transpiler19DiagnosticCollector14hasDiagnosticsEv
FNF:6
FNH:6
DA:19,12
DA:24,28
DA:25,28
DA:31,24
DA:32,24
DA:44,6
DA:45,6
DA:55,2
DA:56,2
LF:9
LH:9
end_of_record
TN:
SF:/Users/jim/work/cppfort/include/lexer.hpp
FNL:0,184,185
FNA:0,180,_ZN15cpp2_transpiler5TokenC1ENS_9TokenTypeENSt3__117basic_string_viewIcNS2_11char_traitsIcEEEEmmm
FNA:0,180,_ZN15cpp2_transpiler5TokenC2ENS_9TokenTypeENSt3__117basic_string_viewIcNS2_11char_traitsIcEEEEmmm
FNL:1,188
FNA:1,15,_ZN15cpp2_transpiler5LexerD1Ev
FNA:1,15,_ZN15cpp2_transpiler5LexerD2Ev
FNF:2
FNH:2
DA:184,360
DA:185,360
LF:2
LH:2
end_of_record
TN:
SF:/Users/jim/work/cppfort/include/mlir_cpp2_dialect.hpp
FNL:0,157,161
FNA:0,16,_ZN7cppfort8mlir_son9CRDTGraphC1Ev
FNA:0,16,_ZN7cppfort8mlir_son9CRDTGraphC2Ev
FNA:0,16,_ZN7cppfort8mlir_son9CRDTGraphD1Ev
FNA:0,16,_ZN7cppfort8mlir_son9CRDTGraphD2Ev
FNL:1,165,165
FNA:1,15,_ZN7cppfort8mlir_son9CRDTGraph11generate_idEv
FNL:2,173,175
FNA:2,37,_ZNK7cppfort8mlir_son9CRDTGraph8get_nodeEy
FNL:3,177,177
FNA:3,8,_ZNK7cppfort8mlir_son9CRDTGraph9get_nodesEv
FNL:4,18,18
FNA:4,58,_ZN7cppfort8mlir_son4NodeC1EOS1_
FNA:4,37,_ZN7cppfort8mlir_son4NodeC1ERKS1_
FNA:4,58,_ZN7cppfort8mlir_son4NodeC2EOS1_
FNA:4,37,_ZN7cppfort8mlir_son4NodeC2ERKS1_
FNA:4,223,_ZN7cppfort8mlir_son4NodeD1Ev
FNA:4,223,_ZN7cppfort8mlir_son4NodeD2Ev
FNA:4,75,_ZN7cppfort8mlir_son4NodeaSERKS1_
FNL:5,180,186
FNA:5,0,_ZNK7cppfort8mlir_son9CRDTGraph16get_predecessorsEy
FNL:6,188,190
FNA:6,4,_ZNK7cppfort8mlir_son9CRDTGraph11get_outputsEy
FNL:7,51,51
FNA:7,107,_ZN7cppfort8mlir_son4NodeC1Ev
FNA:7,107,_ZN7cppfort8mlir_son4NodeC2Ev
FNL:8,52,52
FNA:8,21,_ZN7cppfort8mlir_son4NodeC1ENS1_4KindEy
FNA:8,21,_ZN7cppfort8mlir_son4NodeC2ENS1_4KindEy
FNL:9,56,58
FNA:9,66,_ZN7cppfort8mlir_son5PatchC1EOS1_
FNA:9,56,_ZN7cppfort8mlir_son5PatchC1ERKS1_
FNA:9,66,_ZN7cppfort8mlir_son5PatchC2EOS1_
FNA:9,56,_ZN7cppfort8mlir_son5PatchC2ERKS1_
FNA:9,177,_ZN7cppfort8mlir_son5PatchD1Ev
FNA:9,177,_ZN7cppfort8mlir_son5PatchD2Ev
FNL:10,61,61
FNA:10,55,_ZN7cppfort8mlir_son5PatchC1Ev
FNA:10,55,_ZN7cppfort8mlir_son5PatchC2Ev
FNL:11,67
FNA:11,0,_ZN7cppfort8mlir_son10AliasClassD1Ev
FNA:11,0,_ZN7cppfort8mlir_son10AliasClassD2Ev
FNF:12
FNH:10
DA:18,37
DA:51,214
DA:52,42
DA:57,55
DA:58,55
DA:61,165
DA:157,16
DA:161,16
DA:165,15
DA:173,37
DA:174,37
DA:175,37
DA:177,8
DA:180,0
DA:181,0
DA:182,0
DA:183,0
DA:185,0
DA:186,0
DA:188,4
DA:189,4
DA:190,4
LF:22
LH:16
end_of_record
TN:
SF:/Users/jim/work/cppfort/include/parser.hpp
FNL:0,13
FNA:0,7,_ZN15cpp2_transpiler6ParserD1Ev
FNA:0,7,_ZN15cpp2_transpiler6ParserD2Ev
FNF:1
FNH:1
LF:0
LH:0
end_of_record
TN:
SF:/Users/jim/work/cppfort/include/utils.hpp
FNL:0,12,15
FNA:0,205,_ZNK15cpp2_transpiler16SimpleStringHashclERKNSt3__112basic_stringIcNS1_11char_traitsIcEENS1_9allocatorIcEEEE
FNF:1
FNH:1
DA:12,205
DA:13,205
DA:14,1186
DA:15,205
LF:4
LH:4
end_of_record
TN:
SF:/Users/jim/work/cppfort/src/Cpp2FIRDialect.cpp
FNL:0,15,20
FNA:0,19,_ZN4mlir7cpp2fir14Cpp2FIRDialect10initializeEv
FNL:1,23,33
FNA:1,48,_ZN4mlir7cpp2fir10ConstantOp5printERNS_12OpAsmPrinterE
FNL:2,35,59
FNA:2,0,_ZN4mlir7cpp2fir10ConstantOp5parseERNS_11OpAsmParserERNS_14OperationStateE
FNF:3
FNH:2
DA:15,19
DA:16,19
DA:20,19
DA:23,48
DA:24,48
DA:25,48
DA:26,48
DA:29,48
DA:30,0
DA:31,0
DA:32,0
DA:33,48
DA:35,0
DA:36,0
DA:39,0
DA:40,0
DA:43,0
DA:44,0
DA:47,0
DA:48,0
DA:49,0
DA:50,0
DA:52,0
DA:53,0
DA:56,0
DA:57,0
DA:58,0
DA:59,0
LF:28
LH:9
end_of_record
TN:
SF:/Users/jim/work/cppfort/src/Cpp2SONDialect.cpp
FNL:0,121,144
FNA:0,0,_ZN4mlir4sond5SubOp4foldENS0_19SubOpGenericAdaptorIN4llvm8ArrayRefINS_9AttributeEEEEE
FNL:1,146,174
FNA:1,0,_ZN4mlir4sond5MulOp4foldENS0_19MulOpGenericAdaptorIN4llvm8ArrayRefINS_9AttributeEEEEE
FNL:2,176,209
FNA:2,0,_ZN4mlir4sond5DivOp4foldENS0_19DivOpGenericAdaptorIN4llvm8ArrayRefINS_9AttributeEEEEE
FNL:3,211,219
FNA:3,0,_ZN4mlir4sond7MinusOp4foldENS0_21MinusOpGenericAdaptorIN4llvm8ArrayRefINS_9AttributeEEEEE
FNL:4,225,237
FNA:4,0,_ZN4mlir4sond6AddFOp4foldENS0_20AddFOpGenericAdaptorIN4llvm8ArrayRefINS_9AttributeEEEEE
FNL:5,239,251
FNA:5,0,_ZN4mlir4sond6SubFOp4foldENS0_20SubFOpGenericAdaptorIN4llvm8ArrayRefINS_9AttributeEEEEE
FNL:6,253,265
FNA:6,0,_ZN4mlir4sond6MulFOp4foldENS0_20MulFOpGenericAdaptorIN4llvm8ArrayRefINS_9AttributeEEEEE
FNL:7,267,281
FNA:7,0,_ZN4mlir4sond6DivFOp4foldENS0_20DivFOpGenericAdaptorIN4llvm8ArrayRefINS_9AttributeEEEEE
FNL:8,28,45
FNA:8,8,_ZN4mlir4sond14Cpp2SONDialect10initializeEv
FNL:9,283,291
FNA:9,0,_ZN4mlir4sond8MinusFOp4foldENS0_22MinusFOpGenericAdaptorIN4llvm8ArrayRefINS_9AttributeEEEEE
FNL:10,297,331
FNA:10,0,_ZN4mlir4sond5AndOp4foldENS0_19AndOpGenericAdaptorIN4llvm8ArrayRefINS_9AttributeEEEEE
FNL:11,333,362
FNA:11,0,_ZN4mlir4sond4OrOp4foldENS0_18OrOpGenericAdaptorIN4llvm8ArrayRefINS_9AttributeEEEEE
FNL:12,364,390
FNA:12,0,_ZN4mlir4sond5XorOp4foldENS0_19XorOpGenericAdaptorIN4llvm8ArrayRefINS_9AttributeEEEEE
FNL:13,392,404
FNA:13,0,_ZN4mlir4sond5NotOp4foldENS0_19NotOpGenericAdaptorIN4llvm8ArrayRefINS_9AttributeEEEEE
FNL:14,406,425
FNA:14,0,_ZN4mlir4sond5ShlOp4foldENS0_19ShlOpGenericAdaptorIN4llvm8ArrayRefINS_9AttributeEEEEE
FNL:15,427,448
FNA:15,0,_ZN4mlir4sond5ShrOp4foldENS0_19ShrOpGenericAdaptorIN4llvm8ArrayRefINS_9AttributeEEEEE
FNL:16,450,470
FNA:16,0,_ZN4mlir4sond5SarOp4foldENS0_19SarOpGenericAdaptorIN4llvm8ArrayRefINS_9AttributeEEEEE
FNL:17,476,539
FNA:17,0,_ZN4mlir4sond5CmpOp4foldENS0_19CmpOpGenericAdaptorIN4llvm8ArrayRefINS_9AttributeEEEEE
FNL:18,52,60
FNA:18,0,_ZL8evalICmpN4llvm9StringRefExx
FNL:19,545,555
FNA:19,0,_ZN4mlir4sond10ConstantOp5printERNS_12OpAsmPrinterE
FNL:20,557,581
FNA:20,0,_ZN4mlir4sond10ConstantOp5parseERNS_11OpAsmParserERNS_14OperationStateE
FNL:21,588,594
FNA:21,0,_ZN4mlir4sond5AddOp27getCanonicalizationPatternsERNS_17RewritePatternSetEPNS_11MLIRContextE
FNL:22,596,600
FNA:22,0,_ZN4mlir4sond5SubOp27getCanonicalizationPatternsERNS_17RewritePatternSetEPNS_11MLIRContextE
FNL:23,602,606
FNA:23,0,_ZN4mlir4sond5MulOp27getCanonicalizationPatternsERNS_17RewritePatternSetEPNS_11MLIRContextE
FNL:24,63,71
FNA:24,0,_ZL8evalFCmpN4llvm9StringRefEdd
FNL:25,98,119
FNA:25,0,_ZN4mlir4sond5AddOp4foldENS0_19AddOpGenericAdaptorIN4llvm8ArrayRefINS_9AttributeEEEEE
FNF:26
FNH:1
DA:28,8
DA:29,8
DA:35,8
DA:41,8
DA:45,8
DA:52,0
DA:53,0
DA:54,0
DA:55,0
DA:56,0
DA:57,0
DA:58,0
DA:59,0
DA:60,0
DA:63,0
DA:64,0
DA:65,0
DA:66,0
DA:67,0
DA:68,0
DA:69,0
DA:70,0
DA:71,0
DA:98,0
DA:99,0
DA:100,0
DA:101,0
DA:104,0
DA:105,0
DA:106,0
DA:108,0
DA:111,0
DA:112,0
DA:113,0
DA:114,0
DA:115,0
DA:116,0
DA:118,0
DA:119,0
DA:121,0
DA:122,0
DA:123,0
DA:126,0
DA:127,0
DA:130,0
DA:132,0
DA:133,0
DA:134,0
DA:136,0
DA:139,0
DA:140,0
DA:141,0
DA:143,0
DA:144,0
DA:146,0
DA:147,0
DA:148,0
DA:149,0
DA:151,0
DA:152,0
DA:153,0
DA:155,0
DA:158,0
DA:159,0
DA:160,0
DA:161,0
DA:162,0
DA:163,0
DA:166,0
DA:167,0
DA:168,0
DA:169,0
DA:170,0
DA:171,0
DA:173,0
DA:174,0
DA:176,0
DA:177,0
DA:178,0
DA:181,0
DA:182,0
DA:183,0
DA:184,0
DA:185,0
DA:186,0
DA:188,0
DA:190,0
DA:191,0
DA:192,0
DA:193,0
DA:194,0
DA:196,0
DA:199,0
DA:200,0
DA:201,0
DA:204,0
DA:205,0
DA:206,0
DA:208,0
DA:209,0
DA:211,0
DA:212,0
DA:213,0
DA:215,0
DA:216,0
DA:218,0
DA:219,0
DA:225,0
DA:226,0
DA:227,0
DA:228,0
DA:230,0
DA:231,0
DA:232,0
DA:233,0
DA:235,0
DA:236,0
DA:237,0
DA:239,0
DA:240,0
DA:241,0
DA:242,0
DA:244,0
DA:245,0
DA:246,0
DA:247,0
DA:249,0
DA:250,0
DA:251,0
DA:253,0
DA:254,0
DA:255,0
DA:256,0
DA:258,0
DA:259,0
DA:260,0
DA:261,0
DA:263,0
DA:264,0
DA:265,0
DA:267,0
DA:268,0
DA:269,0
DA:270,0
DA:272,0
DA:273,0
DA:274,0
DA:275,0
DA:276,0
DA:277,0
DA:279,0
DA:280,0
DA:281,0
DA:283,0
DA:284,0
DA:285,0
DA:287,0
DA:288,0
DA:290,0
DA:291,0
DA:297,0
DA:298,0
DA:299,0
DA:302,0
DA:304,0
DA:306,0
DA:307,0
DA:308,0
DA:310,0
DA:311,0
DA:312,0
DA:313,0
DA:315,0
DA:318,0
DA:319,0
DA:320,0
DA:321,0
DA:322,0
DA:323,0
DA:326,0
DA:327,0
DA:328,0
DA:330,0
DA:331,0
DA:333,0
DA:334,0
DA:335,0
DA:338,0
DA:340,0
DA:342,0
DA:343,0
DA:344,0
DA:346,0
DA:347,0
DA:348,0
DA:349,0
DA:351,0
DA:354,0
DA:355,0
DA:356,0
DA:357,0
DA:358,0
DA:359,0
DA:361,0
DA:362,0
DA:364,0
DA:365,0
DA:366,0
DA:369,0
DA:370,0
DA:373,0
DA:375,0
DA:376,0
DA:377,0
DA:379,0
DA:382,0
DA:383,0
DA:384,0
DA:385,0
DA:386,0
DA:387,0
DA:389,0
DA:390,0
DA:392,0
DA:393,0
DA:394,0
DA:396,0
DA:397,0
DA:399,0
DA:401,0
DA:403,0
DA:404,0
DA:406,0
DA:407,0
DA:408,0
DA:409,0
DA:411,0
DA:412,0
DA:413,0
DA:414,0
DA:415,0
DA:417,0
DA:420,0
DA:421,0
DA:422,0
DA:424,0
DA:425,0
DA:427,0
DA:428,0
DA:429,0
DA:430,0
DA:432,0
DA:433,0
DA:434,0
DA:435,0
DA:437,0
DA:438,0
DA:440,0
DA:443,0
DA:444,0
DA:445,0
DA:447,0
DA:448,0
DA:450,0
DA:451,0
DA:452,0
DA:453,0
DA:455,0
DA:456,0
DA:457,0
DA:458,0
DA:460,0
DA:462,0
DA:465,0
DA:466,0
DA:467,0
DA:469,0
DA:470,0
DA:476,0
DA:477,0
DA:478,0
DA:481,0
DA:482,0
DA:484,0
DA:485,0
DA:486,0
DA:487,0
DA:488,0
DA:490,0
DA:493,0
DA:494,0
DA:495,0
DA:496,0
DA:497,0
DA:499,0
DA:501,0
DA:503,0
DA:505,0
DA:506,0
DA:509,0
DA:510,0
DA:511,0
DA:512,0
DA:514,0
DA:515,0
DA:516,0
DA:518,0
DA:520,0
DA:523,0
DA:524,0
DA:525,0
DA:526,0
DA:527,0
DA:528,0
DA:530,0
DA:531,0
DA:532,0
DA:534,0
DA:536,0
DA:538,0
DA:539,0
DA:545,0
DA:546,0
DA:547,0
DA:548,0
DA:551,0
DA:552,0
DA:553,0
DA:554,0
DA:555,0
DA:557,0
DA:558,0
DA:561,0
DA:562,0
DA:565,0
DA:566,0
DA:569,0
DA:570,0
DA:571,0
DA:572,0
DA:574,0
DA:575,0
DA:578,0
DA:579,0
DA:580,0
DA:581,0
DA:588,0
DA:594,0
DA:596,0
DA:600,0
DA:602,0
DA:606,0
LF:352
LH:5
end_of_record
TN:
SF:/Users/jim/work/cppfort/src/FIRSCCPPass.cpp
